TN:
SF:components/AILeaderboard.tsx
FN:30,(anonymous_0)
FN:38,(anonymous_1)
FN:44,(anonymous_2)
FN:168,(anonymous_3)
FN:170,(anonymous_4)
FNF:5
FNH:0
FNDA:0,(anonymous_0)
FNDA:0,(anonymous_1)
FNDA:0,(anonymous_2)
FNDA:0,(anonymous_3)
FNDA:0,(anonymous_4)
DA:30,0
DA:34,0
DA:35,0
DA:38,0
DA:40,0
DA:44,0
DA:46,0
DA:49,0
DA:51,0
DA:137,0
DA:168,0
DA:171,0
DA:195,0
LF:13
LH:0
BRDA:49,0,0,0
BRDA:49,0,1,0
BRDA:54,1,0,0
BRDA:54,1,1,0
BRDA:60,2,0,0
BRDA:60,2,1,0
BRDA:70,3,0,0
BRDA:70,3,1,0
BRDA:74,4,0,0
BRDA:74,4,1,0
BRDA:77,5,0,0
BRDA:77,5,1,0
BRDA:94,6,0,0
BRDA:94,6,1,0
BRDA:98,7,0,0
BRDA:98,7,1,0
BRDA:101,8,0,0
BRDA:101,8,1,0
BRDA:115,9,0,0
BRDA:115,9,1,0
BRDA:123,10,0,0
BRDA:123,10,1,0
BRDA:125,11,0,0
BRDA:125,11,1,0
BRDA:140,12,0,0
BRDA:140,12,1,0
BRDA:157,13,0,0
BRDA:157,13,1,0
BRDA:173,14,0,0
BRDA:173,14,1,0
BRDA:178,15,0,0
BRDA:178,15,1,0
BRF:32
BRH:0
end_of_record
TN:
SF:components/AIPickCard.tsx
FN:27,(anonymous_0)
FN:45,(anonymous_1)
FN:52,(anonymous_2)
FN:178,(anonymous_3)
FNF:4
FNH:0
FNDA:0,(anonymous_0)
FNDA:0,(anonymous_1)
FNDA:0,(anonymous_2)
FNDA:0,(anonymous_3)
DA:27,0
DA:41,0
DA:42,0
DA:45,0
DA:46,0
DA:47,0
DA:48,0
DA:52,0
DA:53,0
DA:54,0
DA:55,0
DA:56,0
DA:57,0
DA:61,0
DA:64,0
DA:65,0
DA:67,0
DA:178,0
DA:188,0
LF:19
LH:0
BRDA:34,0,0,0
BRDA:46,1,0,0
BRDA:46,1,1,0
BRDA:47,2,0,0
BRDA:47,2,1,0
BRDA:53,3,0,0
BRDA:53,3,1,0
BRDA:54,4,0,0
BRDA:54,4,1,0
BRDA:55,5,0,0
BRDA:55,5,1,0
BRDA:56,6,0,0
BRDA:56,6,1,0
BRDA:61,7,0,0
BRDA:61,7,1,0
BRDA:64,8,0,0
BRDA:64,8,1,0
BRDA:64,9,0,0
BRDA:64,9,1,0
BRDA:64,10,0,0
BRDA:64,10,1,0
BRDA:65,11,0,0
BRDA:65,11,1,0
BRDA:71,12,0,0
BRDA:71,12,1,0
BRDA:74,13,0,0
BRDA:74,13,1,0
BRDA:84,14,0,0
BRDA:84,14,1,0
BRDA:99,15,0,0
BRDA:99,15,1,0
BRDA:122,16,0,0
BRDA:122,16,1,0
BRDA:126,17,0,0
BRDA:126,17,1,0
BRDA:137,18,0,0
BRDA:137,18,1,0
BRDA:141,19,0,0
BRDA:141,19,1,0
BRDA:170,20,0,0
BRDA:170,20,1,0
BRDA:175,21,0,0
BRDA:175,21,1,0
BRF:43
BRH:0
end_of_record
TN:
SF:components/AccessibleText.tsx
FN:84,(anonymous_0)
FN:110,(anonymous_1)
FN:111,(anonymous_2)
FN:115,(anonymous_3)
FNF:4
FNH:0
FNDA:0,(anonymous_0)
FNDA:0,(anonymous_1)
FNDA:0,(anonymous_2)
FNDA:0,(anonymous_3)
DA:84,0
DA:102,0
DA:107,0
DA:110,0
DA:111,0
DA:112,0
DA:115,0
DA:116,0
DA:121,0
DA:126,0
DA:129,0
DA:134,0
DA:144,0
DA:155,0
DA:167,0
LF:15
LH:0
BRDA:89,0,0,0
BRDA:90,1,0,0
BRDA:91,2,0,0
BRDA:98,3,0,0
BRDA:99,4,0,0
BRDA:121,5,0,0
BRDA:121,5,1,0
BRDA:121,5,2,0
BRDA:126,6,0,0
BRDA:126,6,1,0
BRDA:129,7,0,0
BRDA:129,7,1,0
BRDA:129,7,2,0
BRDA:134,8,0,0
BRDA:134,8,1,0
BRDA:145,9,0,0
BRDA:145,9,1,0
BRDA:147,10,0,0
BRDA:147,10,1,0
BRDA:148,11,0,0
BRDA:148,11,1,0
BRDA:149,12,0,0
BRDA:149,12,1,0
BRDA:150,13,0,0
BRDA:150,13,1,0
BRDA:151,14,0,0
BRDA:151,14,1,0
BRDA:152,15,0,0
BRDA:152,15,1,0
BRF:29
BRH:0
end_of_record
TN:
SF:components/AccessibleView.tsx
FN:59,(anonymous_0)
FN:81,(anonymous_1)
FN:82,(anonymous_2)
FN:86,(anonymous_3)
FN:160,(anonymous_4)
FN:186,(anonymous_5)
FNF:6
FNH:0
FNDA:0,(anonymous_0)
FNDA:0,(anonymous_1)
FNDA:0,(anonymous_2)
FNDA:0,(anonymous_3)
FNDA:0,(anonymous_4)
FNDA:0,(anonymous_5)
DA:59,0
DA:72,0
DA:77,0
DA:78,0
DA:81,0
DA:82,0
DA:83,0
DA:86,0
DA:87,0
DA:92,0
DA:97,0
DA:102,0
DA:112,0
DA:118,0
DA:160,0
DA:161,0
DA:164,0
DA:167,0
DA:169,0
DA:173,0
DA:186,0
DA:187,0
DA:190,0
DA:192,0
DA:199,0
DA:202,0
LF:26
LH:0
BRDA:64,0,0,0
BRDA:65,1,0,0
BRDA:92,2,0,0
BRDA:92,2,1,0
BRDA:92,2,2,0
BRDA:97,3,0,0
BRDA:97,3,1,0
BRDA:97,3,2,0
BRDA:102,4,0,0
BRDA:102,4,1,0
BRDA:114,5,0,0
BRDA:114,5,1,0
BRDA:115,6,0,0
BRDA:115,6,1,0
BRDA:164,7,0,0
BRDA:164,7,1,0
BRDA:169,8,0,0
BRDA:169,8,1,0
BRDA:175,9,0,0
BRDA:175,9,1,0
BRDA:176,10,0,0
BRDA:176,10,1,0
BRDA:177,11,0,0
BRDA:177,11,1,0
BRDA:187,12,0,0
BRDA:187,12,1,0
BRDA:190,13,0,0
BRDA:190,13,1,0
BRF:28
BRH:0
end_of_record
TN:
SF:components/AchievementBadge.tsx
FN:11,(anonymous_0)
FNF:1
FNH:0
FNDA:0,(anonymous_0)
DA:11,0
DA:15,0
DA:17,0
DA:75,0
LF:4
LH:0
BRDA:22,0,0,0
BRDA:22,0,1,0
BRDA:23,1,0,0
BRDA:23,1,1,0
BRDA:25,2,0,0
BRDA:25,2,1,0
BRDA:34,3,0,0
BRDA:34,3,1,0
BRDA:36,4,0,0
BRDA:36,4,1,0
BRDA:37,5,0,0
BRDA:37,5,1,0
BRDA:57,6,0,0
BRDA:57,6,1,0
BRDA:62,7,0,0
BRDA:62,7,1,0
BRDA:62,7,2,0
BRF:17
BRH:0
end_of_record
TN:
SF:components/AdvancedPlayerMetricsCard.tsx
FN:22,(anonymous_0)
FN:42,(anonymous_1)
FN:48,(anonymous_2)
FN:59,(anonymous_3)
FN:60,(anonymous_4)
FN:86,(anonymous_5)
FN:317,(anonymous_6)
FNF:7
FNH:0
FNDA:0,(anonymous_0)
FNDA:0,(anonymous_1)
FNDA:0,(anonymous_2)
FNDA:0,(anonymous_3)
FNDA:0,(anonymous_4)
FNDA:0,(anonymous_5)
FNDA:0,(anonymous_6)
DA:22,0
DA:28,0
DA:29,0
DA:30,0
DA:31,0
DA:34,0
DA:37,0
DA:38,0
DA:39,0
DA:42,0
DA:43,0
DA:44,0
DA:48,0
DA:49,0
DA:50,0
DA:54,0
DA:59,0
DA:60,0
DA:75,0
DA:78,0
DA:81,0
DA:86,0
DA:94,0
DA:95,0
DA:139,0
DA:318,0
DA:375,0
LF:27
LH:0
BRDA:25,0,0,0
BRDA:26,1,0,0
BRDA:34,2,0,0
BRDA:34,2,1,0
BRDA:37,3,0,0
BRDA:37,3,1,0
BRDA:38,4,0,0
BRDA:38,4,1,0
BRDA:39,5,0,0
BRDA:39,5,1,0
BRDA:43,6,0,0
BRDA:43,6,1,0
BRDA:49,7,0,0
BRDA:49,7,1,0
BRDA:59,8,0,0
BRDA:60,9,0,0
BRDA:60,10,0,0
BRDA:60,10,1,0
BRDA:78,11,0,0
BRDA:78,11,1,0
BRDA:81,12,0,0
BRDA:81,12,1,0
BRDA:85,13,0,0
BRDA:85,13,1,0
BRDA:86,14,0,0
BRDA:94,15,0,0
BRDA:94,15,1,0
BRDA:113,16,0,0
BRDA:113,16,1,0
BRDA:113,17,0,0
BRDA:113,17,1,0
BRDA:128,18,0,0
BRDA:128,18,1,0
BRDA:147,19,0,0
BRDA:147,19,1,0
BRDA:165,20,0,0
BRDA:165,20,1,0
BRDA:165,21,0,0
BRDA:165,21,1,0
BRDA:184,22,0,0
BRDA:184,22,1,0
BRDA:184,23,0,0
BRDA:184,23,1,0
BRDA:194,24,0,0
BRDA:194,24,1,0
BRDA:201,25,0,0
BRDA:201,25,1,0
BRDA:217,26,0,0
BRDA:217,26,1,0
BRDA:217,27,0,0
BRDA:217,27,1,0
BRDA:227,28,0,0
BRDA:227,28,1,0
BRDA:234,29,0,0
BRDA:234,29,1,0
BRDA:241,30,0,0
BRDA:241,30,1,0
BRDA:257,31,0,0
BRDA:257,31,1,0
BRDA:257,32,0,0
BRDA:257,32,1,0
BRDA:270,33,0,0
BRDA:270,33,1,0
BRDA:270,34,0,0
BRDA:270,34,1,0
BRDA:272,35,0,0
BRDA:272,35,1,0
BRDA:272,36,0,0
BRDA:272,36,1,0
BRDA:295,37,0,0
BRDA:295,37,1,0
BRDA:295,38,0,0
BRDA:295,38,1,0
BRDA:297,39,0,0
BRDA:297,39,1,0
BRDA:297,40,0,0
BRDA:297,40,1,0
BRDA:310,41,0,0
BRDA:310,41,1,0
BRDA:310,41,2,0
BRDA:314,42,0,0
BRDA:314,42,1,0
BRF:82
BRH:0
end_of_record
TN:
SF:components/AnimatedTransition.tsx
FN:51,(anonymous_0)
FN:71,(anonymous_1)
FN:159,(anonymous_2)
FNF:3
FNH:0
FNDA:0,(anonymous_0)
FNDA:0,(anonymous_1)
FNDA:0,(anonymous_2)
DA:51,0
DA:62,0
DA:63,0
DA:64,0
DA:65,0
DA:68,0
DA:71,0
DA:72,0
DA:74,0
DA:77,0
DA:88,0
DA:90,0
DA:99,0
DA:101,0
DA:110,0
DA:113,0
DA:114,0
DA:123,0
DA:125,0
DA:134,0
DA:137,0
DA:141,0
DA:144,0
DA:146,0
DA:147,0
DA:148,0
DA:149,0
DA:150,0
DA:151,0
DA:152,0
DA:153,0
DA:159,0
DA:160,0
DA:162,0
DA:165,0
DA:167,0
DA:169,0
DA:173,0
LF:38
LH:0
BRDA:53,0,0,0
BRDA:54,1,0,0
BRDA:55,2,0,0
BRDA:56,3,0,0
BRDA:58,4,0,0
BRDA:59,5,0,0
BRDA:72,6,0,0
BRDA:72,6,1,0
BRDA:88,7,0,0
BRDA:88,7,1,0
BRDA:88,7,2,0
BRDA:88,7,3,0
BRDA:88,7,4,0
BRDA:146,8,0,0
BRDA:146,8,1,0
BRDA:148,9,0,0
BRDA:148,9,1,0
BRDA:150,10,0,0
BRDA:150,10,1,0
BRDA:152,11,0,0
BRDA:152,11,1,0
BRDA:160,12,0,0
BRDA:160,12,1,0
BRDA:160,12,2,0
BRDA:160,12,3,0
BRDA:160,12,4,0
BRF:26
BRH:0
end_of_record
TN:
SF:components/AutoResubscribeToggle.tsx
FN:14,(anonymous_0)
FN:20,(anonymous_1)
FN:24,(anonymous_2)
FN:45,(anonymous_3)
FNF:4
FNH:0
FNDA:0,(anonymous_0)
FNDA:0,(anonymous_1)
FNDA:0,(anonymous_2)
FNDA:0,(anonymous_3)
DA:14,0
DA:15,0
DA:16,0
DA:18,0
DA:20,0
DA:21,0
DA:24,0
DA:25,0
DA:26,0
DA:27,0
DA:28,0
DA:29,0
DA:30,0
DA:34,0
DA:35,0
DA:36,0
DA:39,0
DA:41,0
DA:45,0
DA:46,0
DA:47,0
DA:48,0
DA:51,0
DA:53,0
DA:54,0
DA:57,0
DA:63,0
DA:71,0
DA:72,0
DA:74,0
DA:78,0
DA:79,0
DA:82,0
DA:110,0
LF:34
LH:0
BRDA:28,0,0,0
BRDA:28,0,1,0
BRDA:28,1,0,0
BRDA:28,1,1,0
BRDA:35,2,0,0
BRDA:35,2,1,0
BRDA:36,3,0,0
BRDA:36,3,1,0
BRDA:48,4,0,0
BRDA:48,4,1,0
BRDA:48,5,0,0
BRDA:48,5,1,0
BRDA:53,6,0,0
BRDA:53,6,1,0
BRDA:53,7,0,0
BRDA:53,7,1,0
BRDA:58,8,0,0
BRDA:58,8,1,0
BRDA:64,9,0,0
BRDA:64,9,1,0
BRDA:65,10,0,0
BRDA:65,10,1,0
BRDA:78,11,0,0
BRDA:78,11,1,0
BRDA:102,12,0,0
BRDA:102,12,1,0
BRF:26
BRH:0
end_of_record
TN:
SF:components/BankrollManagementCard.tsx
FN:18,(anonymous_0)
FN:26,(anonymous_1)
FN:48,(anonymous_2)
FN:62,(anonymous_3)
FNF:4
FNH:0
FNDA:0,(anonymous_0)
FNDA:0,(anonymous_1)
FNDA:0,(anonymous_2)
FNDA:0,(anonymous_3)
DA:18,0
DA:22,0
DA:23,0
DA:26,0
DA:27,0
DA:29,0
DA:31,0
DA:33,0
DA:35,0
DA:37,0
DA:39,0
DA:41,0
DA:43,0
DA:48,0
DA:49,0
DA:51,0
DA:53,0
DA:55,0
DA:57,0
DA:62,0
DA:63,0
DA:65,0
DA:67,0
DA:68,0
DA:69,0
DA:70,0
DA:73,0
DA:78,0
DA:79,0
DA:82,0
DA:84,0
DA:88,0
DA:142,0
LF:33
LH:0
BRDA:27,0,0,0
BRDA:27,0,1,0
BRDA:27,0,2,0
BRDA:27,0,3,0
BRDA:27,0,4,0
BRDA:27,0,5,0
BRDA:27,0,6,0
BRDA:27,0,7,0
BRDA:49,1,0,0
BRDA:49,1,1,0
BRDA:49,1,2,0
BRDA:49,1,3,0
BRDA:51,2,0,0
BRDA:51,2,1,0
BRDA:53,3,0,0
BRDA:53,3,1,0
BRDA:55,4,0,0
BRDA:55,4,1,0
BRDA:63,5,0,0
BRDA:63,5,1,0
BRDA:69,6,0,0
BRDA:69,6,1,0
BRDA:78,7,0,0
BRDA:78,7,1,0
BRDA:92,8,0,0
BRDA:92,8,1,0
BRDA:134,9,0,0
BRDA:134,9,1,0
BRF:28
BRH:0
end_of_record
TN:
SF:components/BetNowButton.tsx
FN:36,(anonymous_0)
FN:63,(anonymous_1)
FN:67,(anonymous_2)
FN:91,(anonymous_3)
FN:94,(anonymous_4)
FN:99,(anonymous_5)
FN:106,(anonymous_6)
FN:153,(anonymous_7)
FN:207,(anonymous_8)
FNF:9
FNH:0
FNDA:0,(anonymous_0)
FNDA:0,(anonymous_1)
FNDA:0,(anonymous_2)
FNDA:0,(anonymous_3)
FNDA:0,(anonymous_4)
FNDA:0,(anonymous_5)
FNDA:0,(anonymous_6)
FNDA:0,(anonymous_7)
FNDA:0,(anonymous_8)
DA:36,0
DA:46,0
DA:47,0
DA:48,0
DA:57,0
DA:59,0
DA:60,0
DA:61,0
DA:63,0
DA:64,0
DA:67,0
DA:68,0
DA:70,0
DA:87,0
DA:89,0
DA:90,0
DA:91,0
DA:92,0
DA:93,0
DA:94,0
DA:99,0
DA:100,0
DA:101,0
DA:106,0
DA:107,0
DA:108,0
DA:110,0
DA:111,0
DA:112,0
DA:113,0
DA:114,0
DA:116,0
DA:120,0
DA:123,0
DA:124,0
DA:126,0
DA:127,0
DA:129,0
DA:130,0
DA:133,0
DA:134,0
DA:135,0
DA:138,0
DA:140,0
DA:141,0
DA:142,0
DA:144,0
DA:147,0
DA:148,0
DA:153,0
DA:155,0
DA:157,0
DA:158,0
DA:160,0
DA:161,0
DA:163,0
DA:164,0
DA:168,0
DA:170,0
DA:171,0
DA:173,0
DA:174,0
DA:176,0
DA:177,0
DA:181,0
DA:191,0
DA:192,0
DA:193,0
DA:194,0
DA:195,0
DA:197,0
DA:198,0
DA:199,0
DA:200,0
DA:203,0
DA:207,0
DA:209,0
DA:211,0
DA:212,0
DA:214,0
DA:215,0
DA:217,0
DA:218,0
DA:221,0
DA:229,0
DA:232,0
DA:254,0
LF:87
LH:0
BRDA:37,0,0,0
BRDA:38,1,0,0
BRDA:60,2,0,0
BRDA:60,2,1,0
BRDA:61,3,0,0
BRDA:61,3,1,0
BRDA:68,4,0,0
BRDA:68,4,1,0
BRDA:90,5,0,0
BRDA:90,5,1,0
BRDA:92,6,0,0
BRDA:92,6,1,0
BRDA:101,7,0,0
BRDA:101,7,1,0
BRDA:111,8,0,0
BRDA:111,8,1,0
BRDA:126,9,0,0
BRDA:126,9,1,0
BRDA:129,10,0,0
BRDA:129,10,1,0
BRDA:129,11,0,0
BRDA:129,11,1,0
BRDA:129,12,0,0
BRDA:129,12,1,0
BRDA:133,13,0,0
BRDA:133,13,1,0
BRDA:140,14,0,0
BRDA:140,14,1,0
BRDA:148,15,0,0
BRDA:148,15,1,0
BRDA:155,16,0,0
BRDA:155,16,1,0
BRDA:155,16,2,0
BRDA:168,17,0,0
BRDA:168,17,1,0
BRDA:168,17,2,0
BRDA:191,18,0,0
BRDA:191,18,1,0
BRDA:191,19,0,0
BRDA:191,19,1,0
BRDA:194,20,0,0
BRDA:194,20,1,0
BRDA:195,21,0,0
BRDA:195,21,1,0
BRDA:199,22,0,0
BRDA:199,22,1,0
BRDA:200,23,0,0
BRDA:200,23,1,0
BRDA:209,24,0,0
BRDA:209,24,1,0
BRDA:209,24,2,0
BRDA:225,25,0,0
BRDA:225,25,1,0
BRDA:225,26,0,0
BRDA:225,26,1,0
BRF:55
BRH:0
end_of_record
TN:
SF:components/BetNowPopup.tsx
FN:35,(anonymous_0)
FN:55,(anonymous_1)
FN:63,(anonymous_2)
FN:79,(anonymous_3)
FN:110,(anonymous_4)
FN:120,(anonymous_5)
FN:124,(anonymous_6)
FN:146,(anonymous_7)
FN:152,(anonymous_8)
FNF:9
FNH:0
FNDA:0,(anonymous_0)
FNDA:0,(anonymous_1)
FNDA:0,(anonymous_2)
FNDA:0,(anonymous_3)
FNDA:0,(anonymous_4)
FNDA:0,(anonymous_5)
FNDA:0,(anonymous_6)
FNDA:0,(anonymous_7)
FNDA:0,(anonymous_8)
DA:35,0
DA:44,0
DA:45,0
DA:46,0
DA:47,0
DA:50,0
DA:51,0
DA:52,0
DA:55,0
DA:56,0
DA:57,0
DA:58,0
DA:61,0
DA:62,0
DA:65,0
DA:72,0
DA:80,0
DA:85,0
DA:99,0
DA:111,0
DA:117,0
DA:120,0
DA:122,0
DA:124,0
DA:125,0
DA:126,0
DA:131,0
DA:132,0
DA:133,0
DA:134,0
DA:136,0
DA:138,0
DA:141,0
DA:146,0
DA:147,0
DA:152,0
DA:153,0
DA:156,0
DA:158,0
DA:165,0
DA:173,0
DA:176,0
DA:225,0
DA:227,0
LF:44
LH:0
BRDA:41,0,0,0
BRDA:42,1,0,0
BRDA:45,2,0,0
BRDA:45,2,1,0
BRDA:46,3,0,0
BRDA:46,3,1,0
BRDA:56,4,0,0
BRDA:56,4,1,0
BRDA:56,5,0,0
BRDA:56,5,1,0
BRDA:61,6,0,0
BRDA:61,6,1,0
BRDA:61,7,0,0
BRDA:61,7,1,0
BRDA:61,7,2,0
BRDA:88,8,0,0
BRDA:88,8,1,0
BRDA:93,9,0,0
BRDA:93,9,1,0
BRDA:122,10,0,0
BRDA:122,10,1,0
BRDA:122,11,0,0
BRDA:122,11,1,0
BRDA:125,12,0,0
BRDA:125,12,1,0
BRDA:131,13,0,0
BRDA:131,13,1,0
BRDA:136,14,0,0
BRDA:136,14,1,0
BRDA:147,15,0,0
BRDA:147,15,1,0
BRDA:156,16,0,0
BRDA:156,16,1,0
BRDA:156,17,0,0
BRDA:156,17,1,0
BRDA:173,18,0,0
BRDA:173,18,1,0
BRF:37
BRH:0
end_of_record
TN:
SF:components/BettingAnalytics.tsx
FN:16,(anonymous_0)
FN:24,(anonymous_1)
FN:31,(anonymous_2)
FN:51,(anonymous_3)
FN:61,(anonymous_4)
FN:68,(anonymous_5)
FN:75,(anonymous_6)
FN:82,(anonymous_7)
FN:157,(anonymous_8)
FN:169,(anonymous_9)
FN:176,(anonymous_10)
FN:183,(anonymous_11)
FN:222,(anonymous_12)
FN:239,(anonymous_13)
FN:256,(anonymous_14)
FN:273,(anonymous_15)
FN:296,(anonymous_16)
FN:313,(anonymous_17)
FN:330,(anonymous_18)
FN:410,(anonymous_19)
FN:463,(anonymous_20)
FNF:21
FNH:0
FNDA:0,(anonymous_0)
FNDA:0,(anonymous_1)
FNDA:0,(anonymous_2)
FNDA:0,(anonymous_3)
FNDA:0,(anonymous_4)
FNDA:0,(anonymous_5)
FNDA:0,(anonymous_6)
FNDA:0,(anonymous_7)
FNDA:0,(anonymous_8)
FNDA:0,(anonymous_9)
FNDA:0,(anonymous_10)
FNDA:0,(anonymous_11)
FNDA:0,(anonymous_12)
FNDA:0,(anonymous_13)
FNDA:0,(anonymous_14)
FNDA:0,(anonymous_15)
FNDA:0,(anonymous_16)
FNDA:0,(anonymous_17)
FNDA:0,(anonymous_18)
FNDA:0,(anonymous_19)
FNDA:0,(anonymous_20)
DA:16,0
DA:17,0
DA:18,0
DA:19,0
DA:20,0
DA:21,0
DA:22,0
DA:24,0
DA:25,0
DA:31,0
DA:32,0
DA:33,0
DA:34,0
DA:36,0
DA:37,0
DA:39,0
DA:40,0
DA:42,0
DA:43,0
DA:44,0
DA:51,0
DA:52,0
DA:53,0
DA:54,0
DA:61,0
DA:62,0
DA:68,0
DA:69,0
DA:75,0
DA:76,0
DA:82,0
DA:83,0
DA:85,0
DA:86,0
DA:103,0
DA:108,0
DA:115,0
DA:116,0
DA:127,0
DA:128,0
DA:142,0
DA:143,0
DA:157,0
DA:158,0
DA:169,0
DA:170,0
DA:176,0
DA:177,0
DA:183,0
DA:184,0
DA:186,0
DA:188,0
DA:190,0
DA:192,0
DA:194,0
DA:198,0
DA:222,0
DA:239,0
DA:256,0
DA:273,0
DA:296,0
DA:313,0
DA:330,0
DA:411,0
DA:464,0
DA:574,0
LF:66
LH:0
BRDA:53,0,0,0
BRDA:53,0,1,0
BRDA:83,1,0,0
BRDA:83,1,1,0
BRDA:115,2,0,0
BRDA:115,2,1,0
BRDA:127,3,0,0
BRDA:127,3,1,0
BRDA:142,4,0,0
BRDA:142,4,1,0
BRDA:142,5,0,0
BRDA:142,5,1,0
BRDA:177,6,0,0
BRDA:177,6,1,0
BRDA:184,7,0,0
BRDA:184,7,1,0
BRDA:184,7,2,0
BRDA:184,7,3,0
BRDA:184,7,4,0
BRDA:204,8,0,0
BRDA:204,8,1,0
BRDA:220,9,0,0
BRDA:220,9,1,0
BRDA:227,10,0,0
BRDA:227,10,1,0
BRDA:237,11,0,0
BRDA:237,11,1,0
BRDA:244,12,0,0
BRDA:244,12,1,0
BRDA:254,13,0,0
BRDA:254,13,1,0
BRDA:261,14,0,0
BRDA:261,14,1,0
BRDA:271,15,0,0
BRDA:271,15,1,0
BRDA:278,16,0,0
BRDA:278,16,1,0
BRDA:288,17,0,0
BRDA:288,17,1,0
BRDA:294,18,0,0
BRDA:294,18,1,0
BRDA:301,19,0,0
BRDA:301,19,1,0
BRDA:311,20,0,0
BRDA:311,20,1,0
BRDA:318,21,0,0
BRDA:318,21,1,0
BRDA:328,22,0,0
BRDA:328,22,1,0
BRDA:335,23,0,0
BRDA:335,23,1,0
BRDA:408,24,0,0
BRDA:408,24,1,0
BRDA:415,25,0,0
BRDA:415,25,1,0
BRDA:416,26,0,0
BRDA:416,26,1,0
BRDA:417,27,0,0
BRDA:417,27,1,0
BRDA:418,28,0,0
BRDA:418,28,1,0
BRDA:422,29,0,0
BRDA:422,29,1,0
BRDA:423,30,0,0
BRDA:423,30,1,0
BRDA:424,31,0,0
BRDA:424,31,1,0
BRDA:440,32,0,0
BRDA:440,32,1,0
BRDA:462,33,0,0
BRDA:462,33,1,0
BRDA:470,34,0,0
BRDA:470,34,1,0
BRDA:501,35,0,0
BRDA:501,35,1,0
BRDA:505,36,0,0
BRDA:505,36,1,0
BRDA:515,37,0,0
BRDA:515,37,1,0
BRDA:519,38,0,0
BRDA:519,38,1,0
BRDA:536,39,0,0
BRDA:536,39,1,0
BRDA:543,40,0,0
BRDA:543,40,1,0
BRDA:553,41,0,0
BRDA:553,41,1,0
BRF:87
BRH:0
end_of_record
TN:
SF:components/BettingAnalyticsChart.tsx
FN:31,(anonymous_0)
FN:37,(anonymous_1)
FN:50,(anonymous_2)
FN:63,(anonymous_3)
FN:88,(anonymous_4)
FN:100,(anonymous_5)
FN:103,(anonymous_6)
FN:128,(anonymous_7)
FN:130,(anonymous_8)
FN:131,(anonymous_9)
FN:132,(anonymous_10)
FN:133,(anonymous_11)
FN:171,(anonymous_12)
FN:202,(anonymous_13)
FNF:14
FNH:0
FNDA:0,(anonymous_0)
FNDA:0,(anonymous_1)
FNDA:0,(anonymous_2)
FNDA:0,(anonymous_3)
FNDA:0,(anonymous_4)
FNDA:0,(anonymous_5)
FNDA:0,(anonymous_6)
FNDA:0,(anonymous_7)
FNDA:0,(anonymous_8)
FNDA:0,(anonymous_9)
FNDA:0,(anonymous_10)
FNDA:0,(anonymous_11)
FNDA:0,(anonymous_12)
FNDA:0,(anonymous_13)
DA:31,0
DA:32,0
DA:34,0
DA:37,0
DA:50,0
DA:53,0
DA:63,0
DA:70,0
DA:88,0
DA:89,0
DA:91,0
DA:92,0
DA:99,0
DA:100,0
DA:103,0
DA:108,0
DA:128,0
DA:130,0
DA:131,0
DA:132,0
DA:133,0
DA:135,0
DA:137,0
DA:138,0
DA:139,0
DA:140,0
DA:142,0
DA:171,0
DA:173,0
DA:174,0
DA:181,0
DA:202,0
DA:203,0
DA:205,0
DA:207,0
DA:209,0
DA:211,0
DA:215,0
DA:222,0
LF:39
LH:0
BRDA:37,0,0,0
BRDA:63,1,0,0
BRDA:63,2,0,0
BRDA:63,2,1,0
BRDA:91,3,0,0
BRDA:91,3,1,0
BRDA:135,4,0,0
BRDA:135,4,1,0
BRDA:173,5,0,0
BRDA:173,5,1,0
BRDA:203,6,0,0
BRDA:203,6,1,0
BRDA:203,6,2,0
BRDA:203,6,3,0
BRF:14
BRH:0
end_of_record
TN:
SF:components/BettingHistoryChart.tsx
FN:18,(anonymous_0)
FN:28,(anonymous_1)
FN:35,(anonymous_2)
FN:83,(anonymous_3)
FN:85,(anonymous_4)
FN:97,(anonymous_5)
FN:98,(anonymous_6)
FN:117,(anonymous_7)
FN:128,(anonymous_8)
FN:130,(anonymous_9)
FN:141,(anonymous_10)
FN:143,(anonymous_11)
FN:155,(anonymous_12)
FN:166,(anonymous_13)
FN:170,(anonymous_14)
FN:176,(anonymous_15)
FN:201,(anonymous_16)
FN:205,(anonymous_17)
FN:211,(anonymous_18)
FN:236,(anonymous_19)
FN:239,(anonymous_20)
FN:278,(anonymous_21)
FN:287,(anonymous_22)
FN:305,(anonymous_23)
FN:366,(anonymous_24)
FN:367,(anonymous_25)
FN:382,(anonymous_26)
FN:392,(anonymous_27)
FN:398,(anonymous_28)
FN:399,(anonymous_29)
FN:405,(anonymous_30)
FN:406,(anonymous_31)
FN:437,(anonymous_32)
FNF:33
FNH:0
FNDA:0,(anonymous_0)
FNDA:0,(anonymous_1)
FNDA:0,(anonymous_2)
FNDA:0,(anonymous_3)
FNDA:0,(anonymous_4)
FNDA:0,(anonymous_5)
FNDA:0,(anonymous_6)
FNDA:0,(anonymous_7)
FNDA:0,(anonymous_8)
FNDA:0,(anonymous_9)
FNDA:0,(anonymous_10)
FNDA:0,(anonymous_11)
FNDA:0,(anonymous_12)
FNDA:0,(anonymous_13)
FNDA:0,(anonymous_14)
FNDA:0,(anonymous_15)
FNDA:0,(anonymous_16)
FNDA:0,(anonymous_17)
FNDA:0,(anonymous_18)
FNDA:0,(anonymous_19)
FNDA:0,(anonymous_20)
FNDA:0,(anonymous_21)
FNDA:0,(anonymous_22)
FNDA:0,(anonymous_23)
FNDA:0,(anonymous_24)
FNDA:0,(anonymous_25)
FNDA:0,(anonymous_26)
FNDA:0,(anonymous_27)
FNDA:0,(anonymous_28)
FNDA:0,(anonymous_29)
FNDA:0,(anonymous_30)
FNDA:0,(anonymous_31)
FNDA:0,(anonymous_32)
DA:18,0
DA:24,0
DA:25,0
DA:26,0
DA:28,0
DA:29,0
DA:35,0
DA:36,0
DA:37,0
DA:38,0
DA:40,0
DA:41,0
DA:46,0
DA:47,0
DA:48,0
DA:49,0
DA:54,0
DA:56,0
DA:57,0
DA:59,0
DA:60,0
DA:62,0
DA:63,0
DA:65,0
DA:66,0
DA:68,0
DA:71,0
DA:72,0
DA:74,0
DA:75,0
DA:76,0
DA:83,0
DA:85,0
DA:86,0
DA:90,0
DA:93,0
DA:94,0
DA:95,0
DA:97,0
DA:98,0
DA:99,0
DA:100,0
DA:101,0
DA:102,0
DA:104,0
DA:107,0
DA:108,0
DA:109,0
DA:112,0
DA:117,0
DA:128,0
DA:130,0
DA:131,0
DA:135,0
DA:138,0
DA:139,0
DA:141,0
DA:142,0
DA:143,0
DA:144,0
DA:146,0
DA:147,0
DA:150,0
DA:155,0
DA:166,0
DA:168,0
DA:170,0
DA:171,0
DA:172,0
DA:176,0
DA:177,0
DA:186,0
DA:195,0
DA:201,0
DA:203,0
DA:205,0
DA:206,0
DA:207,0
DA:211,0
DA:212,0
DA:221,0
DA:230,0
DA:236,0
DA:237,0
DA:239,0
DA:240,0
DA:243,0
DA:246,0
DA:247,0
DA:250,0
DA:251,0
DA:254,0
DA:255,0
DA:256,0
DA:259,0
DA:260,0
DA:262,0
DA:265,0
DA:266,0
DA:269,0
DA:272,0
DA:278,0
DA:279,0
DA:280,0
DA:281,0
DA:287,0
DA:288,0
DA:290,0
DA:291,0
DA:292,0
DA:294,0
DA:297,0
DA:298,0
DA:305,0
DA:306,0
DA:308,0
DA:310,0
DA:312,0
DA:314,0
DA:316,0
DA:318,0
DA:320,0
DA:327,0
DA:328,0
DA:338,0
DA:339,0
DA:349,0
DA:351,0
DA:361,0
DA:366,0
DA:367,0
DA:382,0
DA:383,0
DA:385,0
DA:392,0
DA:393,0
DA:398,0
DA:399,0
DA:400,0
DA:405,0
DA:406,0
DA:407,0
DA:412,0
DA:416,0
DA:418,0
DA:438,0
DA:469,0
LF:147
LH:0
BRDA:19,0,0,0
BRDA:20,1,0,0
BRDA:21,2,0,0
BRDA:22,3,0,0
BRDA:46,4,0,0
BRDA:46,4,1,0
BRDA:54,5,0,0
BRDA:54,5,1,0
BRDA:54,5,2,0
BRDA:54,5,3,0
BRDA:54,5,4,0
BRDA:99,6,0,0
BRDA:99,6,1,0
BRDA:101,7,0,0
BRDA:101,7,1,0
BRDA:117,8,0,0
BRDA:117,9,0,0
BRDA:117,9,1,0
BRDA:144,10,0,0
BRDA:144,10,1,0
BRDA:155,11,0,0
BRDA:172,12,0,0
BRDA:172,12,1,0
BRDA:207,13,0,0
BRDA:207,13,1,0
BRDA:243,14,0,0
BRDA:243,14,1,0
BRDA:243,14,2,0
BRDA:243,14,3,0
BRDA:243,14,4,0
BRDA:265,15,0,0
BRDA:265,15,1,0
BRDA:288,16,0,0
BRDA:288,16,1,0
BRDA:288,17,0,0
BRDA:288,17,1,0
BRDA:292,18,0,0
BRDA:292,18,1,0
BRDA:306,19,0,0
BRDA:306,19,1,0
BRDA:306,19,2,0
BRDA:306,19,3,0
BRDA:306,19,4,0
BRDA:306,19,5,0
BRDA:306,19,6,0
BRDA:327,20,0,0
BRDA:327,20,1,0
BRDA:338,21,0,0
BRDA:338,21,1,0
BRDA:349,22,0,0
BRDA:349,22,1,0
BRDA:349,23,0,0
BRDA:349,23,1,0
BRDA:349,23,2,0
BRDA:349,23,3,0
BRDA:349,23,4,0
BRDA:365,24,0,0
BRDA:365,24,1,0
BRDA:366,25,0,0
BRDA:367,26,0,0
BRDA:383,27,0,0
BRDA:383,27,1,0
BRDA:383,27,2,0
BRDA:383,27,3,0
BRDA:383,27,4,0
BRDA:387,28,0,0
BRDA:387,28,1,0
BRDA:422,29,0,0
BRDA:422,29,1,0
BRDA:428,30,0,0
BRDA:428,30,1,0
BRDA:428,30,2,0
BRDA:436,31,0,0
BRDA:436,31,1,0
BRDA:440,32,0,0
BRDA:440,32,1,0
BRDA:450,33,0,0
BRDA:450,33,1,0
BRDA:450,33,2,0
BRF:79
BRH:0
end_of_record
TN:
SF:components/BlurredPrediction.tsx
FN:25,(anonymous_0)
FN:34,(anonymous_1)
FN:48,(anonymous_2)
FNF:3
FNH:0
FNDA:0,(anonymous_0)
FNDA:0,(anonymous_1)
FNDA:0,(anonymous_2)
DA:25,0
DA:30,0
DA:31,0
DA:34,0
DA:35,0
DA:37,0
DA:39,0
DA:41,0
DA:43,0
DA:48,0
DA:50,0
DA:54,0
DA:55,0
DA:99,0
DA:159,0
LF:15
LH:0
BRDA:35,0,0,0
BRDA:35,0,1,0
BRDA:35,0,2,0
BRDA:35,0,3,0
BRDA:54,1,0,0
BRDA:54,1,1,0
BRDA:118,2,0,0
BRDA:118,2,1,0
BRDA:138,3,0,0
BRDA:138,3,1,0
BRDA:145,4,0,0
BRDA:145,4,1,0
BRDA:146,5,0,0
BRDA:146,5,1,0
BRDA:147,6,0,0
BRDA:147,6,1,0
BRDA:151,7,0,0
BRDA:151,7,1,0
BRF:18
BRH:0
end_of_record
TN:
SF:components/BubbleChart.tsx
FN:25,(anonymous_0)
FN:41,(anonymous_1)
FN:44,(anonymous_2)
FN:46,(anonymous_3)
FN:57,(anonymous_4)
FN:62,(anonymous_5)
FN:64,(anonymous_6)
FN:65,(anonymous_7)
FN:66,(anonymous_8)
FN:67,(anonymous_9)
FN:72,(anonymous_10)
FN:82,(anonymous_11)
FN:97,(anonymous_12)
FN:126,(anonymous_13)
FN:127,(anonymous_14)
FN:147,(anonymous_15)
FN:179,(anonymous_16)
FNF:17
FNH:0
FNDA:0,(anonymous_0)
FNDA:0,(anonymous_1)
FNDA:0,(anonymous_2)
FNDA:0,(anonymous_3)
FNDA:0,(anonymous_4)
FNDA:0,(anonymous_5)
FNDA:0,(anonymous_6)
FNDA:0,(anonymous_7)
FNDA:0,(anonymous_8)
FNDA:0,(anonymous_9)
FNDA:0,(anonymous_10)
FNDA:0,(anonymous_11)
FNDA:0,(anonymous_12)
FNDA:0,(anonymous_13)
FNDA:0,(anonymous_14)
FNDA:0,(anonymous_15)
FNDA:0,(anonymous_16)
DA:25,0
DA:33,0
DA:34,0
DA:35,0
DA:38,0
DA:41,0
DA:44,0
DA:45,0
DA:46,0
DA:47,0
DA:54,0
DA:57,0
DA:62,0
DA:63,0
DA:64,0
DA:65,0
DA:66,0
DA:67,0
DA:72,0
DA:73,0
DA:74,0
DA:75,0
DA:76,0
DA:78,0
DA:82,0
DA:84,0
DA:85,0
DA:89,0
DA:90,0
DA:91,0
DA:93,0
DA:97,0
DA:98,0
DA:99,0
DA:101,0
DA:103,0
DA:106,0
DA:107,0
DA:110,0
DA:111,0
DA:113,0
DA:117,0
DA:118,0
DA:119,0
DA:121,0
DA:126,0
DA:127,0
DA:128,0
DA:129,0
DA:130,0
DA:132,0
DA:142,0
DA:148,0
DA:180,0
DA:202,0
LF:55
LH:0
BRDA:27,0,0,0
BRDA:28,1,0,0
BRDA:29,2,0,0
BRDA:30,3,0,0
BRDA:34,4,0,0
BRDA:34,4,1,0
BRDA:35,5,0,0
BRDA:35,5,1,0
BRDA:45,6,0,0
BRDA:45,6,1,0
BRDA:66,7,0,0
BRDA:66,7,1,0
BRDA:67,8,0,0
BRDA:67,8,1,0
BRDA:84,9,0,0
BRDA:84,9,1,0
BRDA:101,10,0,0
BRDA:101,10,1,0
BRDA:106,11,0,0
BRDA:106,11,1,0
BRDA:110,12,0,0
BRDA:110,12,1,0
BRDA:130,13,0,0
BRDA:130,13,1,0
BRDA:144,14,0,0
BRDA:144,14,1,0
BRDA:192,15,0,0
BRDA:192,15,1,0
BRDA:192,16,0,0
BRDA:192,16,1,0
BRF:30
BRH:0
end_of_record
TN:
SF:components/CachedPlayerImage.tsx
FN:15,(anonymous_0)
FN:47,(anonymous_1)
FN:49,(anonymous_2)
FN:63,(anonymous_3)
FN:71,(anonymous_4)
FN:142,(anonymous_5)
FN:147,(anonymous_6)
FN:150,(anonymous_7)
FNF:8
FNH:0
FNDA:0,(anonymous_0)
FNDA:0,(anonymous_1)
FNDA:0,(anonymous_2)
FNDA:0,(anonymous_3)
FNDA:0,(anonymous_4)
FNDA:0,(anonymous_5)
FNDA:0,(anonymous_6)
FNDA:0,(anonymous_7)
DA:15,0
DA:23,0
DA:24,0
DA:25,0
DA:26,0
DA:29,0
DA:44,0
DA:47,0
DA:49,0
DA:50,0
DA:51,0
DA:52,0
DA:53,0
DA:54,0
DA:56,0
DA:59,0
DA:63,0
DA:64,0
DA:65,0
DA:66,0
DA:71,0
DA:72,0
DA:73,0
DA:74,0
DA:77,0
DA:80,0
DA:81,0
DA:84,0
DA:86,0
DA:88,0
DA:89,0
DA:90,0
DA:94,0
DA:95,0
DA:96,0
DA:100,0
DA:103,0
DA:108,0
DA:109,0
DA:111,0
DA:114,0
DA:115,0
DA:118,0
DA:119,0
DA:120,0
DA:121,0
DA:124,0
DA:129,0
DA:130,0
DA:133,0
DA:137,0
DA:142,0
DA:143,0
DA:147,0
DA:148,0
DA:150,0
DA:157,0
DA:158,0
DA:171,0
DA:198,0
LF:60
LH:0
BRDA:19,0,0,0
BRDA:65,1,0,0
BRDA:65,1,1,0
BRDA:86,2,0,0
BRDA:86,2,1,0
BRDA:94,3,0,0
BRDA:94,3,1,0
BRDA:95,4,0,0
BRDA:95,4,1,0
BRDA:108,5,0,0
BRDA:108,5,1,0
BRDA:118,6,0,0
BRDA:118,6,1,0
BRDA:129,7,0,0
BRDA:129,7,1,0
BRDA:157,8,0,0
BRDA:157,8,1,0
BRDA:162,9,0,0
BRDA:162,9,1,0
BRDA:179,10,0,0
BRDA:179,10,1,0
BRDA:189,11,0,0
BRDA:189,11,1,0
BRF:23
BRH:0
end_of_record
TN:
SF:components/ChartTransition.tsx
FN:38,(anonymous_0)
FN:57,(anonymous_1)
FNF:2
FNH:0
FNDA:0,(anonymous_0)
FNDA:0,(anonymous_1)
DA:38,0
DA:46,0
DA:47,0
DA:48,0
DA:51,0
DA:54,0
DA:57,0
DA:58,0
DA:60,0
DA:63,0
DA:74,0
DA:76,0
DA:87,0
DA:98,0
DA:99,0
DA:103,0
DA:106,0
DA:107,0
DA:108,0
DA:112,0
LF:20
LH:0
BRDA:40,0,0,0
BRDA:41,1,0,0
BRDA:43,2,0,0
BRDA:58,3,0,0
BRDA:58,3,1,0
BRDA:66,4,0,0
BRDA:66,4,1,0
BRDA:67,5,0,0
BRDA:67,5,1,0
BRDA:74,6,0,0
BRDA:74,6,1,0
BRF:11
BRH:0
end_of_record
TN:
SF:components/Collapsible.tsx
FN:10,Collapsible
FN:18,(anonymous_1)
FN:18,(anonymous_2)
FNF:3
FNH:0
FNDA:0,Collapsible
FNDA:0,(anonymous_1)
FNDA:0,(anonymous_2)
DA:11,0
DA:12,0
DA:14,0
DA:18,0
DA:35,0
LF:5
LH:0
BRDA:12,0,0,0
BRDA:12,0,1,0
BRDA:24,1,0,0
BRDA:24,1,1,0
BRDA:25,2,0,0
BRDA:25,2,1,0
BRDA:30,3,0,0
BRDA:30,3,1,0
BRF:8
BRH:0
end_of_record
TN:
SF:components/CommunityPolls.tsx
FN:38,(anonymous_0)
FN:48,(anonymous_1)
FN:54,(anonymous_2)
FN:55,(anonymous_3)
FN:63,(anonymous_4)
FN:78,(anonymous_5)
FN:97,(anonymous_6)
FN:181,(anonymous_7)
FN:183,(anonymous_8)
FNF:9
FNH:0
FNDA:0,(anonymous_0)
FNDA:0,(anonymous_1)
FNDA:0,(anonymous_2)
FNDA:0,(anonymous_3)
FNDA:0,(anonymous_4)
FNDA:0,(anonymous_5)
FNDA:0,(anonymous_6)
FNDA:0,(anonymous_7)
FNDA:0,(anonymous_8)
DA:38,0
DA:43,0
DA:44,0
DA:45,0
DA:48,0
DA:50,0
DA:54,0
DA:55,0
DA:59,0
DA:63,0
DA:64,0
DA:65,0
DA:67,0
DA:79,0
DA:80,0
DA:85,0
DA:89,0
DA:97,0
DA:161,0
DA:181,0
DA:183,0
DA:203,0
LF:22
LH:0
BRDA:70,0,0,0
BRDA:70,0,1,0
BRDA:80,1,0,0
BRDA:80,1,1,0
BRDA:85,2,0,0
BRDA:85,2,1,0
BRDA:85,2,2,0
BRDA:94,3,0,0
BRDA:94,3,1,0
BRDA:95,4,0,0
BRDA:95,4,1,0
BRDA:95,5,0,0
BRDA:95,5,1,0
BRDA:104,6,0,0
BRDA:104,6,1,0
BRDA:109,7,0,0
BRDA:109,7,1,0
BRDA:116,8,0,0
BRDA:116,8,1,0
BRDA:121,9,0,0
BRDA:121,9,1,0
BRDA:126,10,0,0
BRDA:126,10,1,0
BRDA:143,11,0,0
BRDA:143,11,1,0
BRDA:143,11,2,0
BRDA:164,12,0,0
BRDA:164,12,1,0
BRDA:186,13,0,0
BRDA:186,13,1,0
BRF:30
BRH:0
end_of_record
TN:
SF:components/ComparativeAnalysis.tsx
FN:41,(anonymous_0)
FN:66,(anonymous_1)
FN:72,(anonymous_2)
FN:79,(anonymous_3)
FN:157,(anonymous_4)
FN:170,(anonymous_5)
FN:194,(anonymous_6)
FN:229,(anonymous_7)
FN:231,(anonymous_8)
FN:244,(anonymous_9)
FN:288,(anonymous_10)
FN:332,(anonymous_11)
FN:399,(anonymous_12)
FN:414,(anonymous_13)
FN:421,(anonymous_14)
FN:428,(anonymous_15)
FN:435,(anonymous_16)
FN:442,(anonymous_17)
FN:452,(anonymous_18)
FN:463,(anonymous_19)
FN:475,(anonymous_20)
FN:482,(anonymous_21)
FN:490,(anonymous_22)
FN:499,(anonymous_23)
FN:509,(anonymous_24)
FN:526,(anonymous_25)
FN:543,(anonymous_26)
FN:560,(anonymous_27)
FN:579,(anonymous_28)
FN:600,(anonymous_29)
FN:607,(anonymous_30)
FN:628,(anonymous_31)
FN:635,(anonymous_32)
FN:656,(anonymous_33)
FN:663,(anonymous_34)
FN:687,(anonymous_35)
FN:815,(anonymous_36)
FN:835,(anonymous_37)
FN:862,(anonymous_38)
FNF:39
FNH:0
FNDA:0,(anonymous_0)
FNDA:0,(anonymous_1)
FNDA:0,(anonymous_2)
FNDA:0,(anonymous_3)
FNDA:0,(anonymous_4)
FNDA:0,(anonymous_5)
FNDA:0,(anonymous_6)
FNDA:0,(anonymous_7)
FNDA:0,(anonymous_8)
FNDA:0,(anonymous_9)
FNDA:0,(anonymous_10)
FNDA:0,(anonymous_11)
FNDA:0,(anonymous_12)
FNDA:0,(anonymous_13)
FNDA:0,(anonymous_14)
FNDA:0,(anonymous_15)
FNDA:0,(anonymous_16)
FNDA:0,(anonymous_17)
FNDA:0,(anonymous_18)
FNDA:0,(anonymous_19)
FNDA:0,(anonymous_20)
FNDA:0,(anonymous_21)
FNDA:0,(anonymous_22)
FNDA:0,(anonymous_23)
FNDA:0,(anonymous_24)
FNDA:0,(anonymous_25)
FNDA:0,(anonymous_26)
FNDA:0,(anonymous_27)
FNDA:0,(anonymous_28)
FNDA:0,(anonymous_29)
FNDA:0,(anonymous_30)
FNDA:0,(anonymous_31)
FNDA:0,(anonymous_32)
FNDA:0,(anonymous_33)
FNDA:0,(anonymous_34)
FNDA:0,(anonymous_35)
FNDA:0,(anonymous_36)
FNDA:0,(anonymous_37)
FNDA:0,(anonymous_38)
DA:41,0
DA:46,0
DA:47,0
DA:48,0
DA:49,0
DA:54,0
DA:55,0
DA:56,0
DA:57,0
DA:58,0
DA:59,0
DA:61,0
DA:62,0
DA:63,0
DA:66,0
DA:67,0
DA:68,0
DA:72,0
DA:73,0
DA:79,0
DA:80,0
DA:82,0
DA:145,0
DA:146,0
DA:147,0
DA:150,0
DA:157,0
DA:158,0
DA:160,0
DA:161,0
DA:163,0
DA:170,0
DA:171,0
DA:172,0
DA:174,0
DA:175,0
DA:177,0
DA:178,0
DA:180,0
DA:181,0
DA:183,0
DA:184,0
DA:187,0
DA:194,0
DA:195,0
DA:197,0
DA:201,0
DA:219,0
DA:220,0
DA:222,0
DA:229,0
DA:230,0
DA:231,0
DA:232,0
DA:233,0
DA:234,0
DA:237,0
DA:244,0
DA:245,0
DA:246,0
DA:250,0
DA:258,0
DA:260,0
DA:278,0
DA:279,0
DA:281,0
DA:288,0
DA:289,0
DA:290,0
DA:294,0
DA:302,0
DA:304,0
DA:322,0
DA:323,0
DA:325,0
DA:332,0
DA:333,0
DA:337,0
DA:340,0
DA:341,0
DA:342,0
DA:343,0
DA:344,0
DA:345,0
DA:346,0
DA:350,0
DA:351,0
DA:352,0
DA:353,0
DA:354,0
DA:355,0
DA:356,0
DA:360,0
DA:361,0
DA:362,0
DA:363,0
DA:364,0
DA:365,0
DA:366,0
DA:367,0
DA:368,0
DA:372,0
DA:373,0
DA:374,0
DA:375,0
DA:376,0
DA:377,0
DA:378,0
DA:379,0
DA:380,0
DA:383,0
DA:384,0
DA:385,0
DA:386,0
DA:387,0
DA:389,0
DA:392,0
DA:399,0
DA:400,0
DA:401,0
DA:402,0
DA:403,0
DA:404,0
DA:405,0
DA:406,0
DA:407,0
DA:414,0
DA:415,0
DA:421,0
DA:422,0
DA:428,0
DA:429,0
DA:435,0
DA:436,0
DA:442,0
DA:443,0
DA:452,0
DA:453,0
DA:463,0
DA:464,0
DA:475,0
DA:476,0
DA:482,0
DA:483,0
DA:484,0
DA:490,0
DA:491,0
DA:492,0
DA:493,0
DA:499,0
DA:500,0
DA:509,0
DA:526,0
DA:543,0
DA:560,0
DA:579,0
DA:580,0
DA:582,0
DA:596,0
DA:601,0
DA:607,0
DA:624,0
DA:629,0
DA:635,0
DA:652,0
DA:657,0
DA:663,0
DA:680,0
DA:687,0
DA:688,0
DA:690,0
DA:816,0
DA:835,0
DA:836,0
DA:837,0
DA:838,0
DA:840,0
DA:862,0
DA:863,0
DA:865,0
DA:868,0
DA:869,0
DA:870,0
DA:875,0
DA:876,0
DA:884,0
DA:885,0
DA:886,0
DA:891,0
DA:892,0
DA:900,0
DA:901,0
DA:902,0
DA:907,0
DA:908,0
DA:916,0
DA:917,0
DA:918,0
DA:923,0
DA:924,0
DA:932,0
DA:933,0
DA:940,0
DA:943,0
DA:954,0
LF:205
LH:0
BRDA:146,0,0,0
BRDA:146,0,1,0
BRDA:172,1,0,0
BRDA:172,1,1,0
BRDA:172,1,2,0
BRDA:172,1,3,0
BRDA:232,2,0,0
BRDA:232,2,1,0
BRDA:246,3,0,0
BRDA:246,3,1,0
BRDA:258,4,0,0
BRDA:258,4,1,0
BRDA:272,5,0,0
BRDA:272,5,1,0
BRDA:290,6,0,0
BRDA:290,6,1,0
BRDA:302,7,0,0
BRDA:302,7,1,0
BRDA:316,8,0,0
BRDA:316,8,1,0
BRDA:337,9,0,0
BRDA:337,9,1,0
BRDA:337,9,2,0
BRDA:337,9,3,0
BRDA:337,9,4,0
BRDA:337,9,5,0
BRDA:383,10,0,0
BRDA:383,10,1,0
BRDA:383,11,0,0
BRDA:383,11,1,0
BRDA:400,12,0,0
BRDA:400,12,1,0
BRDA:400,12,2,0
BRDA:400,12,3,0
BRDA:400,12,4,0
BRDA:400,12,5,0
BRDA:400,12,6,0
BRDA:445,13,0,0
BRDA:445,13,1,0
BRDA:483,14,0,0
BRDA:483,14,1,0
BRDA:483,15,0,0
BRDA:483,15,1,0
BRDA:490,16,0,0
BRDA:491,17,0,0
BRDA:491,17,1,0
BRDA:493,18,0,0
BRDA:493,18,1,0
BRDA:493,19,0,0
BRDA:493,19,1,0
BRDA:493,19,2,0
BRDA:493,19,3,0
BRDA:507,20,0,0
BRDA:507,20,1,0
BRDA:514,21,0,0
BRDA:514,21,1,0
BRDA:524,22,0,0
BRDA:524,22,1,0
BRDA:531,23,0,0
BRDA:531,23,1,0
BRDA:541,24,0,0
BRDA:541,24,1,0
BRDA:548,25,0,0
BRDA:548,25,1,0
BRDA:558,26,0,0
BRDA:558,26,1,0
BRDA:565,27,0,0
BRDA:565,27,1,0
BRDA:580,28,0,0
BRDA:580,28,1,0
BRDA:580,28,2,0
BRDA:580,28,3,0
BRDA:580,28,4,0
BRDA:605,29,0,0
BRDA:605,29,1,0
BRDA:612,30,0,0
BRDA:612,30,1,0
BRDA:633,31,0,0
BRDA:633,31,1,0
BRDA:640,32,0,0
BRDA:640,32,1,0
BRDA:661,33,0,0
BRDA:661,33,1,0
BRDA:668,34,0,0
BRDA:668,34,1,0
BRDA:688,35,0,0
BRDA:688,35,1,0
BRDA:835,36,0,0
BRDA:838,37,0,0
BRDA:838,37,1,0
BRDA:838,38,0,0
BRDA:838,38,1,0
BRDA:863,39,0,0
BRDA:863,39,1,0
BRDA:869,40,0,0
BRDA:869,40,1,0
BRDA:875,41,0,0
BRDA:875,41,1,0
BRDA:885,42,0,0
BRDA:885,42,1,0
BRDA:891,43,0,0
BRDA:891,43,1,0
BRDA:901,44,0,0
BRDA:901,44,1,0
BRDA:907,45,0,0
BRDA:907,45,1,0
BRDA:917,46,0,0
BRDA:917,46,1,0
BRDA:923,47,0,0
BRDA:923,47,1,0
BRDA:932,48,0,0
BRDA:932,48,1,0
BRF:112
BRH:0
end_of_record
TN:
SF:components/ConflictResolutionModal.tsx
FN:33,(anonymous_0)
FN:48,(anonymous_1)
FN:57,(anonymous_2)
FN:81,(anonymous_3)
FN:88,(anonymous_4)
FN:91,(anonymous_5)
FN:110,(anonymous_6)
FN:119,(anonymous_7)
FN:126,(anonymous_8)
FN:138,(anonymous_9)
FN:147,(anonymous_10)
FN:167,(anonymous_11)
FN:223,(anonymous_12)
FN:232,(anonymous_13)
FN:241,(anonymous_14)
FNF:15
FNH:0
FNDA:0,(anonymous_0)
FNDA:0,(anonymous_1)
FNDA:0,(anonymous_2)
FNDA:0,(anonymous_3)
FNDA:0,(anonymous_4)
FNDA:0,(anonymous_5)
FNDA:0,(anonymous_6)
FNDA:0,(anonymous_7)
FNDA:0,(anonymous_8)
FNDA:0,(anonymous_9)
FNDA:0,(anonymous_10)
FNDA:0,(anonymous_11)
FNDA:0,(anonymous_12)
FNDA:0,(anonymous_13)
FNDA:0,(anonymous_14)
DA:33,0
DA:38,0
DA:39,0
DA:40,0
DA:43,0
DA:44,0
DA:45,0
DA:48,0
DA:49,0
DA:50,0
DA:57,0
DA:58,0
DA:60,0
DA:61,0
DA:62,0
DA:64,0
DA:65,0
DA:67,0
DA:70,0
DA:72,0
DA:81,0
DA:82,0
DA:84,0
DA:85,0
DA:88,0
DA:91,0
DA:92,0
DA:95,0
DA:96,0
DA:99,0
DA:101,0
DA:110,0
DA:111,0
DA:119,0
DA:120,0
DA:126,0
DA:127,0
DA:128,0
DA:136,0
DA:139,0
DA:147,0
DA:167,0
DA:168,0
DA:169,0
DA:177,0
DA:223,0
DA:232,0
DA:241,0
DA:252,0
DA:299,0
LF:50
LH:0
BRDA:49,0,0,0
BRDA:49,0,1,0
BRDA:64,1,0,0
BRDA:64,1,1,0
BRDA:88,2,0,0
BRDA:88,2,1,0
BRDA:91,3,0,0
BRDA:91,3,1,0
BRDA:92,4,0,0
BRDA:92,4,1,0
BRDA:95,5,0,0
BRDA:95,5,1,0
BRDA:95,6,0,0
BRDA:95,6,1,0
BRDA:127,7,0,0
BRDA:127,7,1,0
BRDA:143,8,0,0
BRDA:143,8,1,0
BRDA:143,9,0,0
BRDA:143,9,1,0
BRDA:143,9,2,0
BRDA:168,10,0,0
BRDA:168,10,1,0
BRDA:205,11,0,0
BRDA:205,11,1,0
BRDA:208,12,0,0
BRDA:208,12,1,0
BRF:27
BRH:0
end_of_record
TN:
SF:components/DailyFreePick.tsx
FN:28,(anonymous_0)
FN:38,(anonymous_1)
FN:41,(anonymous_2)
FN:78,(anonymous_3)
FN:84,(anonymous_4)
FN:91,(anonymous_5)
FN:97,(anonymous_6)
FN:109,(anonymous_7)
FNF:8
FNH:0
FNDA:0,(anonymous_0)
FNDA:0,(anonymous_1)
FNDA:0,(anonymous_2)
FNDA:0,(anonymous_3)
FNDA:0,(anonymous_4)
FNDA:0,(anonymous_5)
FNDA:0,(anonymous_6)
FNDA:0,(anonymous_7)
DA:28,0
DA:29,0
DA:30,0
DA:31,0
DA:32,0
DA:33,0
DA:34,0
DA:35,0
DA:38,0
DA:39,0
DA:41,0
DA:42,0
DA:44,0
DA:45,0
DA:46,0
DA:48,0
DA:49,0
DA:50,0
DA:51,0
DA:53,0
DA:57,0
DA:58,0
DA:61,0
DA:62,0
DA:63,0
DA:66,0
DA:67,0
DA:70,0
DA:72,0
DA:76,0
DA:78,0
DA:79,0
DA:84,0
DA:85,0
DA:86,0
DA:87,0
DA:91,0
DA:93,0
DA:97,0
DA:98,0
DA:99,0
DA:100,0
DA:101,0
DA:104,0
DA:109,0
DA:110,0
DA:112,0
DA:114,0
DA:116,0
DA:118,0
DA:123,0
DA:124,0
DA:135,0
DA:136,0
DA:156,0
DA:157,0
DA:177,0
DA:178,0
DA:198,0
DA:200,0
DA:251,0
LF:61
LH:0
BRDA:42,0,0,0
BRDA:42,0,1,0
BRDA:48,1,0,0
BRDA:48,1,1,0
BRDA:49,2,0,0
BRDA:49,2,1,0
BRDA:58,3,0,0
BRDA:58,3,1,0
BRDA:61,4,0,0
BRDA:61,4,1,0
BRDA:63,5,0,0
BRDA:63,5,1,0
BRDA:67,6,0,0
BRDA:67,6,1,0
BRDA:72,7,0,0
BRDA:72,7,1,0
BRDA:100,8,0,0
BRDA:100,8,1,0
BRDA:110,9,0,0
BRDA:110,9,1,0
BRDA:110,9,2,0
BRDA:110,9,3,0
BRDA:123,10,0,0
BRDA:123,10,1,0
BRDA:125,11,0,0
BRDA:125,11,1,0
BRDA:135,12,0,0
BRDA:135,12,1,0
BRDA:137,13,0,0
BRDA:137,13,1,0
BRDA:156,14,0,0
BRDA:156,14,1,0
BRDA:156,15,0,0
BRDA:156,15,1,0
BRDA:158,16,0,0
BRDA:158,16,1,0
BRDA:177,17,0,0
BRDA:177,17,1,0
BRDA:179,18,0,0
BRDA:179,18,1,0
BRDA:201,19,0,0
BRDA:201,19,1,0
BRF:42
BRH:0
end_of_record
TN:
SF:components/DateRangeSelector.tsx
FN:31,(anonymous_0)
FN:64,(anonymous_1)
FN:73,(anonymous_2)
FN:78,(anonymous_3)
FN:146,(anonymous_4)
FN:163,(anonymous_5)
FN:172,(anonymous_6)
FN:187,(anonymous_7)
FN:195,(anonymous_8)
FNF:9
FNH:0
FNDA:0,(anonymous_0)
FNDA:0,(anonymous_1)
FNDA:0,(anonymous_2)
FNDA:0,(anonymous_3)
FNDA:0,(anonymous_4)
FNDA:0,(anonymous_5)
FNDA:0,(anonymous_6)
FNDA:0,(anonymous_7)
FNDA:0,(anonymous_8)
DA:31,0
DA:38,0
DA:39,0
DA:40,0
DA:41,0
DA:44,0
DA:45,0
DA:46,0
DA:49,0
DA:64,0
DA:66,0
DA:67,0
DA:68,0
DA:69,0
DA:73,0
DA:74,0
DA:78,0
DA:79,0
DA:81,0
DA:83,0
DA:84,0
DA:85,0
DA:95,0
DA:96,0
DA:99,0
DA:100,0
DA:101,0
DA:103,0
DA:107,0
DA:108,0
DA:109,0
DA:111,0
DA:113,0
DA:114,0
DA:116,0
DA:117,0
DA:123,0
DA:124,0
DA:131,0
DA:138,0
DA:141,0
DA:146,0
DA:147,0
DA:148,0
DA:149,0
DA:152,0
DA:153,0
DA:155,0
DA:158,0
DA:163,0
DA:164,0
DA:172,0
DA:173,0
DA:174,0
DA:176,0
DA:179,0
DA:188,0
DA:195,0
DA:297,0
LF:59
LH:0
BRDA:45,0,0,0
BRDA:45,0,1,0
BRDA:46,1,0,0
BRDA:46,1,1,0
BRDA:81,2,0,0
BRDA:81,2,1,0
BRDA:81,3,0,0
BRDA:81,3,1,0
BRDA:81,3,2,0
BRDA:99,4,0,0
BRDA:99,4,1,0
BRDA:108,5,0,0
BRDA:108,5,1,0
BRDA:109,6,0,0
BRDA:109,6,1,0
BRDA:116,7,0,0
BRDA:116,7,1,0
BRDA:123,8,0,0
BRDA:123,8,1,0
BRDA:147,9,0,0
BRDA:147,9,1,0
BRDA:147,10,0,0
BRDA:147,10,1,0
BRDA:147,10,2,0
BRDA:152,11,0,0
BRDA:152,11,1,0
BRDA:173,12,0,0
BRDA:173,12,1,0
BRDA:192,13,0,0
BRDA:192,13,1,0
BRDA:201,14,0,0
BRDA:201,14,1,0
BRDA:212,15,0,0
BRDA:212,15,1,0
BRDA:221,16,0,0
BRDA:221,16,1,0
BRDA:224,17,0,0
BRDA:224,17,1,0
BRDA:282,18,0,0
BRDA:282,18,1,0
BRDA:282,18,2,0
BRDA:285,19,0,0
BRDA:285,19,1,0
BRF:43
BRH:0
end_of_record
TN:
SF:components/DeepLinkHandler.tsx
FN:14,(anonymous_0)
FN:18,(anonymous_1)
FN:23,(anonymous_2)
FN:38,(anonymous_3)
FN:53,(anonymous_4)
FN:62,(anonymous_5)
FNF:6
FNH:0
FNDA:0,(anonymous_0)
FNDA:0,(anonymous_1)
FNDA:0,(anonymous_2)
FNDA:0,(anonymous_3)
FNDA:0,(anonymous_4)
FNDA:0,(anonymous_5)
DA:14,0
DA:15,0
DA:16,0
DA:18,0
DA:20,0
DA:23,0
DA:24,0
DA:25,0
DA:28,0
DA:29,0
DA:30,0
DA:31,0
DA:35,0
DA:38,0
DA:39,0
DA:42,0
DA:49,0
DA:53,0
DA:54,0
DA:62,0
DA:63,0
DA:64,0
DA:66,0
DA:67,0
DA:70,0
DA:71,0
DA:73,0
DA:75,0
DA:78,0
DA:79,0
DA:81,0
DA:83,0
DA:86,0
DA:87,0
DA:89,0
DA:91,0
DA:94,0
DA:95,0
DA:97,0
DA:99,0
DA:102,0
DA:103,0
DA:106,0
DA:107,0
DA:110,0
DA:111,0
DA:113,0
DA:115,0
DA:118,0
DA:119,0
DA:122,0
DA:123,0
DA:125,0
DA:127,0
DA:130,0
DA:131,0
DA:132,0
DA:135,0
DA:136,0
DA:141,0
LF:60
LH:0
BRDA:24,0,0,0
BRDA:24,0,1,0
BRDA:29,1,0,0
BRDA:29,1,1,0
BRDA:64,2,0,0
BRDA:64,2,1,0
BRDA:64,2,2,0
BRDA:64,2,3,0
BRDA:64,2,4,0
BRDA:64,2,5,0
BRDA:64,2,6,0
BRDA:64,2,7,0
BRDA:64,2,8,0
BRDA:64,2,9,0
BRDA:64,2,10,0
BRDA:70,3,0,0
BRDA:70,3,1,0
BRDA:78,4,0,0
BRDA:78,4,1,0
BRDA:86,5,0,0
BRDA:86,5,1,0
BRDA:94,6,0,0
BRDA:94,6,1,0
BRDA:110,7,0,0
BRDA:110,7,1,0
BRDA:122,8,0,0
BRDA:122,8,1,0
BRF:27
BRH:0
end_of_record
TN:
SF:components/EmptyState.tsx
FN:26,(anonymous_0)
FNF:1
FNH:0
FNDA:0,(anonymous_0)
DA:26,0
DA:31,0
DA:39,0
LF:3
LH:0
BRDA:33,0,0,0
BRDA:33,0,1,0
BRF:2
BRH:0
end_of_record
TN:
SF:components/EnhancedPlayerComparison.tsx
FN:26,(anonymous_0)
FN:57,(anonymous_1)
FN:58,(anonymous_2)
FN:66,(anonymous_3)
FN:72,(anonymous_4)
FN:78,(anonymous_5)
FN:107,(anonymous_6)
FN:124,(anonymous_7)
FN:131,(anonymous_8)
FN:138,(anonymous_9)
FN:179,(anonymous_10)
FN:183,(anonymous_11)
FN:186,(anonymous_12)
FN:191,(anonymous_13)
FN:195,(anonymous_14)
FN:200,(anonymous_15)
FN:209,(anonymous_16)
FN:214,(anonymous_17)
FN:330,(anonymous_18)
FN:347,(anonymous_19)
FN:364,(anonymous_20)
FN:432,(anonymous_21)
FNF:22
FNH:0
FNDA:0,(anonymous_0)
FNDA:0,(anonymous_1)
FNDA:0,(anonymous_2)
FNDA:0,(anonymous_3)
FNDA:0,(anonymous_4)
FNDA:0,(anonymous_5)
FNDA:0,(anonymous_6)
FNDA:0,(anonymous_7)
FNDA:0,(anonymous_8)
FNDA:0,(anonymous_9)
FNDA:0,(anonymous_10)
FNDA:0,(anonymous_11)
FNDA:0,(anonymous_12)
FNDA:0,(anonymous_13)
FNDA:0,(anonymous_14)
FNDA:0,(anonymous_15)
FNDA:0,(anonymous_16)
FNDA:0,(anonymous_17)
FNDA:0,(anonymous_18)
FNDA:0,(anonymous_19)
FNDA:0,(anonymous_20)
FNDA:0,(anonymous_21)
DA:26,0
DA:30,0
DA:31,0
DA:33,0
DA:34,0
DA:35,0
DA:38,0
DA:39,0
DA:40,0
DA:41,0
DA:42,0
DA:45,0
DA:46,0
DA:49,0
DA:52,0
DA:57,0
DA:58,0
DA:66,0
DA:67,0
DA:68,0
DA:72,0
DA:73,0
DA:74,0
DA:78,0
DA:79,0
DA:81,0
DA:107,0
DA:112,0
DA:124,0
DA:131,0
DA:138,0
DA:143,0
DA:174,0
DA:179,0
DA:180,0
DA:182,0
DA:183,0
DA:188,0
DA:189,0
DA:191,0
DA:197,0
DA:198,0
DA:200,0
DA:209,0
DA:210,0
DA:211,0
DA:212,0
DA:214,0
DA:215,0
DA:216,0
DA:217,0
DA:219,0
DA:220,0
DA:224,0
DA:225,0
DA:231,0
DA:232,0
DA:239,0
DA:244,0
DA:245,0
DA:255,0
DA:257,0
DA:330,0
DA:347,0
DA:364,0
DA:433,0
DA:437,0
DA:443,0
DA:447,0
DA:500,0
LF:70
LH:0
BRDA:28,0,0,0
BRDA:35,1,0,0
BRDA:35,1,1,0
BRDA:38,2,0,0
BRDA:38,2,1,0
BRDA:39,3,0,0
BRDA:39,3,1,0
BRDA:40,4,0,0
BRDA:40,4,1,0
BRDA:45,5,0,0
BRDA:45,5,1,0
BRDA:46,6,0,0
BRDA:46,6,1,0
BRDA:57,7,0,0
BRDA:58,8,0,0
BRDA:58,9,0,0
BRDA:58,9,1,0
BRDA:67,10,0,0
BRDA:67,10,1,0
BRDA:73,11,0,0
BRDA:73,11,1,0
BRDA:79,12,0,0
BRDA:79,12,1,0
BRDA:79,12,2,0
BRDA:79,12,3,0
BRDA:84,13,0,0
BRDA:84,13,1,0
BRDA:85,14,0,0
BRDA:85,14,1,0
BRDA:91,15,0,0
BRDA:91,15,1,0
BRDA:92,16,0,0
BRDA:92,16,1,0
BRDA:98,17,0,0
BRDA:98,17,1,0
BRDA:99,18,0,0
BRDA:99,18,1,0
BRDA:105,19,0,0
BRDA:105,19,1,0
BRDA:106,20,0,0
BRDA:106,20,1,0
BRDA:107,21,0,0
BRDA:107,21,1,0
BRDA:115,22,0,0
BRDA:115,22,1,0
BRDA:116,23,0,0
BRDA:116,23,1,0
BRDA:122,24,0,0
BRDA:122,24,1,0
BRDA:123,25,0,0
BRDA:123,25,1,0
BRDA:124,26,0,0
BRDA:124,26,1,0
BRDA:129,27,0,0
BRDA:129,27,1,0
BRDA:130,28,0,0
BRDA:130,28,1,0
BRDA:131,29,0,0
BRDA:131,29,1,0
BRDA:136,30,0,0
BRDA:136,30,1,0
BRDA:137,31,0,0
BRDA:137,31,1,0
BRDA:138,32,0,0
BRDA:138,32,1,0
BRDA:146,33,0,0
BRDA:146,33,1,0
BRDA:147,34,0,0
BRDA:147,34,1,0
BRDA:153,35,0,0
BRDA:153,35,1,0
BRDA:154,36,0,0
BRDA:154,36,1,0
BRDA:160,37,0,0
BRDA:160,37,1,0
BRDA:161,38,0,0
BRDA:161,38,1,0
BRDA:167,39,0,0
BRDA:167,39,1,0
BRDA:168,40,0,0
BRDA:168,40,1,0
BRDA:189,41,0,0
BRDA:189,41,1,0
BRDA:191,42,0,0
BRDA:198,43,0,0
BRDA:198,43,1,0
BRDA:200,44,0,0
BRDA:215,45,0,0
BRDA:215,45,1,0
BRDA:216,46,0,0
BRDA:216,46,1,0
BRDA:217,47,0,0
BRDA:217,47,1,0
BRDA:219,48,0,0
BRDA:219,48,1,0
BRDA:220,49,0,0
BRDA:220,49,1,0
BRDA:224,50,0,0
BRDA:224,50,1,0
BRDA:231,51,0,0
BRDA:231,51,1,0
BRDA:244,52,0,0
BRDA:244,52,1,0
BRDA:269,53,0,0
BRDA:269,53,1,0
BRDA:270,54,0,0
BRDA:270,54,1,0
BRDA:271,55,0,0
BRDA:271,55,1,0
BRDA:272,56,0,0
BRDA:272,56,1,0
BRDA:273,57,0,0
BRDA:273,57,1,0
BRDA:275,58,0,0
BRDA:275,58,1,0
BRDA:278,59,0,0
BRDA:278,59,1,0
BRDA:296,60,0,0
BRDA:296,60,1,0
BRDA:297,61,0,0
BRDA:297,61,1,0
BRDA:298,62,0,0
BRDA:298,62,1,0
BRDA:299,63,0,0
BRDA:299,63,1,0
BRDA:300,64,0,0
BRDA:300,64,1,0
BRDA:302,65,0,0
BRDA:302,65,1,0
BRDA:305,66,0,0
BRDA:305,66,1,0
BRDA:315,67,0,0
BRDA:315,67,1,0
BRDA:328,68,0,0
BRDA:328,68,1,0
BRDA:335,69,0,0
BRDA:335,69,1,0
BRDA:345,70,0,0
BRDA:345,70,1,0
BRDA:352,71,0,0
BRDA:352,71,1,0
BRDA:362,72,0,0
BRDA:362,72,1,0
BRDA:369,73,0,0
BRDA:369,73,1,0
BRDA:399,74,0,0
BRDA:399,74,1,0
BRDA:433,75,0,0
BRDA:433,75,1,0
BRDA:437,76,0,0
BRDA:437,76,1,0
BRDA:438,77,0,0
BRDA:438,77,1,0
BRDA:439,78,0,0
BRDA:439,78,1,0
BRDA:440,79,0,0
BRDA:440,79,1,0
BRDA:443,80,0,0
BRDA:443,80,1,0
BRDA:445,81,0,0
BRDA:445,81,1,0
BRDA:448,82,0,0
BRDA:448,82,1,0
BRDA:456,83,0,0
BRDA:456,83,1,0
BRDA:457,84,0,0
BRDA:457,84,1,0
BRDA:458,85,0,0
BRDA:458,85,1,0
BRDA:470,86,0,0
BRDA:470,86,1,0
BRDA:471,87,0,0
BRDA:471,87,1,0
BRDA:472,88,0,0
BRDA:472,88,1,0
BRF:175
BRH:0
end_of_record
TN:
SF:components/EnhancedPlayerStatistics.tsx
FN:50,(anonymous_0)
FN:64,(anonymous_1)
FN:65,(anonymous_2)
FN:116,(anonymous_3)
FN:132,(anonymous_4)
FN:193,(anonymous_5)
FN:201,(anonymous_6)
FN:265,(anonymous_7)
FN:273,(anonymous_8)
FN:306,(anonymous_9)
FN:339,(anonymous_10)
FN:347,(anonymous_11)
FN:368,(anonymous_12)
FN:378,(anonymous_13)
FN:391,(anonymous_14)
FN:421,(anonymous_15)
FNF:16
FNH:0
FNDA:0,(anonymous_0)
FNDA:0,(anonymous_1)
FNDA:0,(anonymous_2)
FNDA:0,(anonymous_3)
FNDA:0,(anonymous_4)
FNDA:0,(anonymous_5)
FNDA:0,(anonymous_6)
FNDA:0,(anonymous_7)
FNDA:0,(anonymous_8)
FNDA:0,(anonymous_9)
FNDA:0,(anonymous_10)
FNDA:0,(anonymous_11)
FNDA:0,(anonymous_12)
FNDA:0,(anonymous_13)
FNDA:0,(anonymous_14)
FNDA:0,(anonymous_15)
DA:50,0
DA:55,0
DA:56,0
DA:60,0
DA:61,0
DA:62,0
DA:64,0
DA:65,0
DA:66,0
DA:68,0
DA:71,0
DA:77,0
DA:82,0
DA:88,0
DA:91,0
DA:98,0
DA:99,0
DA:100,0
DA:103,0
DA:109,0
DA:113,0
DA:116,0
DA:117,0
DA:118,0
DA:119,0
DA:120,0
DA:123,0
DA:124,0
DA:125,0
DA:126,0
DA:129,0
DA:132,0
DA:133,0
DA:193,0
DA:194,0
DA:195,0
DA:202,0
DA:203,0
DA:212,0
DA:265,0
DA:266,0
DA:267,0
DA:274,0
DA:275,0
DA:284,0
DA:307,0
DA:339,0
DA:347,0
DA:348,0
DA:349,0
DA:352,0
DA:368,0
DA:378,0
DA:391,0
DA:421,0
DA:430,0
LF:56
LH:0
BRDA:68,0,0,0
BRDA:68,0,1,0
BRDA:72,1,0,0
BRDA:72,1,1,0
BRDA:78,2,0,0
BRDA:78,2,1,0
BRDA:99,3,0,0
BRDA:99,3,1,0
BRDA:117,4,0,0
BRDA:117,4,1,0
BRDA:117,5,0,0
BRDA:117,5,1,0
BRDA:123,6,0,0
BRDA:123,6,1,0
BRDA:123,7,0,0
BRDA:123,7,1,0
BRDA:183,8,0,0
BRDA:183,8,1,0
BRDA:184,9,0,0
BRDA:184,9,1,0
BRDA:187,10,0,0
BRDA:187,10,1,0
BRDA:194,11,0,0
BRDA:194,11,1,0
BRDA:216,12,0,0
BRDA:216,12,1,0
BRDA:220,13,0,0
BRDA:220,13,1,0
BRDA:227,14,0,0
BRDA:227,14,1,0
BRDA:231,15,0,0
BRDA:231,15,1,0
BRDA:238,16,0,0
BRDA:238,16,1,0
BRDA:242,17,0,0
BRDA:242,17,1,0
BRDA:266,18,0,0
BRDA:266,18,1,0
BRDA:314,19,0,0
BRDA:314,19,1,0
BRDA:315,20,0,0
BRDA:315,20,1,0
BRDA:318,21,0,0
BRDA:318,21,1,0
BRDA:367,22,0,0
BRDA:367,22,1,0
BRDA:373,23,0,0
BRDA:373,23,1,0
BRDA:377,24,0,0
BRDA:377,24,1,0
BRDA:384,25,0,0
BRDA:384,25,1,0
BRDA:385,26,0,0
BRDA:385,26,1,0
BRDA:390,27,0,0
BRDA:390,27,1,0
BRDA:397,28,0,0
BRDA:397,28,1,0
BRDA:398,29,0,0
BRDA:398,29,1,0
BRDA:404,30,0,0
BRDA:404,30,1,0
BRDA:405,31,0,0
BRDA:405,31,1,0
BRDA:406,32,0,0
BRDA:406,32,1,0
BRDA:409,33,0,0
BRDA:409,33,1,0
BRDA:419,34,0,0
BRDA:419,34,1,0
BRF:70
BRH:0
end_of_record
TN:
SF:components/ErrorBoundary.tsx
FN:22,(anonymous_0)
FN:31,(anonymous_1)
FN:40,(anonymous_2)
FN:62,(anonymous_3)
FN:70,(anonymous_4)
FNF:5
FNH:0
FNDA:0,(anonymous_0)
FNDA:0,(anonymous_1)
FNDA:0,(anonymous_2)
FNDA:0,(anonymous_3)
FNDA:0,(anonymous_4)
DA:23,0
DA:24,0
DA:33,0
DA:42,0
DA:45,0
DA:50,0
DA:57,0
DA:62,0
DA:63,0
DA:71,0
DA:73,0
DA:74,0
DA:78,0
DA:100,0
DA:104,0
LF:15
LH:0
BRDA:71,0,0,0
BRDA:71,0,1,0
BRDA:73,1,0,0
BRDA:73,1,1,0
BRDA:87,2,0,0
BRDA:87,2,1,0
BRF:6
BRH:0
end_of_record
TN:
SF:components/ErrorMessage.tsx
FN:21,(anonymous_0)
FNF:1
FNH:0
FNDA:0,(anonymous_0)
DA:21,0
DA:22,0
DA:29,0
LF:3
LH:0
BRF:0
BRH:0
end_of_record
TN:
SF:components/ExternalLink.tsx
FN:8,ExternalLink
FN:14,(anonymous_1)
FNF:2
FNH:0
FNDA:0,ExternalLink
FNDA:0,(anonymous_1)
DA:9,0
DA:15,0
DA:17,0
DA:19,0
LF:4
LH:0
BRDA:15,0,0,0
BRDA:15,0,1,0
BRF:2
BRH:0
end_of_record
TN:
SF:components/FavoritePlayerPicker.tsx
FN:31,(anonymous_0)
FN:57,(anonymous_1)
FN:64,(anonymous_2)
FN:95,(anonymous_3)
FN:97,(anonymous_4)
FN:125,(anonymous_5)
FN:127,(anonymous_6)
FN:143,(anonymous_7)
FN:145,(anonymous_8)
FN:160,(anonymous_9)
FN:163,(anonymous_10)
FN:187,(anonymous_11)
FN:190,(anonymous_12)
FN:214,(anonymous_13)
FN:220,(anonymous_14)
FN:263,(anonymous_15)
FN:276,(anonymous_16)
FN:286,(anonymous_17)
FN:318,(anonymous_18)
FN:335,(anonymous_19)
FN:339,(anonymous_20)
FNF:21
FNH:0
FNDA:0,(anonymous_0)
FNDA:0,(anonymous_1)
FNDA:0,(anonymous_2)
FNDA:0,(anonymous_3)
FNDA:0,(anonymous_4)
FNDA:0,(anonymous_5)
FNDA:0,(anonymous_6)
FNDA:0,(anonymous_7)
FNDA:0,(anonymous_8)
FNDA:0,(anonymous_9)
FNDA:0,(anonymous_10)
FNDA:0,(anonymous_11)
FNDA:0,(anonymous_12)
FNDA:0,(anonymous_13)
FNDA:0,(anonymous_14)
FNDA:0,(anonymous_15)
FNDA:0,(anonymous_16)
FNDA:0,(anonymous_17)
FNDA:0,(anonymous_18)
FNDA:0,(anonymous_19)
FNDA:0,(anonymous_20)
DA:31,0
DA:32,0
DA:33,0
DA:34,0
DA:36,0
DA:37,0
DA:38,0
DA:39,0
DA:40,0
DA:43,0
DA:57,0
DA:58,0
DA:59,0
DA:64,0
DA:65,0
DA:66,0
DA:67,0
DA:70,0
DA:72,0
DA:74,0
DA:77,0
DA:78,0
DA:80,0
DA:81,0
DA:83,0
DA:84,0
DA:87,0
DA:88,0
DA:90,0
DA:95,0
DA:97,0
DA:98,0
DA:103,0
DA:107,0
DA:108,0
DA:111,0
DA:117,0
DA:125,0
DA:127,0
DA:129,0
DA:132,0
DA:145,0
DA:146,0
DA:149,0
DA:160,0
DA:161,0
DA:163,0
DA:187,0
DA:188,0
DA:190,0
DA:214,0
DA:215,0
DA:220,0
DA:237,0
DA:263,0
DA:277,0
DA:278,0
DA:287,0
DA:288,0
DA:318,0
DA:336,0
DA:339,0
DA:351,0
LF:63
LH:0
BRDA:58,0,0,0
BRDA:58,0,1,0
BRDA:65,1,0,0
BRDA:65,1,1,0
BRDA:74,2,0,0
BRDA:74,2,1,0
BRDA:80,3,0,0
BRDA:80,3,1,0
BRDA:97,4,0,0
BRDA:97,4,1,0
BRDA:129,5,0,0
BRDA:129,5,1,0
BRDA:162,6,0,0
BRDA:162,6,1,0
BRDA:179,7,0,0
BRDA:179,7,1,0
BRDA:189,8,0,0
BRDA:189,8,1,0
BRDA:206,9,0,0
BRDA:206,9,1,0
BRDA:218,10,0,0
BRDA:218,10,1,0
BRDA:229,11,0,0
BRDA:229,11,1,0
BRDA:243,12,0,0
BRDA:243,12,1,0
BRDA:269,13,0,0
BRDA:269,13,1,0
BRDA:274,14,0,0
BRDA:274,14,1,0
BRDA:284,15,0,0
BRDA:284,15,1,0
BRDA:299,16,0,0
BRDA:299,16,1,0
BRDA:308,17,0,0
BRDA:308,17,1,0
BRDA:308,17,2,0
BRDA:314,18,0,0
BRDA:314,18,1,0
BRDA:333,19,0,0
BRDA:333,19,1,0
BRDA:336,20,0,0
BRDA:336,20,1,0
BRF:43
BRH:0
end_of_record
TN:
SF:components/Formula1BlurredPrediction.tsx
FN:38,(anonymous_0)
FNF:1
FNH:0
FNDA:0,(anonymous_0)
DA:38,0
DA:44,0
DA:46,0
DA:94,0
LF:4
LH:0
BRDA:53,0,0,0
BRDA:53,0,1,0
BRDA:74,1,0,0
BRDA:74,1,1,0
BRDA:75,2,0,0
BRDA:75,2,1,0
BRDA:76,3,0,0
BRDA:76,3,1,0
BRDA:84,4,0,0
BRDA:84,4,1,0
BRDA:87,5,0,0
BRDA:87,5,1,0
BRF:12
BRH:0
end_of_record
TN:
SF:components/FreemiumFeature.tsx
FN:32,(anonymous_0)
FN:51,(anonymous_1)
FN:54,(anonymous_2)
FN:102,(anonymous_3)
FN:109,(anonymous_4)
FN:116,(anonymous_5)
FN:123,(anonymous_6)
FN:129,(anonymous_7)
FNF:8
FNH:0
FNDA:0,(anonymous_0)
FNDA:0,(anonymous_1)
FNDA:0,(anonymous_2)
FNDA:0,(anonymous_3)
FNDA:0,(anonymous_4)
FNDA:0,(anonymous_5)
FNDA:0,(anonymous_6)
FNDA:0,(anonymous_7)
DA:32,0
DA:42,0
DA:43,0
DA:44,0
DA:45,0
DA:46,0
DA:47,0
DA:48,0
DA:51,0
DA:52,0
DA:54,0
DA:55,0
DA:57,0
DA:58,0
DA:59,0
DA:61,0
DA:62,0
DA:63,0
DA:64,0
DA:66,0
DA:69,0
DA:70,0
DA:73,0
DA:74,0
DA:75,0
DA:76,0
DA:77,0
DA:82,0
DA:85,0
DA:86,0
DA:89,0
DA:90,0
DA:91,0
DA:92,0
DA:95,0
DA:99,0
DA:102,0
DA:104,0
DA:105,0
DA:109,0
DA:110,0
DA:111,0
DA:116,0
DA:117,0
DA:118,0
DA:119,0
DA:123,0
DA:125,0
DA:129,0
DA:130,0
DA:132,0
DA:133,0
DA:135,0
DA:136,0
DA:137,0
DA:138,0
DA:139,0
DA:140,0
DA:144,0
DA:149,0
DA:150,0
DA:158,0
DA:159,0
DA:163,0
DA:166,0
DA:167,0
DA:186,0
DA:187,0
DA:204,0
DA:208,0
DA:238,0
DA:264,0
DA:281,0
LF:73
LH:0
BRDA:34,0,0,0
BRDA:36,1,0,0
BRDA:37,2,0,0
BRDA:38,3,0,0
BRDA:39,4,0,0
BRDA:55,5,0,0
BRDA:55,5,1,0
BRDA:61,6,0,0
BRDA:61,6,1,0
BRDA:62,7,0,0
BRDA:62,7,1,0
BRDA:70,8,0,0
BRDA:70,8,1,0
BRDA:73,9,0,0
BRDA:73,9,1,0
BRDA:73,10,0,0
BRDA:73,10,1,0
BRDA:75,11,0,0
BRDA:75,11,1,0
BRDA:82,12,0,0
BRDA:82,12,1,0
BRDA:82,13,0,0
BRDA:82,13,1,0
BRDA:86,14,0,0
BRDA:86,14,1,0
BRDA:90,15,0,0
BRDA:90,15,1,0
BRDA:95,16,0,0
BRDA:95,16,1,0
BRDA:104,17,0,0
BRDA:104,17,1,0
BRDA:104,18,0,0
BRDA:104,18,1,0
BRDA:130,19,0,0
BRDA:130,19,1,0
BRDA:135,20,0,0
BRDA:135,20,1,0
BRDA:137,21,0,0
BRDA:137,21,1,0
BRDA:149,22,0,0
BRDA:149,22,1,0
BRDA:158,23,0,0
BRDA:158,23,1,0
BRDA:163,24,0,0
BRDA:163,24,1,0
BRDA:163,24,2,0
BRDA:163,24,3,0
BRDA:163,24,4,0
BRDA:166,25,0,0
BRDA:166,25,1,0
BRDA:166,26,0,0
BRDA:166,26,1,0
BRDA:168,27,0,0
BRDA:168,27,1,0
BRDA:173,28,0,0
BRDA:173,28,1,0
BRDA:186,29,0,0
BRDA:186,29,1,0
BRDA:186,30,0,0
BRDA:186,30,1,0
BRDA:188,31,0,0
BRDA:188,31,1,0
BRDA:215,32,0,0
BRDA:215,32,1,0
BRDA:217,33,0,0
BRDA:217,33,1,0
BRDA:244,34,0,0
BRDA:244,34,1,0
BRDA:265,35,0,0
BRDA:265,35,1,0
BRF:70
BRH:0
end_of_record
TN:
SF:components/GameCard.tsx
FN:33,(anonymous_0)
FN:49,(anonymous_1)
FN:63,(anonymous_2)
FN:70,(anonymous_3)
FN:81,(anonymous_4)
FN:214,(anonymous_5)
FNF:6
FNH:0
FNDA:0,(anonymous_0)
FNDA:0,(anonymous_1)
FNDA:0,(anonymous_2)
FNDA:0,(anonymous_3)
FNDA:0,(anonymous_4)
FNDA:0,(anonymous_5)
DA:33,0
DA:34,0
DA:35,0
DA:38,0
DA:39,0
DA:49,0
DA:50,0
DA:52,0
DA:54,0
DA:56,0
DA:59,0
DA:63,0
DA:64,0
DA:65,0
DA:70,0
DA:72,0
DA:73,0
DA:75,0
DA:76,0
DA:81,0
DA:82,0
DA:89,0
DA:102,0
DA:113,0
DA:123,0
DA:135,0
DA:146,0
DA:157,0
DA:215,0
DA:280,0
LF:30
LH:0
BRDA:38,0,0,0
BRDA:38,0,1,0
BRDA:38,1,0,0
BRDA:38,1,1,0
BRDA:38,1,2,0
BRDA:50,2,0,0
BRDA:50,2,1,0
BRDA:50,2,2,0
BRDA:50,2,3,0
BRDA:50,2,4,0
BRDA:64,3,0,0
BRDA:64,3,1,0
BRDA:73,4,0,0
BRDA:73,4,1,0
BRDA:73,4,2,0
BRDA:139,5,0,0
BRDA:139,5,1,0
BRDA:161,6,0,0
BRDA:161,6,1,0
BRDA:173,7,0,0
BRDA:173,7,1,0
BRDA:181,8,0,0
BRDA:181,8,1,0
BRDA:194,9,0,0
BRDA:194,9,1,0
BRDA:198,10,0,0
BRDA:198,10,1,0
BRDA:206,11,0,0
BRDA:206,11,1,0
BRDA:206,12,0,0
BRDA:206,12,1,0
BRDA:212,13,0,0
BRDA:212,13,1,0
BRDA:230,14,0,0
BRDA:230,14,1,0
BRDA:238,15,0,0
BRDA:238,15,1,0
BRDA:265,16,0,0
BRDA:265,16,1,0
BRF:39
BRH:0
end_of_record
TN:
SF:components/HapticTab.tsx
FN:5,HapticTab
FN:9,(anonymous_1)
FNF:2
FNH:0
FNDA:0,HapticTab
FNDA:0,(anonymous_1)
DA:6,0
DA:10,0
DA:12,0
DA:14,0
LF:4
LH:0
BRDA:10,0,0,0
BRDA:10,0,1,0
BRF:2
BRH:0
end_of_record
TN:
SF:components/Header.tsx
FN:22,(anonymous_0)
FNF:1
FNH:0
FNDA:0,(anonymous_0)
DA:22,0
DA:28,0
DA:29,0
DA:30,0
DA:32,0
DA:99,0
LF:6
LH:0
BRDA:41,0,0,0
BRDA:41,0,1,0
BRDA:64,1,0,0
BRDA:64,1,1,0
BRDA:71,2,0,0
BRDA:71,2,1,0
BRDA:74,3,0,0
BRDA:74,3,1,0
BRF:8
BRH:0
end_of_record
TN:
SF:components/HeatMapChart.tsx
FN:20,(anonymous_0)
FN:44,(anonymous_1)
FN:45,(anonymous_2)
FN:58,(anonymous_3)
FN:65,(anonymous_4)
FN:66,(anonymous_5)
FN:73,(anonymous_6)
FN:74,(anonymous_7)
FN:87,(anonymous_8)
FN:93,(anonymous_9)
FN:97,(anonymous_10)
FN:105,(anonymous_11)
FN:112,(anonymous_12)
FN:113,(anonymous_13)
FN:114,(anonymous_14)
FN:115,(anonymous_15)
FN:126,(anonymous_16)
FN:134,(anonymous_17)
FN:137,(anonymous_18)
FN:140,(anonymous_19)
FN:143,(anonymous_20)
FN:189,(anonymous_21)
FN:204,(anonymous_22)
FN:222,(anonymous_23)
FNF:24
FNH:0
FNDA:0,(anonymous_0)
FNDA:0,(anonymous_1)
FNDA:0,(anonymous_2)
FNDA:0,(anonymous_3)
FNDA:0,(anonymous_4)
FNDA:0,(anonymous_5)
FNDA:0,(anonymous_6)
FNDA:0,(anonymous_7)
FNDA:0,(anonymous_8)
FNDA:0,(anonymous_9)
FNDA:0,(anonymous_10)
FNDA:0,(anonymous_11)
FNDA:0,(anonymous_12)
FNDA:0,(anonymous_13)
FNDA:0,(anonymous_14)
FNDA:0,(anonymous_15)
FNDA:0,(anonymous_16)
FNDA:0,(anonymous_17)
FNDA:0,(anonymous_18)
FNDA:0,(anonymous_19)
FNDA:0,(anonymous_20)
FNDA:0,(anonymous_21)
FNDA:0,(anonymous_22)
FNDA:0,(anonymous_23)
DA:20,0
DA:28,0
DA:31,0
DA:32,0
DA:33,0
DA:36,0
DA:39,0
DA:40,0
DA:41,0
DA:44,0
DA:45,0
DA:46,0
DA:47,0
DA:50,0
DA:53,0
DA:58,0
DA:59,0
DA:65,0
DA:66,0
DA:73,0
DA:74,0
DA:75,0
DA:76,0
DA:87,0
DA:88,0
DA:94,0
DA:95,0
DA:97,0
DA:105,0
DA:106,0
DA:107,0
DA:108,0
DA:112,0
DA:113,0
DA:114,0
DA:115,0
DA:117,0
DA:126,0
DA:127,0
DA:128,0
DA:129,0
DA:132,0
DA:134,0
DA:135,0
DA:137,0
DA:138,0
DA:140,0
DA:141,0
DA:143,0
DA:144,0
DA:148,0
DA:149,0
DA:150,0
DA:151,0
DA:152,0
DA:154,0
DA:158,0
DA:162,0
DA:189,0
DA:206,0
DA:223,0
DA:241,0
LF:62
LH:0
BRDA:22,0,0,0
BRDA:24,1,0,0
BRDA:25,2,0,0
BRDA:32,3,0,0
BRDA:32,3,1,0
BRDA:33,4,0,0
BRDA:33,4,1,0
BRDA:76,5,0,0
BRDA:76,5,1,0
BRDA:93,6,0,0
BRDA:97,7,0,0
BRDA:97,8,0,0
BRDA:97,8,1,0
BRDA:106,9,0,0
BRDA:106,9,1,0
BRDA:121,10,0,0
BRDA:121,10,1,0
BRDA:127,11,0,0
BRDA:127,11,1,0
BRDA:127,12,0,0
BRDA:127,12,1,0
BRDA:132,13,0,0
BRDA:132,13,1,0
BRDA:132,13,2,0
BRDA:132,13,3,0
BRDA:132,13,4,0
BRDA:132,13,5,0
BRDA:134,14,0,0
BRDA:134,14,1,0
BRDA:134,15,0,0
BRDA:134,15,1,0
BRDA:137,16,0,0
BRDA:137,16,1,0
BRDA:137,17,0,0
BRDA:137,17,1,0
BRDA:140,18,0,0
BRDA:140,18,1,0
BRDA:140,19,0,0
BRDA:140,19,1,0
BRDA:143,20,0,0
BRDA:143,20,1,0
BRDA:143,21,0,0
BRDA:143,21,1,0
BRDA:148,22,0,0
BRDA:148,22,1,0
BRDA:149,23,0,0
BRDA:149,23,1,0
BRDA:152,24,0,0
BRDA:152,24,1,0
BRDA:155,25,0,0
BRDA:155,25,1,0
BRDA:169,26,0,0
BRDA:169,26,1,0
BRDA:179,27,0,0
BRDA:179,27,1,0
BRDA:192,28,0,0
BRDA:192,28,1,0
BRF:57
BRH:0
end_of_record
TN:
SF:components/HelloWave.tsx
FN:13,HelloWave
FN:16,(anonymous_1)
FN:23,(anonymous_2)
FNF:3
FNH:0
FNDA:0,HelloWave
FNDA:0,(anonymous_1)
FNDA:0,(anonymous_2)
DA:14,0
DA:16,0
DA:17,0
DA:23,0
DA:27,0
DA:34,0
LF:6
LH:0
BRF:0
BRH:0
end_of_record
TN:
SF:components/HistoricalTrendsChart.tsx
FN:32,(anonymous_0)
FN:46,(anonymous_1)
FN:59,(anonymous_2)
FN:75,(anonymous_3)
FN:79,(anonymous_4)
FN:88,(anonymous_5)
FN:101,(anonymous_6)
FN:103,(anonymous_7)
FN:107,(anonymous_8)
FN:109,(anonymous_9)
FN:115,(anonymous_10)
FN:120,(anonymous_11)
FN:126,(anonymous_12)
FN:127,(anonymous_13)
FN:185,(anonymous_14)
FN:190,(anonymous_15)
FN:194,(anonymous_16)
FNF:17
FNH:0
FNDA:0,(anonymous_0)
FNDA:0,(anonymous_1)
FNDA:0,(anonymous_2)
FNDA:0,(anonymous_3)
FNDA:0,(anonymous_4)
FNDA:0,(anonymous_5)
FNDA:0,(anonymous_6)
FNDA:0,(anonymous_7)
FNDA:0,(anonymous_8)
FNDA:0,(anonymous_9)
FNDA:0,(anonymous_10)
FNDA:0,(anonymous_11)
FNDA:0,(anonymous_12)
FNDA:0,(anonymous_13)
FNDA:0,(anonymous_14)
FNDA:0,(anonymous_15)
FNDA:0,(anonymous_16)
DA:32,0
DA:46,0
DA:47,0
DA:50,0
DA:51,0
DA:54,0
DA:55,0
DA:56,0
DA:59,0
DA:60,0
DA:75,0
DA:76,0
DA:78,0
DA:79,0
DA:83,0
DA:88,0
DA:89,0
DA:90,0
DA:91,0
DA:101,0
DA:103,0
DA:105,0
DA:107,0
DA:110,0
DA:111,0
DA:115,0
DA:120,0
DA:121,0
DA:126,0
DA:127,0
DA:145,0
DA:185,0
DA:191,0
DA:194,0
DA:222,0
LF:35
LH:0
BRDA:33,0,0,0
BRDA:36,1,0,0
BRDA:37,2,0,0
BRDA:38,3,0,0
BRDA:39,4,0,0
BRDA:40,5,0,0
BRDA:41,6,0,0
BRDA:42,7,0,0
BRDA:55,8,0,0
BRDA:55,8,1,0
BRDA:56,9,0,0
BRDA:56,9,1,0
BRDA:76,10,0,0
BRDA:76,10,1,0
BRDA:78,11,0,0
BRDA:78,11,1,0
BRDA:89,12,0,0
BRDA:89,12,1,0
BRDA:91,13,0,0
BRDA:91,13,1,0
BRDA:109,14,0,0
BRDA:126,15,0,0
BRDA:126,16,0,0
BRDA:126,16,1,0
BRDA:127,17,0,0
BRDA:127,18,0,0
BRDA:127,18,1,0
BRDA:132,19,0,0
BRDA:132,19,1,0
BRDA:133,20,0,0
BRDA:133,20,1,0
BRDA:140,21,0,0
BRDA:140,21,1,0
BRDA:159,22,0,0
BRDA:159,22,1,0
BRDA:185,23,0,0
BRDA:185,23,1,0
BRDA:188,24,0,0
BRDA:188,24,1,0
BRDA:201,25,0,0
BRDA:201,25,1,0
BRDA:202,26,0,0
BRDA:202,26,1,0
BRDA:209,27,0,0
BRDA:209,27,1,0
BRF:45
BRH:0
end_of_record
TN:
SF:components/LanguageChangeListener.tsx
FN:12,(anonymous_0)
FN:15,(anonymous_1)
FN:22,(anonymous_2)
FN:31,(anonymous_3)
FN:50,(anonymous_4)
FN:60,(anonymous_5)
FN:71,(anonymous_6)
FN:85,(anonymous_7)
FN:92,(anonymous_8)
FNF:9
FNH:0
FNDA:0,(anonymous_0)
FNDA:0,(anonymous_1)
FNDA:0,(anonymous_2)
FNDA:0,(anonymous_3)
FNDA:0,(anonymous_4)
FNDA:0,(anonymous_5)
FNDA:0,(anonymous_6)
FNDA:0,(anonymous_7)
FNDA:0,(anonymous_8)
DA:12,0
DA:13,0
DA:15,0
DA:17,0
DA:18,0
DA:22,0
DA:23,0
DA:31,0
DA:32,0
DA:33,0
DA:37,0
DA:38,0
DA:39,0
DA:45,0
DA:46,0
DA:48,0
DA:51,0
DA:52,0
DA:54,0
DA:55,0
DA:60,0
DA:61,0
DA:64,0
DA:71,0
DA:72,0
DA:74,0
DA:75,0
DA:76,0
DA:82,0
DA:85,0
DA:86,0
DA:87,0
DA:88,0
DA:92,0
DA:94,0
DA:95,0
DA:101,0
LF:37
LH:0
BRDA:17,0,0,0
BRDA:17,0,1,0
BRDA:24,1,0,0
BRDA:24,1,1,0
BRDA:24,1,2,0
BRDA:33,2,0,0
BRDA:33,2,1,0
BRDA:38,3,0,0
BRDA:38,3,1,0
BRDA:51,4,0,0
BRDA:51,4,1,0
BRDA:54,5,0,0
BRDA:54,5,1,0
BRDA:72,6,0,0
BRDA:72,6,1,0
BRDA:75,7,0,0
BRDA:75,7,1,0
BRDA:87,8,0,0
BRDA:87,8,1,0
BRF:19
BRH:0
end_of_record
TN:
SF:components/LanguageRedirect.tsx
FN:39,(anonymous_0)
FN:47,(anonymous_1)
FN:68,(anonymous_2)
FN:74,(anonymous_3)
FNF:4
FNH:0
FNDA:0,(anonymous_0)
FNDA:0,(anonymous_1)
FNDA:0,(anonymous_2)
FNDA:0,(anonymous_3)
DA:39,0
DA:43,0
DA:44,0
DA:47,0
DA:49,0
DA:50,0
DA:57,0
DA:58,0
DA:61,0
DA:62,0
DA:65,0
DA:68,0
DA:70,0
DA:71,0
DA:73,0
DA:74,0
DA:75,0
DA:77,0
DA:79,0
DA:80,0
DA:84,0
DA:85,0
DA:87,0
DA:88,0
DA:92,0
DA:93,0
DA:96,0
DA:100,0
DA:101,0
DA:103,0
DA:104,0
DA:109,0
LF:32
LH:0
BRDA:49,0,0,0
BRDA:49,0,1,0
BRDA:51,1,0,0
BRDA:51,1,1,0
BRDA:51,1,2,0
BRDA:57,2,0,0
BRDA:57,2,1,0
BRDA:58,3,0,0
BRDA:58,3,1,0
BRDA:61,4,0,0
BRDA:61,4,1,0
BRDA:61,5,0,0
BRDA:61,5,1,0
BRDA:62,6,0,0
BRDA:62,6,1,0
BRDA:70,7,0,0
BRDA:70,7,1,0
BRDA:70,8,0,0
BRDA:70,8,1,0
BRDA:75,9,0,0
BRDA:75,9,1,0
BRDA:77,10,0,0
BRDA:77,10,1,0
BRDA:77,11,0,0
BRDA:77,11,1,0
BRDA:79,12,0,0
BRDA:79,12,1,0
BRDA:85,13,0,0
BRDA:85,13,1,0
BRDA:87,14,0,0
BRDA:87,14,1,0
BRDA:92,15,0,0
BRDA:92,15,1,0
BRDA:101,16,0,0
BRDA:101,16,1,0
BRDA:103,17,0,0
BRDA:103,17,1,0
BRF:37
BRH:0
end_of_record
TN:
SF:components/LanguageSelector.tsx
FN:27,(anonymous_0)
FN:40,(anonymous_1)
FN:65,(anonymous_2)
FN:75,(anonymous_3)
FN:100,(anonymous_4)
FN:117,(anonymous_5)
FN:128,(anonymous_6)
FN:137,(anonymous_7)
FNF:8
FNH:0
FNDA:0,(anonymous_0)
FNDA:0,(anonymous_1)
FNDA:0,(anonymous_2)
FNDA:0,(anonymous_3)
FNDA:0,(anonymous_4)
FNDA:0,(anonymous_5)
FNDA:0,(anonymous_6)
FNDA:0,(anonymous_7)
DA:27,0
DA:28,0
DA:29,0
DA:30,0
DA:31,0
DA:34,0
DA:37,0
DA:40,0
DA:41,0
DA:42,0
DA:43,0
DA:44,0
DA:47,0
DA:53,0
DA:54,0
DA:60,0
DA:65,0
DA:66,0
DA:68,0
DA:75,0
DA:96,0
DA:100,0
DA:117,0
DA:128,0
DA:137,0
DA:147,0
LF:26
LH:0
BRDA:27,0,0,0
BRDA:37,1,0,0
BRDA:37,1,1,0
BRDA:72,2,0,0
BRDA:72,2,1,0
BRDA:80,3,0,0
BRDA:80,3,1,0
BRDA:85,4,0,0
BRDA:85,4,1,0
BRDA:89,5,0,0
BRDA:89,5,1,0
BRDA:104,6,0,0
BRDA:104,6,1,0
BRF:13
BRH:0
end_of_record
TN:
SF:components/LazyComponents.tsx
FN:10,(anonymous_0)
FN:16,(anonymous_1)
FN:22,(anonymous_2)
FNF:3
FNH:0
FNDA:0,(anonymous_0)
FNDA:0,(anonymous_1)
FNDA:0,(anonymous_2)
DA:9,0
DA:10,0
DA:15,0
DA:16,0
DA:21,0
DA:22,0
LF:6
LH:0
BRF:0
BRH:0
end_of_record
TN:
SF:components/LeaderboardPositionChange.tsx
FN:23,(anonymous_0)
FN:37,(anonymous_1)
FN:58,(anonymous_2)
FN:66,(anonymous_3)
FNF:4
FNH:0
FNDA:0,(anonymous_0)
FNDA:0,(anonymous_1)
FNDA:0,(anonymous_2)
FNDA:0,(anonymous_3)
DA:23,0
DA:29,0
DA:32,0
DA:35,0
DA:37,0
DA:38,0
DA:40,0
DA:43,0
DA:53,0
DA:54,0
DA:58,0
DA:59,0
DA:60,0
DA:62,0
DA:66,0
DA:67,0
DA:68,0
DA:70,0
DA:75,0
DA:80,0
DA:85,0
DA:90,0
DA:117,0
LF:23
LH:0
BRDA:26,0,0,0
BRDA:38,1,0,0
BRDA:38,1,1,0
BRDA:38,2,0,0
BRDA:38,2,1,0
BRDA:53,3,0,0
BRDA:53,3,1,0
BRDA:59,4,0,0
BRDA:59,4,1,0
BRDA:67,5,0,0
BRDA:67,5,1,0
BRF:11
BRH:0
end_of_record
TN:
SF:components/LeagueFilters.tsx
FN:41,(anonymous_0)
FN:47,(anonymous_1)
FN:49,(anonymous_2)
FN:54,(anonymous_3)
FN:56,(anonymous_4)
FN:61,(anonymous_5)
FN:89,(anonymous_6)
FN:96,(anonymous_7)
FN:132,(anonymous_8)
FN:149,(anonymous_9)
FN:165,(anonymous_10)
FN:174,(anonymous_11)
FN:186,(anonymous_12)
FN:187,(anonymous_13)
FN:195,(anonymous_14)
FN:196,(anonymous_15)
FNF:16
FNH:0
FNDA:0,(anonymous_0)
FNDA:0,(anonymous_1)
FNDA:0,(anonymous_2)
FNDA:0,(anonymous_3)
FNDA:0,(anonymous_4)
FNDA:0,(anonymous_5)
FNDA:0,(anonymous_6)
FNDA:0,(anonymous_7)
FNDA:0,(anonymous_8)
FNDA:0,(anonymous_9)
FNDA:0,(anonymous_10)
FNDA:0,(anonymous_11)
FNDA:0,(anonymous_12)
FNDA:0,(anonymous_13)
FNDA:0,(anonymous_14)
FNDA:0,(anonymous_15)
DA:17,0
DA:26,0
DA:41,0
DA:42,0
DA:43,0
DA:44,0
DA:47,0
DA:48,0
DA:49,0
DA:50,0
DA:54,0
DA:55,0
DA:56,0
DA:57,0
DA:61,0
DA:68,0
DA:90,0
DA:97,0
DA:98,0
DA:115,0
DA:132,0
DA:149,0
DA:165,0
DA:174,0
DA:186,0
DA:187,0
DA:195,0
DA:196,0
DA:203,0
LF:29
LH:0
BRDA:48,0,0,0
BRDA:48,0,1,0
BRDA:50,1,0,0
BRDA:50,1,1,0
BRDA:55,2,0,0
BRDA:55,2,1,0
BRDA:57,3,0,0
BRDA:57,3,1,0
BRDA:77,4,0,0
BRDA:77,4,1,0
BRDA:94,5,0,0
BRDA:94,5,1,0
BRDA:104,6,0,0
BRDA:104,6,1,0
BRDA:118,7,0,0
BRDA:118,7,1,0
BRDA:165,8,0,0
BRDA:165,8,1,0
BRDA:167,9,0,0
BRDA:167,9,1,0
BRDA:187,10,0,0
BRDA:187,10,1,0
BRDA:196,11,0,0
BRDA:196,11,1,0
BRF:24
BRH:0
end_of_record
TN:
SF:components/LeagueItem.tsx
FN:18,(anonymous_0)
FN:26,(anonymous_1)
FNF:2
FNH:0
FNDA:0,(anonymous_0)
FNDA:0,(anonymous_1)
DA:18,0
DA:23,0
DA:26,0
DA:27,0
DA:28,0
DA:29,0
DA:30,0
DA:31,0
DA:32,0
DA:33,0
DA:36,0
DA:89,0
LF:12
LH:0
BRDA:21,0,0,0
BRDA:28,1,0,0
BRDA:28,1,1,0
BRDA:29,2,0,0
BRDA:29,2,1,0
BRDA:30,3,0,0
BRDA:30,3,1,0
BRDA:31,4,0,0
BRDA:31,4,1,0
BRDA:32,5,0,0
BRDA:32,5,1,0
BRDA:41,6,0,0
BRDA:41,6,1,0
BRDA:43,7,0,0
BRDA:43,7,1,0
BRDA:44,8,0,0
BRDA:44,8,1,0
BRDA:45,9,0,0
BRDA:45,9,1,0
BRDA:72,10,0,0
BRDA:72,10,1,0
BRDA:80,11,0,0
BRDA:80,11,1,0
BRF:23
BRH:0
end_of_record
TN:
SF:components/LegalLinks.tsx
FN:18,(anonymous_0)
FN:35,(anonymous_1)
FN:42,(anonymous_2)
FNF:3
FNH:0
FNDA:0,(anonymous_0)
FNDA:0,(anonymous_1)
FNDA:0,(anonymous_2)
DA:18,0
DA:23,0
DA:24,0
DA:25,0
DA:28,0
DA:35,0
DA:38,0
DA:42,0
DA:45,0
DA:48,0
DA:79,0
LF:11
LH:0
BRDA:19,0,0,0
BRDA:20,1,0,0
BRDA:21,2,0,0
BRDA:49,3,0,0
BRDA:49,3,1,0
BRDA:50,4,0,0
BRDA:50,4,1,0
BRDA:56,5,0,0
BRDA:56,5,1,0
BRDA:63,6,0,0
BRDA:63,6,1,0
BRF:11
BRH:0
end_of_record
TN:
SF:components/LoadingIndicator.tsx
FN:26,(anonymous_0)
FNF:1
FNH:0
FNDA:0,(anonymous_0)
DA:26,0
DA:31,0
DA:39,0
LF:3
LH:0
BRDA:27,0,0,0
BRDA:28,1,0,0
BRDA:29,2,0,0
BRDA:34,3,0,0
BRDA:34,3,1,0
BRF:5
BRH:0
end_of_record
TN:
SF:components/LocalTeamOdds.tsx
FN:17,(anonymous_0)
FN:25,(anonymous_1)
FN:32,(anonymous_2)
FN:78,(anonymous_3)
FN:88,(anonymous_4)
FN:99,(anonymous_5)
FN:139,(anonymous_6)
FN:184,(anonymous_7)
FNF:8
FNH:0
FNDA:0,(anonymous_0)
FNDA:0,(anonymous_1)
FNDA:0,(anonymous_2)
FNDA:0,(anonymous_3)
FNDA:0,(anonymous_4)
FNDA:0,(anonymous_5)
FNDA:0,(anonymous_6)
FNDA:0,(anonymous_7)
DA:17,0
DA:18,0
DA:19,0
DA:20,0
DA:21,0
DA:22,0
DA:23,0
DA:25,0
DA:26,0
DA:32,0
DA:33,0
DA:34,0
DA:35,0
DA:38,0
DA:40,0
DA:44,0
DA:45,0
DA:47,0
DA:48,0
DA:49,0
DA:50,0
DA:54,0
DA:55,0
DA:57,0
DA:58,0
DA:59,0
DA:60,0
DA:64,0
DA:65,0
DA:67,0
DA:69,0
DA:70,0
DA:71,0
DA:78,0
DA:79,0
DA:80,0
DA:81,0
DA:88,0
DA:89,0
DA:102,0
DA:112,0
DA:113,0
DA:124,0
DA:125,0
DA:139,0
DA:140,0
DA:142,0
DA:167,0
DA:184,0
DA:192,0
LF:50
LH:0
BRDA:38,0,0,0
BRDA:38,0,1,0
BRDA:47,1,0,0
BRDA:47,1,1,0
BRDA:57,2,0,0
BRDA:57,2,1,0
BRDA:80,3,0,0
BRDA:80,3,1,0
BRDA:112,4,0,0
BRDA:112,4,1,0
BRDA:124,5,0,0
BRDA:124,5,1,0
BRDA:143,6,0,0
BRDA:143,6,1,0
BRDA:148,7,0,0
BRDA:148,7,1,0
BRDA:150,8,0,0
BRDA:150,8,1,0
BRDA:155,9,0,0
BRDA:155,9,1,0
BRDA:171,10,0,0
BRDA:171,10,1,0
BRF:22
BRH:0
end_of_record
TN:
SF:components/LoyaltyBadge.tsx
FN:12,(anonymous_0)
FN:19,(anonymous_1)
FNF:2
FNH:0
FNDA:0,(anonymous_0)
FNDA:0,(anonymous_1)
DA:12,0
DA:16,0
DA:19,0
DA:20,0
DA:22,0
DA:28,0
DA:34,0
DA:40,0
DA:48,0
DA:51,0
DA:69,0
DA:71,0
DA:102,0
LF:13
LH:0
BRDA:14,0,0,0
BRDA:20,1,0,0
BRDA:20,1,1,0
BRDA:20,1,2,0
BRDA:20,1,3,0
BRF:5
BRH:0
end_of_record
TN:
SF:components/MilestoneAchievementAnimation.tsx
FN:24,(anonymous_0)
FN:40,(anonymous_1)
FN:55,(anonymous_2)
FN:106,(anonymous_3)
FN:121,(anonymous_4)
FN:128,(anonymous_5)
FN:130,(anonymous_6)
FN:176,(anonymous_7)
FNF:8
FNH:0
FNDA:0,(anonymous_0)
FNDA:0,(anonymous_1)
FNDA:0,(anonymous_2)
FNDA:0,(anonymous_3)
FNDA:0,(anonymous_4)
FNDA:0,(anonymous_5)
FNDA:0,(anonymous_6)
FNDA:0,(anonymous_7)
DA:24,0
DA:29,0
DA:30,0
DA:31,0
DA:34,0
DA:36,0
DA:37,0
DA:40,0
DA:41,0
DA:43,0
DA:45,0
DA:47,0
DA:49,0
DA:51,0
DA:55,0
DA:57,0
DA:108,0
DA:109,0
DA:115,0
DA:121,0
DA:128,0
DA:130,0
DA:131,0
DA:132,0
DA:133,0
DA:135,0
DA:173,0
DA:177,0
DA:223,0
LF:29
LH:0
BRDA:41,0,0,0
BRDA:41,0,1,0
BRDA:41,0,2,0
BRDA:41,0,3,0
BRDA:41,0,4,0
BRDA:108,1,0,0
BRDA:108,1,1,0
BRDA:182,2,0,0
BRDA:182,2,1,0
BRDA:182,3,0,0
BRDA:182,3,1,0
BRF:11
BRH:0
end_of_record
TN:
SF:components/MobileAppDownload.tsx
FN:20,(anonymous_0)
FN:30,(anonymous_1)
FN:36,(anonymous_2)
FN:43,(anonymous_3)
FN:107,(anonymous_4)
FN:136,(anonymous_5)
FNF:6
FNH:0
FNDA:0,(anonymous_0)
FNDA:0,(anonymous_1)
FNDA:0,(anonymous_2)
FNDA:0,(anonymous_3)
FNDA:0,(anonymous_4)
FNDA:0,(anonymous_5)
DA:20,0
DA:26,0
DA:27,0
DA:30,0
DA:31,0
DA:32,0
DA:33,0
DA:36,0
DA:37,0
DA:38,0
DA:39,0
DA:43,0
DA:44,0
DA:49,0
DA:52,0
DA:54,0
DA:108,0
DA:110,0
DA:137,0
DA:139,0
DA:169,0
LF:21
LH:0
BRDA:32,0,0,0
BRDA:32,0,1,0
BRDA:38,1,0,0
BRDA:38,1,1,0
BRDA:57,2,0,0
BRDA:57,2,1,0
BRDA:60,3,0,0
BRDA:60,3,1,0
BRDA:85,4,0,0
BRDA:85,4,1,0
BRDA:90,5,0,0
BRDA:90,5,1,0
BRDA:91,6,0,0
BRDA:91,6,1,0
BRDA:105,7,0,0
BRDA:105,7,1,0
BRDA:108,8,0,0
BRDA:108,8,1,0
BRDA:117,9,0,0
BRDA:117,9,1,0
BRDA:134,10,0,0
BRDA:134,10,1,0
BRDA:137,11,0,0
BRDA:137,11,1,0
BRDA:146,12,0,0
BRDA:146,12,1,0
BRF:26
BRH:0
end_of_record
TN:
SF:components/NearbyVenues.tsx
FN:18,(anonymous_0)
FN:27,(anonymous_1)
FN:34,(anonymous_2)
FN:69,(anonymous_3)
FN:79,(anonymous_4)
FN:83,(anonymous_5)
FN:91,(anonymous_6)
FN:127,(anonymous_7)
FN:134,(anonymous_8)
FN:162,(anonymous_9)
FN:170,(anonymous_10)
FN:192,(anonymous_11)
FNF:12
FNH:0
FNDA:0,(anonymous_0)
FNDA:0,(anonymous_1)
FNDA:0,(anonymous_2)
FNDA:0,(anonymous_3)
FNDA:0,(anonymous_4)
FNDA:0,(anonymous_5)
FNDA:0,(anonymous_6)
FNDA:0,(anonymous_7)
FNDA:0,(anonymous_8)
FNDA:0,(anonymous_9)
FNDA:0,(anonymous_10)
FNDA:0,(anonymous_11)
DA:18,0
DA:23,0
DA:24,0
DA:25,0
DA:27,0
DA:28,0
DA:34,0
DA:35,0
DA:36,0
DA:37,0
DA:40,0
DA:42,0
DA:43,0
DA:44,0
DA:45,0
DA:49,0
DA:51,0
DA:52,0
DA:53,0
DA:54,0
DA:57,0
DA:58,0
DA:60,0
DA:61,0
DA:62,0
DA:69,0
DA:70,0
DA:71,0
DA:72,0
DA:79,0
DA:80,0
DA:81,0
DA:83,0
DA:84,0
DA:85,0
DA:88,0
DA:89,0
DA:92,0
DA:93,0
DA:100,0
DA:101,0
DA:112,0
DA:113,0
DA:127,0
DA:128,0
DA:134,0
DA:163,0
DA:171,0
DA:180,0
DA:192,0
DA:200,0
LF:51
LH:0
BRDA:19,0,0,0
BRDA:20,1,0,0
BRDA:42,2,0,0
BRDA:42,2,1,0
BRDA:51,3,0,0
BRDA:51,3,1,0
BRDA:71,4,0,0
BRDA:71,4,1,0
BRDA:84,5,0,0
BRDA:84,5,1,0
BRDA:100,6,0,0
BRDA:100,6,1,0
BRDA:112,7,0,0
BRDA:112,7,1,0
BRDA:155,8,0,0
BRDA:155,8,1,0
BRF:16
BRH:0
end_of_record
TN:
SF:components/NeonGameCard.tsx
FN:37,(anonymous_0)
FN:52,(anonymous_1)
FN:67,(anonymous_2)
FN:74,(anonymous_3)
FN:84,(anonymous_4)
FN:166,(anonymous_5)
FNF:6
FNH:0
FNDA:0,(anonymous_0)
FNDA:0,(anonymous_1)
FNDA:0,(anonymous_2)
FNDA:0,(anonymous_3)
FNDA:0,(anonymous_4)
FNDA:0,(anonymous_5)
DA:37,0
DA:38,0
DA:41,0
DA:42,0
DA:52,0
DA:53,0
DA:55,0
DA:57,0
DA:59,0
DA:62,0
DA:67,0
DA:68,0
DA:69,0
DA:74,0
DA:75,0
DA:76,0
DA:78,0
DA:79,0
DA:84,0
DA:85,0
DA:91,0
DA:92,0
DA:94,0
DA:167,0
DA:263,0
LF:25
LH:0
BRDA:41,0,0,0
BRDA:41,0,1,0
BRDA:41,1,0,0
BRDA:41,1,1,0
BRDA:41,1,2,0
BRDA:53,2,0,0
BRDA:53,2,1,0
BRDA:53,2,2,0
BRDA:53,2,3,0
BRDA:53,2,4,0
BRDA:68,3,0,0
BRDA:68,3,1,0
BRDA:76,4,0,0
BRDA:76,4,1,0
BRDA:76,4,2,0
BRDA:91,5,0,0
BRDA:91,5,1,0
BRDA:97,6,0,0
BRDA:97,6,1,0
BRDA:98,7,0,0
BRDA:98,7,1,0
BRDA:99,8,0,0
BRDA:99,8,1,0
BRDA:107,9,0,0
BRDA:107,9,1,0
BRDA:118,10,0,0
BRDA:118,10,1,0
BRDA:128,11,0,0
BRDA:128,11,1,0
BRDA:147,12,0,0
BRDA:147,12,1,0
BRDA:150,13,0,0
BRDA:150,13,1,0
BRDA:158,14,0,0
BRDA:158,14,1,0
BRDA:158,15,0,0
BRDA:158,15,1,0
BRDA:164,16,0,0
BRDA:164,16,1,0
BRDA:191,17,0,0
BRDA:191,17,1,0
BRDA:247,18,0,0
BRDA:247,18,1,0
BRF:43
BRH:0
end_of_record
TN:
SF:components/NetworkStatusIndicator.tsx
FN:21,(anonymous_0)
FN:38,(anonymous_1)
FN:49,(anonymous_2)
FN:55,(anonymous_3)
FN:64,(anonymous_4)
FN:93,(anonymous_5)
FN:102,(anonymous_6)
FN:118,(anonymous_7)
FN:134,(anonymous_8)
FN:150,(anonymous_9)
FN:159,(anonymous_10)
FN:167,(anonymous_11)
FN:173,(anonymous_12)
FN:239,(anonymous_13)
FNF:14
FNH:0
FNDA:0,(anonymous_0)
FNDA:0,(anonymous_1)
FNDA:0,(anonymous_2)
FNDA:0,(anonymous_3)
FNDA:0,(anonymous_4)
FNDA:0,(anonymous_5)
FNDA:0,(anonymous_6)
FNDA:0,(anonymous_7)
FNDA:0,(anonymous_8)
FNDA:0,(anonymous_9)
FNDA:0,(anonymous_10)
FNDA:0,(anonymous_11)
FNDA:0,(anonymous_12)
FNDA:0,(anonymous_13)
DA:21,0
DA:26,0
DA:27,0
DA:28,0
DA:29,0
DA:30,0
DA:33,0
DA:34,0
DA:35,0
DA:38,0
DA:39,0
DA:42,0
DA:43,0
DA:44,0
DA:45,0
DA:49,0
DA:50,0
DA:51,0
DA:55,0
DA:56,0
DA:64,0
DA:65,0
DA:66,0
DA:67,0
DA:80,0
DA:81,0
DA:94,0
DA:102,0
DA:103,0
DA:105,0
DA:107,0
DA:109,0
DA:111,0
DA:118,0
DA:119,0
DA:121,0
DA:123,0
DA:125,0
DA:127,0
DA:134,0
DA:135,0
DA:137,0
DA:139,0
DA:141,0
DA:143,0
DA:150,0
DA:151,0
DA:152,0
DA:159,0
DA:160,0
DA:162,0
DA:167,0
DA:173,0
DA:240,0
DA:261,0
DA:262,0
DA:265,0
DA:297,0
LF:58
LH:0
BRDA:22,0,0,0
BRDA:23,1,0,0
BRDA:43,2,0,0
BRDA:43,2,1,0
BRDA:65,3,0,0
BRDA:65,3,1,0
BRDA:80,4,0,0
BRDA:80,4,1,0
BRDA:80,5,0,0
BRDA:80,5,1,0
BRDA:103,6,0,0
BRDA:103,6,1,0
BRDA:105,7,0,0
BRDA:105,7,1,0
BRDA:105,7,2,0
BRDA:119,8,0,0
BRDA:119,8,1,0
BRDA:121,9,0,0
BRDA:121,9,1,0
BRDA:121,9,2,0
BRDA:135,10,0,0
BRDA:135,10,1,0
BRDA:137,11,0,0
BRDA:137,11,1,0
BRDA:137,11,2,0
BRDA:151,12,0,0
BRDA:151,12,1,0
BRDA:160,13,0,0
BRDA:160,13,1,0
BRDA:191,14,0,0
BRDA:191,14,1,0
BRDA:191,14,2,0
BRDA:203,15,0,0
BRDA:203,15,1,0
BRDA:205,16,0,0
BRDA:205,16,1,0
BRDA:211,17,0,0
BRDA:211,17,1,0
BRDA:215,18,0,0
BRDA:215,18,1,0
BRDA:220,19,0,0
BRDA:220,19,1,0
BRDA:246,20,0,0
BRDA:246,20,1,0
BRDA:261,21,0,0
BRDA:261,21,1,0
BRDA:261,22,0,0
BRDA:261,22,1,0
BRDA:270,23,0,0
BRDA:270,23,1,0
BRDA:282,24,0,0
BRDA:282,24,1,0
BRDA:286,25,0,0
BRDA:286,25,1,0
BRDA:292,26,0,0
BRDA:292,26,1,0
BRF:56
BRH:0
end_of_record
TN:
SF:components/NotificationManager.tsx
FN:54,(anonymous_0)
FN:67,(anonymous_1)
FN:85,(anonymous_2)
FN:96,(anonymous_3)
FN:109,(anonymous_4)
FN:149,(anonymous_5)
FN:192,(anonymous_6)
FN:193,(anonymous_7)
FN:210,(anonymous_8)
FN:225,(anonymous_9)
FN:249,(anonymous_10)
FN:276,(anonymous_11)
FN:283,(anonymous_12)
FN:342,(anonymous_13)
FNF:14
FNH:0
FNDA:0,(anonymous_0)
FNDA:0,(anonymous_1)
FNDA:0,(anonymous_2)
FNDA:0,(anonymous_3)
FNDA:0,(anonymous_4)
FNDA:0,(anonymous_5)
FNDA:0,(anonymous_6)
FNDA:0,(anonymous_7)
FNDA:0,(anonymous_8)
FNDA:0,(anonymous_9)
FNDA:0,(anonymous_10)
FNDA:0,(anonymous_11)
FNDA:0,(anonymous_12)
FNDA:0,(anonymous_13)
DA:54,0
DA:60,0
DA:61,0
DA:62,0
DA:63,0
DA:64,0
DA:67,0
DA:69,0
DA:72,0
DA:77,0
DA:82,0
DA:85,0
DA:86,0
DA:87,0
DA:88,0
DA:96,0
DA:98,0
DA:99,0
DA:102,0
DA:109,0
DA:110,0
DA:112,0
DA:113,0
DA:116,0
DA:128,0
DA:131,0
DA:132,0
DA:136,0
DA:141,0
DA:149,0
DA:150,0
DA:152,0
DA:153,0
DA:154,0
DA:157,0
DA:169,0
DA:172,0
DA:179,0
DA:184,0
DA:192,0
DA:193,0
DA:195,0
DA:198,0
DA:199,0
DA:202,0
DA:210,0
DA:211,0
DA:214,0
DA:225,0
DA:231,0
DA:234,0
DA:235,0
DA:239,0
DA:249,0
DA:251,0
DA:258,0
DA:261,0
DA:264,0
DA:269,0
DA:276,0
DA:277,0
DA:283,0
DA:284,0
DA:287,0
DA:291,0
DA:297,0
DA:319,0
DA:336,0
DA:342,0
DA:343,0
DA:345,0
DA:346,0
DA:349,0
LF:73
LH:0
BRDA:56,0,0,0
BRDA:57,1,0,0
BRDA:58,2,0,0
BRDA:98,3,0,0
BRDA:98,3,1,0
BRDA:98,4,0,0
BRDA:98,4,1,0
BRDA:118,5,0,0
BRDA:118,5,1,0
BRDA:119,6,0,0
BRDA:119,6,1,0
BRDA:120,7,0,0
BRDA:120,7,1,0
BRDA:131,8,0,0
BRDA:131,8,1,0
BRDA:131,9,0,0
BRDA:131,9,1,0
BRDA:159,10,0,0
BRDA:159,10,1,0
BRDA:160,11,0,0
BRDA:160,11,1,0
BRDA:161,12,0,0
BRDA:161,12,1,0
BRDA:198,13,0,0
BRDA:198,13,1,0
BRDA:234,14,0,0
BRDA:234,14,1,0
BRDA:301,15,0,0
BRDA:301,15,1,0
BRDA:345,16,0,0
BRDA:345,16,1,0
BRF:31
BRH:0
end_of_record
TN:
SF:components/NotificationPermissionManager.tsx
FN:46,(anonymous_0)
FN:65,(anonymous_1)
FN:66,(anonymous_2)
FN:89,(anonymous_3)
FN:95,(anonymous_4)
FN:100,(anonymous_5)
FN:107,(anonymous_6)
FN:140,(anonymous_7)
FN:154,(anonymous_8)
FN:164,(anonymous_9)
FNF:10
FNH:0
FNDA:0,(anonymous_0)
FNDA:0,(anonymous_1)
FNDA:0,(anonymous_2)
FNDA:0,(anonymous_3)
FNDA:0,(anonymous_4)
FNDA:0,(anonymous_5)
FNDA:0,(anonymous_6)
FNDA:0,(anonymous_7)
FNDA:0,(anonymous_8)
FNDA:0,(anonymous_9)
DA:46,0
DA:53,0
DA:56,0
DA:57,0
DA:60,0
DA:61,0
DA:62,0
DA:65,0
DA:66,0
DA:68,0
DA:71,0
DA:72,0
DA:75,0
DA:76,0
DA:80,0
DA:81,0
DA:85,0
DA:89,0
DA:90,0
DA:95,0
DA:96,0
DA:97,0
DA:100,0
DA:107,0
DA:108,0
DA:110,0
DA:113,0
DA:116,0
DA:117,0
DA:121,0
DA:122,0
DA:126,0
DA:130,0
DA:132,0
DA:133,0
DA:140,0
DA:142,0
DA:145,0
DA:148,0
DA:154,0
DA:155,0
DA:158,0
DA:164,0
DA:165,0
DA:210,0
DA:211,0
DA:220,0
DA:223,0
LF:48
LH:0
BRDA:47,0,0,0
BRDA:48,1,0,0
BRDA:49,2,0,0
BRDA:75,3,0,0
BRDA:75,3,1,0
BRDA:80,4,0,0
BRDA:80,4,1,0
BRDA:80,5,0,0
BRDA:80,5,1,0
BRDA:90,6,0,0
BRDA:90,6,1,0
BRDA:91,7,0,0
BRDA:91,7,1,0
BRDA:91,7,2,0
BRDA:116,8,0,0
BRDA:116,8,1,0
BRDA:121,9,0,0
BRDA:121,9,1,0
BRDA:121,10,0,0
BRDA:121,10,1,0
BRDA:188,11,0,0
BRDA:188,11,1,0
BRDA:210,12,0,0
BRDA:210,12,1,0
BRF:24
BRH:0
end_of_record
TN:
SF:components/OddsButton.tsx
FN:57,(anonymous_0)
FN:87,(anonymous_1)
FN:94,(anonymous_2)
FN:190,(anonymous_3)
FN:221,(anonymous_4)
FN:244,(anonymous_5)
FN:336,(anonymous_6)
FN:374,(anonymous_7)
FNF:8
FNH:0
FNDA:0,(anonymous_0)
FNDA:0,(anonymous_1)
FNDA:0,(anonymous_2)
FNDA:0,(anonymous_3)
FNDA:0,(anonymous_4)
FNDA:0,(anonymous_5)
FNDA:0,(anonymous_6)
FNDA:0,(anonymous_7)
DA:57,0
DA:67,0
DA:70,0
DA:71,0
DA:72,0
DA:73,0
DA:76,0
DA:81,0
DA:87,0
DA:88,0
DA:94,0
DA:96,0
DA:97,0
DA:98,0
DA:101,0
DA:102,0
DA:105,0
DA:112,0
DA:121,0
DA:124,0
DA:131,0
DA:134,0
DA:139,0
DA:140,0
DA:141,0
DA:142,0
DA:146,0
DA:148,0
DA:150,0
DA:158,0
DA:161,0
DA:162,0
DA:166,0
DA:174,0
DA:177,0
DA:184,0
DA:185,0
DA:186,0
DA:187,0
DA:190,0
DA:191,0
DA:195,0
DA:196,0
DA:197,0
DA:204,0
DA:211,0
DA:212,0
DA:214,0
DA:221,0
DA:222,0
DA:224,0
DA:232,0
DA:233,0
DA:235,0
DA:237,0
DA:244,0
DA:245,0
DA:246,0
DA:249,0
DA:252,0
DA:253,0
DA:254,0
DA:257,0
DA:258,0
DA:259,0
DA:264,0
DA:274,0
DA:275,0
DA:277,0
DA:280,0
DA:283,0
DA:293,0
DA:296,0
DA:303,0
DA:304,0
DA:305,0
DA:308,0
DA:313,0
DA:316,0
DA:322,0
DA:323,0
DA:326,0
DA:331,0
DA:336,0
DA:337,0
DA:339,0
DA:341,0
DA:344,0
DA:348,0
DA:374,0
DA:386,0
LF:91
LH:0
BRDA:63,0,0,0
BRDA:64,1,0,0
BRDA:77,2,0,0
BRDA:77,2,1,0
BRDA:78,3,0,0
BRDA:78,3,1,0
BRDA:96,4,0,0
BRDA:96,4,1,0
BRDA:139,5,0,0
BRDA:139,5,1,0
BRDA:148,6,0,0
BRDA:148,6,1,0
BRDA:161,7,0,0
BRDA:161,7,1,0
BRDA:195,8,0,0
BRDA:195,8,1,0
BRDA:207,9,0,0
BRDA:207,9,1,0
BRDA:253,10,0,0
BRDA:253,10,1,0
BRDA:258,11,0,0
BRDA:258,11,1,0
BRDA:275,12,0,0
BRDA:275,12,1,0
BRDA:304,13,0,0
BRDA:304,13,1,0
BRDA:328,14,0,0
BRDA:328,14,1,0
BRDA:337,15,0,0
BRDA:337,15,1,0
BRDA:337,15,2,0
BRDA:337,15,3,0
BRDA:355,16,0,0
BRDA:355,16,1,0
BRDA:358,17,0,0
BRDA:358,17,1,0
BRDA:361,18,0,0
BRDA:361,18,1,0
BRDA:365,19,0,0
BRDA:365,19,1,0
BRDA:378,20,0,0
BRDA:378,20,1,0
BRF:42
BRH:0
end_of_record
TN:
SF:components/OddsComparisonComponent.tsx
FN:51,(anonymous_0)
FN:97,(anonymous_1)
FN:160,(anonymous_2)
FN:164,(anonymous_3)
FN:177,(anonymous_4)
FN:272,(anonymous_5)
FN:279,(anonymous_6)
FN:280,(anonymous_7)
FN:281,(anonymous_8)
FN:295,(anonymous_9)
FN:303,(anonymous_10)
FN:339,(anonymous_11)
FN:347,(anonymous_12)
FN:349,(anonymous_13)
FN:427,(anonymous_14)
FN:432,(anonymous_15)
FN:433,(anonymous_16)
FN:456,(anonymous_17)
FN:461,(anonymous_18)
FN:462,(anonymous_19)
FN:475,(anonymous_20)
FN:476,(anonymous_21)
FN:539,(anonymous_22)
FN:541,(anonymous_23)
FN:553,(anonymous_24)
FN:563,(anonymous_25)
FN:578,(anonymous_26)
FN:614,(anonymous_27)
FN:620,(anonymous_28)
FN:628,(anonymous_29)
FN:634,(anonymous_30)
FN:644,(anonymous_31)
FN:663,(anonymous_32)
FN:686,(anonymous_33)
FN:725,(anonymous_34)
FN:735,(anonymous_35)
FN:749,(anonymous_36)
FN:794,(anonymous_37)
FN:808,(anonymous_38)
FN:943,(anonymous_39)
FN:947,(anonymous_40)
FN:957,(anonymous_41)
FN:961,(anonymous_42)
FN:975,(anonymous_43)
FN:984,(anonymous_44)
FN:995,(anonymous_45)
FN:1056,(anonymous_46)
FN:1063,(anonymous_47)
FN:1080,(anonymous_48)
FN:1087,(anonymous_49)
FN:1104,(anonymous_50)
FN:1111,(anonymous_51)
FN:1127,(anonymous_52)
FN:1134,(anonymous_53)
FN:1159,(anonymous_54)
FN:1169,(anonymous_55)
FN:1191,(anonymous_56)
FN:1201,(anonymous_57)
FN:1228,(anonymous_58)
FN:1254,(anonymous_59)
FN:1260,(anonymous_60)
FN:1262,(anonymous_61)
FN:1266,(anonymous_62)
FN:1274,(anonymous_63)
FN:1297,(anonymous_64)
FNF:65
FNH:0
FNDA:0,(anonymous_0)
FNDA:0,(anonymous_1)
FNDA:0,(anonymous_2)
FNDA:0,(anonymous_3)
FNDA:0,(anonymous_4)
FNDA:0,(anonymous_5)
FNDA:0,(anonymous_6)
FNDA:0,(anonymous_7)
FNDA:0,(anonymous_8)
FNDA:0,(anonymous_9)
FNDA:0,(anonymous_10)
FNDA:0,(anonymous_11)
FNDA:0,(anonymous_12)
FNDA:0,(anonymous_13)
FNDA:0,(anonymous_14)
FNDA:0,(anonymous_15)
FNDA:0,(anonymous_16)
FNDA:0,(anonymous_17)
FNDA:0,(anonymous_18)
FNDA:0,(anonymous_19)
FNDA:0,(anonymous_20)
FNDA:0,(anonymous_21)
FNDA:0,(anonymous_22)
FNDA:0,(anonymous_23)
FNDA:0,(anonymous_24)
FNDA:0,(anonymous_25)
FNDA:0,(anonymous_26)
FNDA:0,(anonymous_27)
FNDA:0,(anonymous_28)
FNDA:0,(anonymous_29)
FNDA:0,(anonymous_30)
FNDA:0,(anonymous_31)
FNDA:0,(anonymous_32)
FNDA:0,(anonymous_33)
FNDA:0,(anonymous_34)
FNDA:0,(anonymous_35)
FNDA:0,(anonymous_36)
FNDA:0,(anonymous_37)
FNDA:0,(anonymous_38)
FNDA:0,(anonymous_39)
FNDA:0,(anonymous_40)
FNDA:0,(anonymous_41)
FNDA:0,(anonymous_42)
FNDA:0,(anonymous_43)
FNDA:0,(anonymous_44)
FNDA:0,(anonymous_45)
FNDA:0,(anonymous_46)
FNDA:0,(anonymous_47)
FNDA:0,(anonymous_48)
FNDA:0,(anonymous_49)
FNDA:0,(anonymous_50)
FNDA:0,(anonymous_51)
FNDA:0,(anonymous_52)
FNDA:0,(anonymous_53)
FNDA:0,(anonymous_54)
FNDA:0,(anonymous_55)
FNDA:0,(anonymous_56)
FNDA:0,(anonymous_57)
FNDA:0,(anonymous_58)
FNDA:0,(anonymous_59)
FNDA:0,(anonymous_60)
FNDA:0,(anonymous_61)
FNDA:0,(anonymous_62)
FNDA:0,(anonymous_63)
FNDA:0,(anonymous_64)
DA:51,0
DA:53,0
DA:54,0
DA:55,0
DA:56,0
DA:57,0
DA:58,0
DA:59,0
DA:60,0
DA:61,0
DA:62,0
DA:63,0
DA:64,0
DA:65,0
DA:66,0
DA:68,0
DA:71,0
DA:74,0
DA:75,0
DA:76,0
DA:77,0
DA:80,0
DA:81,0
DA:84,0
DA:85,0
DA:91,0
DA:93,0
DA:94,0
DA:97,0
DA:98,0
DA:99,0
DA:100,0
DA:101,0
DA:104,0
DA:112,0
DA:113,0
DA:114,0
DA:115,0
DA:116,0
DA:119,0
DA:120,0
DA:123,0
DA:124,0
DA:126,0
DA:128,0
DA:129,0
DA:130,0
DA:133,0
DA:143,0
DA:144,0
DA:147,0
DA:148,0
DA:151,0
DA:156,0
DA:160,0
DA:161,0
DA:164,0
DA:165,0
DA:173,0
DA:177,0
DA:179,0
DA:180,0
DA:181,0
DA:185,0
DA:188,0
DA:190,0
DA:198,0
DA:201,0
DA:203,0
DA:204,0
DA:207,0
DA:214,0
DA:221,0
DA:222,0
DA:223,0
DA:225,0
DA:233,0
DA:234,0
DA:235,0
DA:236,0
DA:238,0
DA:240,0
DA:243,0
DA:246,0
DA:254,0
DA:255,0
DA:256,0
DA:257,0
DA:258,0
DA:260,0
DA:263,0
DA:265,0
DA:267,0
DA:272,0
DA:273,0
DA:274,0
DA:275,0
DA:279,0
DA:280,0
DA:281,0
DA:284,0
DA:285,0
DA:286,0
DA:290,0
DA:291,0
DA:294,0
DA:295,0
DA:296,0
DA:297,0
DA:298,0
DA:302,0
DA:303,0
DA:304,0
DA:305,0
DA:306,0
DA:310,0
DA:320,0
DA:335,0
DA:336,0
DA:340,0
DA:341,0
DA:347,0
DA:349,0
DA:352,0
DA:353,0
DA:355,0
DA:357,0
DA:358,0
DA:359,0
DA:361,0
DA:362,0
DA:363,0
DA:365,0
DA:366,0
DA:367,0
DA:369,0
DA:370,0
DA:371,0
DA:373,0
DA:374,0
DA:375,0
DA:377,0
DA:378,0
DA:379,0
DA:381,0
DA:382,0
DA:383,0
DA:385,0
DA:386,0
DA:387,0
DA:390,0
DA:427,0
DA:432,0
DA:433,0
DA:434,0
DA:435,0
DA:436,0
DA:439,0
DA:440,0
DA:441,0
DA:446,0
DA:448,0
DA:452,0
DA:456,0
DA:457,0
DA:461,0
DA:462,0
DA:463,0
DA:464,0
DA:465,0
DA:467,0
DA:471,0
DA:475,0
DA:476,0
DA:477,0
DA:479,0
DA:481,0
DA:483,0
DA:520,0
DA:521,0
DA:524,0
DA:531,0
DA:535,0
DA:539,0
DA:541,0
DA:543,0
DA:546,0
DA:547,0
DA:549,0
DA:553,0
DA:554,0
DA:555,0
DA:558,0
DA:563,0
DA:564,0
DA:567,0
DA:570,0
DA:571,0
DA:574,0
DA:575,0
DA:578,0
DA:580,0
DA:581,0
DA:583,0
DA:598,0
DA:599,0
DA:602,0
DA:603,0
DA:605,0
DA:607,0
DA:609,0
DA:613,0
DA:614,0
DA:615,0
DA:616,0
DA:620,0
DA:621,0
DA:622,0
DA:623,0
DA:628,0
DA:630,0
DA:634,0
DA:635,0
DA:644,0
DA:645,0
DA:663,0
DA:664,0
DA:686,0
DA:687,0
DA:689,0
DA:691,0
DA:692,0
DA:699,0
DA:703,0
DA:704,0
DA:707,0
DA:718,0
DA:727,0
DA:737,0
DA:746,0
DA:749,0
DA:751,0
DA:752,0
DA:755,0
DA:761,0
DA:762,0
DA:766,0
DA:774,0
DA:785,0
DA:786,0
DA:794,0
DA:796,0
[...]
BRDA:168,9,0,0
BRDA:168,9,1,0
BRDA:172,10,0,0
BRDA:172,10,1,0
BRDA:173,11,0,0
BRDA:173,11,1,0
BRDA:174,12,0,0
BRDA:174,12,1,0
BRDA:181,13,0,0
BRDA:181,13,1,0
BRDA:181,13,2,0
BRDA:181,14,0,0
BRDA:181,14,1,0
BRDA:182,15,0,0
BRDA:182,15,1,0
BRDA:195,16,0,0
BRDA:195,16,1,0
BRDA:221,17,0,0
BRDA:221,17,1,0
BRF:37
BRH:0
end_of_record
TN:
SF:screens/SubscriptionScreen.tsx
FN:34,(anonymous_0)
FN:40,(anonymous_1)
FN:41,(anonymous_2)
FN:58,(anonymous_3)
FN:62,(anonymous_4)
FN:91,(anonymous_5)
FN:98,(anonymous_6)
FN:102,(anonymous_7)
FN:118,(anonymous_8)
FN:127,(anonymous_9)
FN:145,(anonymous_10)
FN:156,(anonymous_11)
FN:165,(anonymous_12)
FNF:13
FNH:0
FNDA:0,(anonymous_0)
FNDA:0,(anonymous_1)
FNDA:0,(anonymous_2)
FNDA:0,(anonymous_3)
FNDA:0,(anonymous_4)
FNDA:0,(anonymous_5)
FNDA:0,(anonymous_6)
FNDA:0,(anonymous_7)
FNDA:0,(anonymous_8)
FNDA:0,(anonymous_9)
FNDA:0,(anonymous_10)
FNDA:0,(anonymous_11)
FNDA:0,(anonymous_12)
DA:34,0
DA:35,0
DA:36,0
DA:37,0
DA:38,0
DA:40,0
DA:41,0
DA:42,0
DA:43,0
DA:44,0
DA:45,0
DA:46,0
DA:49,0
DA:51,0
DA:55,0
DA:58,0
DA:60,0
DA:62,0
DA:65,0
DA:68,0
DA:69,0
DA:77,0
DA:91,0
DA:99,0
DA:102,0
DA:119,0
DA:127,0
DA:145,0
DA:156,0
DA:165,0
DA:176,0
LF:31
LH:0
BRDA:44,0,0,0
BRDA:44,0,1,0
BRDA:62,1,0,0
BRDA:62,1,1,0
BRDA:68,2,0,0
BRDA:68,2,1,0
BRDA:84,3,0,0
BRDA:84,3,1,0
BRDA:107,4,0,0
BRDA:107,4,1,0
BRDA:134,5,0,0
BRDA:134,5,1,0
BRF:12
BRH:0
end_of_record
TN:
SF:screens/UFCScreen.tsx
FN:40,(anonymous_0)
FN:50,(anonymous_1)
FN:55,(anonymous_2)
FN:56,(anonymous_3)
FN:75,(anonymous_4)
FN:88,(anonymous_5)
FN:98,(anonymous_6)
FN:120,(anonymous_7)
FN:140,(anonymous_8)
FN:145,(anonymous_9)
FN:152,(anonymous_10)
FN:168,(anonymous_11)
FN:183,(anonymous_12)
FN:188,(anonymous_13)
FN:196,(anonymous_14)
FN:206,(anonymous_15)
FN:222,(anonymous_16)
FN:393,(anonymous_17)
FN:533,(anonymous_18)
FN:598,(anonymous_19)
FN:602,(anonymous_20)
FNF:21
FNH:0
FNDA:0,(anonymous_0)
FNDA:0,(anonymous_1)
FNDA:0,(anonymous_2)
FNDA:0,(anonymous_3)
FNDA:0,(anonymous_4)
FNDA:0,(anonymous_5)
FNDA:0,(anonymous_6)
FNDA:0,(anonymous_7)
FNDA:0,(anonymous_8)
FNDA:0,(anonymous_9)
FNDA:0,(anonymous_10)
FNDA:0,(anonymous_11)
FNDA:0,(anonymous_12)
FNDA:0,(anonymous_13)
FNDA:0,(anonymous_14)
FNDA:0,(anonymous_15)
FNDA:0,(anonymous_16)
FNDA:0,(anonymous_17)
FNDA:0,(anonymous_18)
FNDA:0,(anonymous_19)
FNDA:0,(anonymous_20)
DA:31,0
DA:40,0
DA:41,0
DA:42,0
DA:43,0
DA:44,0
DA:45,0
DA:46,0
DA:47,0
DA:50,0
DA:51,0
DA:55,0
DA:56,0
DA:57,0
DA:58,0
DA:59,0
DA:61,0
DA:62,0
DA:63,0
DA:64,0
DA:67,0
DA:71,0
DA:75,0
DA:76,0
DA:77,0
DA:78,0
DA:80,0
DA:81,0
DA:83,0
DA:88,0
DA:89,0
DA:90,0
DA:91,0
DA:92,0
DA:93,0
DA:97,0
DA:98,0
DA:100,0
DA:103,0
DA:104,0
DA:105,0
DA:107,0
DA:112,0
DA:113,0
DA:115,0
DA:120,0
DA:121,0
DA:122,0
DA:123,0
DA:124,0
DA:127,0
DA:128,0
DA:131,0
DA:132,0
DA:134,0
DA:135,0
DA:140,0
DA:141,0
DA:145,0
DA:146,0
DA:147,0
DA:148,0
DA:152,0
DA:159,0
DA:168,0
DA:183,0
DA:184,0
DA:188,0
DA:189,0
DA:191,0
DA:197,0
DA:206,0
DA:222,0
DA:393,0
DA:481,0
DA:482,0
DA:490,0
DA:491,0
DA:507,0
DA:508,0
DA:530,0
DA:533,0
DA:553,0
DA:598,0
DA:602,0
DA:637,0
LF:86
LH:0
BRDA:59,0,0,0
BRDA:59,0,1,0
BRDA:63,1,0,0
BRDA:63,1,1,0
BRDA:78,2,0,0
BRDA:78,2,1,0
BRDA:91,3,0,0
BRDA:91,3,1,0
BRDA:97,4,0,0
BRDA:97,4,1,0
BRDA:103,5,0,0
BRDA:103,5,1,0
BRDA:127,6,0,0
BRDA:127,6,1,0
BRDA:127,7,0,0
BRDA:127,7,1,0
BRDA:154,8,0,0
BRDA:163,9,0,0
BRDA:163,9,1,0
BRDA:164,10,0,0
BRDA:164,10,1,0
BRDA:176,11,0,0
BRDA:176,11,1,0
BRDA:189,12,0,0
BRDA:189,12,1,0
BRDA:189,13,0,0
BRDA:189,13,1,0
BRDA:198,14,0,0
BRDA:198,14,1,0
BRDA:202,15,0,0
BRDA:202,15,1,0
BRDA:203,16,0,0
BRDA:203,16,1,0
BRDA:210,17,0,0
BRDA:210,17,1,0
BRDA:216,18,0,0
BRDA:216,18,1,0
BRDA:225,19,0,0
BRDA:225,19,1,0
BRDA:227,20,0,0
BRDA:227,20,1,0
BRDA:241,21,0,0
BRDA:241,21,1,0
BRDA:245,22,0,0
BRDA:245,22,1,0
BRDA:256,23,0,0
BRDA:256,23,1,0
BRDA:258,24,0,0
BRDA:258,24,1,0
BRDA:272,25,0,0
BRDA:272,25,1,0
BRDA:275,26,0,0
BRDA:275,26,1,0
BRDA:284,27,0,0
BRDA:284,27,1,0
BRDA:286,28,0,0
BRDA:286,28,1,0
BRDA:289,29,0,0
BRDA:289,29,1,0
BRDA:293,30,0,0
BRDA:293,30,1,0
BRDA:307,31,0,0
BRDA:307,31,1,0
BRDA:329,32,0,0
BRDA:329,32,1,0
BRDA:339,33,0,0
BRDA:339,33,1,0
BRDA:347,34,0,0
BRDA:347,34,1,0
BRDA:351,35,0,0
BRDA:351,35,1,0
BRDA:353,36,0,0
BRDA:353,36,1,0
BRDA:381,37,0,0
BRDA:381,37,1,0
BRDA:387,38,0,0
BRDA:387,38,1,0
BRDA:396,39,0,0
BRDA:396,39,1,0
BRDA:398,40,0,0
BRDA:398,40,1,0
BRDA:412,41,0,0
BRDA:412,41,1,0
BRDA:416,42,0,0
BRDA:416,42,1,0
BRDA:427,43,0,0
BRDA:427,43,1,0
BRDA:429,44,0,0
BRDA:429,44,1,0
BRDA:443,45,0,0
BRDA:443,45,1,0
BRDA:446,46,0,0
BRDA:446,46,1,0
BRDA:455,47,0,0
BRDA:455,47,1,0
BRDA:457,48,0,0
BRDA:457,48,1,0
BRDA:460,49,0,0
BRDA:460,49,1,0
BRDA:464,50,0,0
BRDA:464,50,1,0
BRDA:481,51,0,0
BRDA:481,51,1,0
BRDA:490,52,0,0
BRDA:490,52,1,0
BRDA:507,53,0,0
BRDA:507,53,1,0
BRDA:515,54,0,0
BRDA:515,54,1,0
BRDA:535,55,0,0
BRDA:535,55,1,0
BRDA:538,56,0,0
BRDA:538,56,1,0
BRDA:541,57,0,0
BRDA:541,57,1,0
BRDA:544,58,0,0
BRDA:544,58,1,0
BRDA:545,59,0,0
BRDA:545,59,1,0
BRDA:548,60,0,0
BRDA:548,60,1,0
BRDA:549,61,0,0
BRDA:549,61,1,0
BRDA:563,62,0,0
BRDA:563,62,1,0
BRDA:573,63,0,0
BRDA:573,63,1,0
BRDA:580,64,0,0
BRDA:580,64,1,0
BRDA:586,65,0,0
BRDA:586,65,1,0
BRDA:607,66,0,0
BRDA:607,66,1,0
BRDA:615,67,0,0
BRDA:615,67,1,0
BRDA:625,68,0,0
BRDA:625,68,1,0
BRDA:625,68,2,0
BRF:138
BRH:0
end_of_record
TN:
SF:screens/UIUXDemoScreen.tsx
FN:30,(anonymous_0)
FN:60,(anonymous_1)
FN:90,(anonymous_2)
FN:105,(anonymous_3)
FN:120,(anonymous_4)
FN:143,(anonymous_5)
FN:162,(anonymous_6)
FN:172,(anonymous_7)
FN:177,(anonymous_8)
FN:184,(anonymous_9)
FN:190,(anonymous_10)
FN:195,(anonymous_11)
FN:231,(anonymous_12)
FN:237,(anonymous_13)
FN:243,(anonymous_14)
FN:264,(anonymous_15)
FNF:16
FNH:0
FNDA:0,(anonymous_0)
FNDA:0,(anonymous_1)
FNDA:0,(anonymous_2)
FNDA:0,(anonymous_3)
FNDA:0,(anonymous_4)
FNDA:0,(anonymous_5)
FNDA:0,(anonymous_6)
FNDA:0,(anonymous_7)
FNDA:0,(anonymous_8)
FNDA:0,(anonymous_9)
FNDA:0,(anonymous_10)
FNDA:0,(anonymous_11)
FNDA:0,(anonymous_12)
FNDA:0,(anonymous_13)
FNDA:0,(anonymous_14)
FNDA:0,(anonymous_15)
DA:30,0
DA:31,0
DA:33,0
DA:60,0
DA:61,0
DA:63,0
DA:90,0
DA:91,0
DA:92,0
DA:94,0
DA:101,0
DA:106,0
DA:120,0
DA:143,0
DA:144,0
DA:146,0
DA:162,0
DA:164,0
DA:165,0
DA:166,0
DA:169,0
DA:172,0
DA:173,0
DA:177,0
DA:178,0
DA:179,0
DA:180,0
DA:184,0
DA:185,0
DA:186,0
DA:190,0
DA:191,0
DA:195,0
DA:196,0
DA:231,0
DA:237,0
DA:243,0
DA:264,0
DA:265,0
DA:305,0
DA:337,0
LF:41
LH:0
BRDA:60,0,0,0
BRDA:75,1,0,0
BRDA:75,1,1,0
BRDA:80,2,0,0
BRDA:80,2,1,0
BRDA:117,3,0,0
BRDA:117,3,1,0
BRDA:118,4,0,0
BRDA:118,4,1,0
BRDA:125,5,0,0
BRDA:125,5,1,0
BRDA:125,6,0,0
BRDA:125,6,1,0
BRDA:180,7,0,0
BRDA:180,7,1,0
BRDA:256,8,0,0
BRDA:256,8,1,0
BRDA:281,9,0,0
BRDA:281,9,1,0
BRDA:282,10,0,0
BRDA:282,10,1,0
BRDA:309,11,0,0
BRDA:309,11,1,0
BRDA:310,12,0,0
BRDA:310,12,1,0
BRDA:318,13,0,0
BRDA:318,13,1,0
BRDA:326,14,0,0
BRDA:326,14,1,0
BRDA:346,15,0,0
BRDA:346,15,1,0
BRF:31
BRH:0
end_of_record
TN:
SF:screens/index.ts
FNF:0
FNH:0
LF:0
LH:0
BRF:0
BRH:0
end_of_record
TN:
SF:screens/Auth/ForgotPasswordScreen.tsx
FN:14,(anonymous_0)
FN:20,(anonymous_1)
FN:49,(anonymous_2)
FNF:3
FNH:0
FNDA:0,(anonymous_0)
FNDA:0,(anonymous_1)
FNDA:0,(anonymous_2)
DA:14,0
DA:15,0
DA:16,0
DA:17,0
DA:18,0
DA:20,0
DA:21,0
DA:22,0
DA:23,0
DA:24,0
DA:25,0
DA:27,0
DA:31,0
DA:49,0
DA:59,0
LF:15
LH:0
BRDA:42,0,0,0
BRDA:42,0,1,0
BRDA:43,1,0,0
BRDA:43,1,1,0
BRF:4
BRH:0
end_of_record
TN:
SF:screens/Auth/LoginScreen.tsx
FN:14,(anonymous_0)
FN:20,(anonymous_1)
FN:56,(anonymous_2)
FN:61,(anonymous_3)
FNF:4
FNH:0
FNDA:0,(anonymous_0)
FNDA:0,(anonymous_1)
FNDA:0,(anonymous_2)
FNDA:0,(anonymous_3)
DA:14,0
DA:15,0
DA:16,0
DA:17,0
DA:18,0
DA:20,0
DA:21,0
DA:22,0
DA:23,0
DA:24,0
DA:26,0
DA:30,0
DA:56,0
DA:61,0
DA:72,0
LF:15
LH:0
BRDA:50,0,0,0
BRDA:50,0,1,0
BRF:2
BRH:0
end_of_record
TN:
SF:screens/Auth/SignupScreen.tsx
FN:36,SignupScreen
FN:52,(anonymous_1)
FN:79,(anonymous_2)
FN:96,(anonymous_3)
FN:117,(anonymous_4)
FN:128,(anonymous_5)
FN:159,(anonymous_6)
FN:189,(anonymous_7)
FN:288,(anonymous_8)
FN:316,(anonymous_9)
FN:325,(anonymous_10)
FN:377,(anonymous_11)
FN:446,(anonymous_12)
FNF:13
FNH:0
FNDA:0,SignupScreen
FNDA:0,(anonymous_1)
FNDA:0,(anonymous_2)
FNDA:0,(anonymous_3)
FNDA:0,(anonymous_4)
FNDA:0,(anonymous_5)
FNDA:0,(anonymous_6)
FNDA:0,(anonymous_7)
FNDA:0,(anonymous_8)
FNDA:0,(anonymous_9)
FNDA:0,(anonymous_10)
FNDA:0,(anonymous_11)
FNDA:0,(anonymous_12)
DA:37,0
DA:38,0
DA:39,0
DA:40,0
DA:41,0
DA:42,0
DA:43,0
DA:44,0
DA:45,0
DA:48,0
DA:49,0
DA:52,0
DA:53,0
DA:54,0
DA:55,0
DA:58,0
DA:61,0
DA:64,0
DA:67,0
DA:70,0
DA:73,0
DA:75,0
DA:79,0
DA:80,0
DA:81,0
DA:82,0
DA:85,0
DA:86,0
DA:87,0
DA:88,0
DA:91,0
DA:92,0
DA:96,0
DA:97,0
DA:98,0
DA:99,0
DA:102,0
DA:103,0
DA:104,0
DA:107,0
DA:108,0
DA:109,0
DA:112,0
DA:113,0
DA:117,0
DA:118,0
DA:119,0
DA:120,0
DA:123,0
DA:124,0
DA:128,0
DA:129,0
DA:131,0
DA:132,0
DA:133,0
DA:136,0
DA:137,0
DA:138,0
DA:142,0
DA:148,0
DA:149,0
DA:154,0
DA:159,0
DA:160,0
DA:162,0
DA:163,0
DA:164,0
DA:167,0
DA:168,0
DA:169,0
DA:173,0
DA:179,0
DA:180,0
DA:185,0
DA:189,0
DA:191,0
DA:192,0
DA:193,0
DA:195,0
DA:196,0
DA:199,0
DA:201,0
DA:203,0
DA:206,0
DA:214,0
DA:215,0
DA:216,0
DA:217,0
DA:223,0
DA:226,0
DA:233,0
DA:236,0
DA:237,0
DA:238,0
DA:239,0
DA:240,0
DA:241,0
DA:242,0
DA:243,0
DA:244,0
DA:245,0
DA:246,0
DA:247,0
DA:248,0
DA:249,0
DA:250,0
DA:253,0
DA:254,0
DA:256,0
DA:260,0
DA:289,0
DA:290,0
DA:317,0
DA:318,0
DA:326,0
DA:378,0
DA:379,0
DA:446,0
DA:474,0
LF:119
LH:0
BRDA:53,0,0,0
BRDA:53,0,1,0
BRDA:61,1,0,0
BRDA:61,1,1,0
BRDA:64,2,0,0
BRDA:64,2,1,0
BRDA:67,3,0,0
BRDA:67,3,1,0
BRDA:70,4,0,0
BRDA:70,4,1,0
BRDA:73,5,0,0
BRDA:73,5,1,0
BRDA:80,6,0,0
BRDA:80,6,1,0
BRDA:81,7,0,0
BRDA:81,7,1,0
BRDA:86,8,0,0
BRDA:86,8,1,0
BRDA:87,9,0,0
BRDA:87,9,1,0
BRDA:97,10,0,0
BRDA:97,10,1,0
BRDA:98,11,0,0
BRDA:98,11,1,0
BRDA:102,12,0,0
BRDA:102,12,1,0
BRDA:103,13,0,0
BRDA:103,13,1,0
BRDA:107,14,0,0
BRDA:107,14,1,0
BRDA:108,15,0,0
BRDA:108,15,1,0
BRDA:118,16,0,0
BRDA:118,16,1,0
BRDA:119,17,0,0
BRDA:119,17,1,0
BRDA:136,18,0,0
BRDA:136,18,1,0
BRDA:143,19,0,0
BRDA:143,19,1,0
BRDA:144,20,0,0
BRDA:144,20,1,0
BRDA:150,21,0,0
BRDA:150,21,1,0
BRDA:151,22,0,0
BRDA:151,22,1,0
BRDA:167,23,0,0
BRDA:167,23,1,0
BRDA:174,24,0,0
BRDA:174,24,1,0
BRDA:175,25,0,0
BRDA:175,25,1,0
BRDA:181,26,0,0
BRDA:181,26,1,0
BRDA:182,27,0,0
BRDA:182,27,1,0
BRDA:195,28,0,0
BRDA:195,28,1,0
BRDA:195,29,0,0
BRDA:195,29,1,0
BRDA:195,29,2,0
BRDA:207,30,0,0
BRDA:207,30,1,0
BRDA:210,31,0,0
BRDA:210,31,1,0
BRDA:218,32,0,0
BRDA:218,32,1,0
BRDA:219,33,0,0
BRDA:219,33,1,0
BRDA:233,34,0,0
BRDA:233,34,1,0
BRDA:236,35,0,0
BRDA:236,35,1,0
BRDA:237,36,0,0
BRDA:237,36,1,0
BRDA:238,37,0,0
BRDA:238,37,1,0
BRDA:239,38,0,0
BRDA:239,38,1,0
BRDA:240,39,0,0
BRDA:240,39,1,0
BRDA:241,40,0,0
BRDA:241,40,1,0
BRDA:242,41,0,0
BRDA:242,41,1,0
BRDA:243,42,0,0
BRDA:243,42,1,0
BRDA:245,43,0,0
BRDA:245,43,1,0
BRDA:246,44,0,0
BRDA:246,44,1,0
BRDA:248,45,0,0
BRDA:248,45,1,0
BRDA:249,46,0,0
BRDA:249,46,1,0
BRDA:253,47,0,0
BRDA:253,47,1,0
BRDA:262,48,0,0
BRDA:262,48,1,0
BRDA:266,49,0,0
BRDA:266,49,1,0
BRDA:267,50,0,0
BRDA:267,50,1,0
BRDA:268,51,0,0
BRDA:268,51,1,0
BRDA:270,52,0,0
BRDA:270,52,1,0
BRDA:271,53,0,0
BRDA:271,53,1,0
BRDA:279,54,0,0
BRDA:279,54,1,0
BRDA:280,55,0,0
BRDA:280,55,1,0
BRDA:281,56,0,0
BRDA:281,56,1,0
BRDA:282,57,0,0
BRDA:282,57,1,0
BRDA:285,58,0,0
BRDA:285,58,1,0
BRDA:286,59,0,0
BRDA:286,59,1,0
BRDA:290,60,0,0
BRDA:290,60,1,0
BRDA:296,61,0,0
BRDA:296,61,1,0
BRDA:306,62,0,0
BRDA:306,62,1,0
BRDA:307,63,0,0
BRDA:307,63,1,0
BRDA:308,64,0,0
BRDA:308,64,1,0
BRDA:309,65,0,0
BRDA:309,65,1,0
BRDA:312,66,0,0
BRDA:312,66,1,0
BRDA:313,67,0,0
BRDA:313,67,1,0
BRDA:318,68,0,0
BRDA:318,68,1,0
BRDA:322,69,0,0
BRDA:322,69,1,0
BRDA:332,70,0,0
BRDA:332,70,1,0
BRDA:333,71,0,0
BRDA:333,71,1,0
BRDA:335,72,0,0
BRDA:335,72,1,0
BRDA:338,73,0,0
BRDA:338,73,1,0
BRDA:346,74,0,0
BRDA:346,74,1,0
BRDA:348,75,0,0
BRDA:348,75,1,0
BRDA:348,75,2,0
BRDA:349,76,0,0
BRDA:349,76,1,0
BRDA:349,76,2,0
BRDA:350,77,0,0
BRDA:350,77,1,0
BRDA:350,77,2,0
BRDA:351,78,0,0
BRDA:351,78,1,0
BRDA:351,78,2,0
BRDA:352,79,0,0
BRDA:352,79,1,0
BRDA:352,79,2,0
BRDA:353,80,0,0
BRDA:353,80,1,0
BRDA:353,80,2,0
BRDA:357,81,0,0
BRDA:357,81,1,0
BRDA:367,82,0,0
BRDA:367,82,1,0
BRDA:368,83,0,0
BRDA:368,83,1,0
BRDA:369,84,0,0
BRDA:369,84,1,0
BRDA:370,85,0,0
BRDA:370,85,1,0
BRDA:373,86,0,0
BRDA:373,86,1,0
BRDA:374,87,0,0
BRDA:374,87,1,0
BRDA:379,88,0,0
BRDA:379,88,1,0
BRDA:383,89,0,0
BRDA:383,89,1,0
BRDA:391,90,0,0
BRDA:391,90,1,0
BRDA:392,91,0,0
BRDA:392,91,1,0
BRDA:398,92,0,0
BRDA:398,92,1,0
BRDA:399,93,0,0
BRDA:399,93,1,0
BRDA:403,94,0,0
BRDA:403,94,1,0
BRDA:405,95,0,0
BRDA:405,95,1,0
BRDA:411,96,0,0
BRDA:411,96,1,0
BRDA:412,97,0,0
BRDA:412,97,1,0
BRDA:413,98,0,0
BRDA:413,98,1,0
BRDA:415,99,0,0
BRDA:415,99,1,0
BRDA:426,100,0,0
BRDA:426,100,1,0
BRDA:437,101,0,0
BRDA:437,101,1,0
BRDA:443,102,0,0
BRDA:443,102,1,0
BRDA:444,103,0,0
BRDA:444,103,1,0
BRDA:447,104,0,0
BRDA:447,104,1,0
BRDA:448,105,0,0
BRDA:448,105,1,0
BRDA:454,106,0,0
BRDA:454,106,1,0
BRDA:455,107,0,0
BRDA:455,107,1,0
BRDA:458,108,0,0
BRDA:458,108,1,0
BRDA:459,109,0,0
BRDA:459,109,1,0
BRF:227
BRH:0
end_of_record
TN:
SF:screens/Onboarding/AgeVerificationScreen.tsx
FN:18,(anonymous_0)
FN:25,(anonymous_1)
FN:75,(anonymous_2)
FNF:3
FNH:0
FNDA:0,(anonymous_0)
FNDA:0,(anonymous_1)
FNDA:0,(anonymous_2)
DA:18,0
DA:19,0
DA:20,0
DA:21,0
DA:22,0
DA:23,0
DA:25,0
DA:26,0
DA:27,0
DA:32,0
DA:35,0
DA:36,0
DA:41,0
DA:44,0
DA:46,0
DA:51,0
DA:53,0
DA:54,0
DA:62,0
DA:75,0
DA:130,0
LF:21
LH:0
BRDA:26,0,0,0
BRDA:26,0,1,0
BRDA:35,1,0,0
BRDA:35,1,1,0
BRDA:85,2,0,0
BRDA:85,2,1,0
BRDA:107,3,0,0
BRDA:107,3,1,0
BRF:8
BRH:0
end_of_record
TN:
SF:screens/Onboarding/CookieConsentScreen.tsx
FN:18,(anonymous_0)
FN:30,(anonymous_1)
FN:99,(anonymous_2)
FN:128,(anonymous_3)
FN:157,(anonymous_4)
FN:202,(anonymous_5)
FN:220,(anonymous_6)
FNF:7
FNH:0
FNDA:0,(anonymous_0)
FNDA:0,(anonymous_1)
FNDA:0,(anonymous_2)
FNDA:0,(anonymous_3)
FNDA:0,(anonymous_4)
FNDA:0,(anonymous_5)
FNDA:0,(anonymous_6)
DA:18,0
DA:19,0
DA:20,0
DA:21,0
DA:22,0
DA:25,0
DA:26,0
DA:27,0
DA:28,0
DA:30,0
DA:31,0
DA:32,0
DA:37,0
DA:40,0
DA:42,0
DA:51,0
DA:53,0
DA:54,0
DA:62,0
DA:99,0
DA:128,0
DA:157,0
DA:203,0
DA:204,0
DA:205,0
DA:206,0
DA:222,0
DA:238,0
LF:28
LH:0
BRDA:31,0,0,0
BRDA:31,0,1,0
BRDA:112,1,0,0
BRDA:112,1,1,0
BRDA:116,2,0,0
BRDA:116,2,1,0
BRDA:141,3,0,0
BRDA:141,3,1,0
BRDA:145,4,0,0
BRDA:145,4,1,0
BRDA:170,5,0,0
BRDA:170,5,1,0
BRDA:174,6,0,0
BRDA:174,6,1,0
BRF:14
BRH:0
end_of_record
TN:
SF:screens/Onboarding/GDPRConsentScreen.tsx
FN:18,(anonymous_0)
FN:30,(anonymous_1)
FN:99,(anonymous_2)
FN:128,(anonymous_3)
FN:157,(anonymous_4)
FN:201,(anonymous_5)
FNF:6
FNH:0
FNDA:0,(anonymous_0)
FNDA:0,(anonymous_1)
FNDA:0,(anonymous_2)
FNDA:0,(anonymous_3)
FNDA:0,(anonymous_4)
FNDA:0,(anonymous_5)
DA:18,0
DA:19,0
DA:20,0
DA:21,0
DA:22,0
DA:25,0
DA:26,0
DA:27,0
DA:28,0
DA:30,0
DA:31,0
DA:32,0
DA:37,0
DA:40,0
DA:42,0
DA:51,0
DA:53,0
DA:54,0
DA:62,0
DA:99,0
DA:128,0
DA:157,0
DA:203,0
DA:219,0
LF:24
LH:0
BRDA:31,0,0,0
BRDA:31,0,1,0
BRDA:112,1,0,0
BRDA:112,1,1,0
BRDA:116,2,0,0
BRDA:116,2,1,0
BRDA:141,3,0,0
BRDA:141,3,1,0
BRDA:145,4,0,0
BRDA:145,4,1,0
BRDA:170,5,0,0
BRDA:170,5,1,0
BRDA:174,6,0,0
BRDA:174,6,1,0
BRF:14
BRH:0
end_of_record
TN:
SF:screens/Onboarding/LiabilityWaiverScreen.tsx
FN:30,(anonymous_0)
FN:39,(anonymous_1)
FN:49,(anonymous_2)
FN:95,(anonymous_3)
FN:118,(anonymous_4)
FN:125,(anonymous_5)
FN:133,(anonymous_6)
FN:175,(anonymous_7)
FNF:8
FNH:0
FNDA:0,(anonymous_0)
FNDA:0,(anonymous_1)
FNDA:0,(anonymous_2)
FNDA:0,(anonymous_3)
FNDA:0,(anonymous_4)
FNDA:0,(anonymous_5)
FNDA:0,(anonymous_6)
FNDA:0,(anonymous_7)
DA:30,0
DA:31,0
DA:32,0
DA:33,0
DA:34,0
DA:35,0
DA:36,0
DA:37,0
DA:39,0
DA:40,0
DA:41,0
DA:43,0
DA:45,0
DA:49,0
DA:50,0
DA:52,0
DA:53,0
DA:54,0
DA:59,0
DA:62,0
DA:63,0
DA:64,0
DA:69,0
DA:72,0
DA:73,0
DA:76,0
DA:82,0
DA:83,0
DA:84,0
DA:89,0
DA:90,0
DA:96,0
DA:98,0
DA:106,0
DA:107,0
DA:108,0
DA:110,0
DA:118,0
DA:119,0
DA:127,0
DA:135,0
DA:145,0
DA:175,0
DA:249,0
LF:44
LH:0
BRDA:43,0,0,0
BRDA:43,0,1,0
BRDA:52,1,0,0
BRDA:52,1,1,0
BRDA:62,2,0,0
BRDA:62,2,1,0
BRDA:62,3,0,0
BRDA:62,3,1,0
BRDA:167,4,0,0
BRDA:167,4,1,0
BRDA:190,5,0,0
BRDA:190,5,1,0
BRDA:193,6,0,0
BRDA:193,6,1,0
BRDA:203,7,0,0
BRDA:203,7,1,0
BRDA:227,8,0,0
BRDA:227,8,1,0
BRDA:227,9,0,0
BRDA:227,9,1,0
BRDA:231,10,0,0
BRDA:231,10,1,0
BRDA:236,11,0,0
BRDA:236,11,1,0
BRF:24
BRH:0
end_of_record
TN:
SF:screens/Onboarding/PreferencesScreen.tsx
FN:29,(anonymous_0)
FN:78,(anonymous_1)
FN:80,(anonymous_2)
FN:86,(anonymous_3)
FN:88,(anonymous_4)
FN:94,(anonymous_5)
FN:105,(anonymous_6)
FN:127,(anonymous_7)
FN:135,(anonymous_8)
FN:157,(anonymous_9)
FN:169,(anonymous_10)
FNF:11
FNH:0
FNDA:0,(anonymous_0)
FNDA:0,(anonymous_1)
FNDA:0,(anonymous_2)
FNDA:0,(anonymous_3)
FNDA:0,(anonymous_4)
FNDA:0,(anonymous_5)
FNDA:0,(anonymous_6)
FNDA:0,(anonymous_7)
FNDA:0,(anonymous_8)
FNDA:0,(anonymous_9)
FNDA:0,(anonymous_10)
DA:29,0
DA:30,0
DA:31,0
DA:32,0
DA:34,0
DA:45,0
DA:78,0
DA:79,0
DA:81,0
DA:86,0
DA:87,0
DA:89,0
DA:94,0
DA:97,0
DA:100,0
DA:105,0
DA:128,0
DA:135,0
DA:158,0
DA:169,0
DA:201,0
LF:21
LH:0
BRDA:81,0,0,0
BRDA:81,0,1,0
BRDA:89,1,0,0
BRDA:89,1,1,0
BRDA:132,2,0,0
BRDA:132,2,1,0
BRDA:133,3,0,0
BRDA:133,3,1,0
BRDA:142,4,0,0
BRDA:142,4,1,0
BRDA:144,5,0,0
BRDA:144,5,1,0
BRDA:171,6,0,0
BRDA:171,6,1,0
BRF:14
BRH:0
end_of_record
TN:
SF:screens/Onboarding/ProfileSetupScreen.tsx
FN:16,(anonymous_0)
FN:37,(anonymous_1)
FN:81,(anonymous_2)
FN:98,(anonymous_3)
FNF:4
FNH:0
FNDA:0,(anonymous_0)
FNDA:0,(anonymous_1)
FNDA:0,(anonymous_2)
FNDA:0,(anonymous_3)
DA:16,0
DA:17,0
DA:18,0
DA:19,0
DA:21,0
DA:22,0
DA:23,0
DA:24,0
DA:25,0
DA:26,0
DA:28,0
DA:37,0
DA:45,0
DA:47,0
DA:48,0
DA:51,0
DA:52,0
DA:55,0
DA:56,0
DA:57,0
DA:58,0
DA:61,0
DA:62,0
DA:63,0
DA:64,0
DA:67,0
DA:68,0
DA:69,0
DA:70,0
DA:73,0
DA:74,0
DA:77,0
DA:78,0
DA:81,0
DA:82,0
DA:85,0
DA:89,0
DA:98,0
DA:241,0
LF:39
LH:0
BRDA:47,0,0,0
BRDA:47,0,1,0
BRDA:51,1,0,0
BRDA:51,1,1,0
BRDA:55,2,0,0
BRDA:55,2,1,0
BRDA:57,3,0,0
BRDA:57,3,1,0
BRDA:61,4,0,0
BRDA:61,4,1,0
BRDA:63,5,0,0
BRDA:63,5,1,0
BRDA:67,6,0,0
BRDA:67,6,1,0
BRDA:69,7,0,0
BRDA:69,7,1,0
BRDA:73,8,0,0
BRDA:73,8,1,0
BRDA:82,9,0,0
BRDA:82,9,1,0
BRDA:91,10,0,0
BRDA:91,10,1,0
BRDA:128,11,0,0
BRDA:128,11,1,0
BRDA:144,12,0,0
BRDA:144,12,1,0
BRDA:163,13,0,0
BRDA:163,13,1,0
BRDA:180,14,0,0
BRDA:180,14,1,0
BRDA:197,15,0,0
BRDA:197,15,1,0
BRDA:214,16,0,0
BRDA:214,16,1,0
BRF:34
BRH:0
end_of_record
TN:
SF:screens/Onboarding/ResponsibleGamblingScreen.tsx
FN:18,(anonymous_0)
FN:25,(anonymous_1)
FN:75,(anonymous_2)
FNF:3
FNH:0
FNDA:0,(anonymous_0)
FNDA:0,(anonymous_1)
FNDA:0,(anonymous_2)
DA:18,0
DA:19,0
DA:20,0
DA:21,0
DA:22,0
DA:23,0
DA:25,0
DA:26,0
DA:27,0
DA:32,0
DA:35,0
DA:36,0
DA:41,0
DA:44,0
DA:46,0
DA:51,0
DA:53,0
DA:54,0
DA:62,0
DA:75,0
DA:160,0
LF:21
LH:0
BRDA:26,0,0,0
BRDA:26,0,1,0
BRDA:35,1,0,0
BRDA:35,1,1,0
BRDA:85,2,0,0
BRDA:85,2,1,0
BRDA:137,3,0,0
BRDA:137,3,1,0
BRF:8
BRH:0
end_of_record
TN:
SF:screens/Onboarding/SelfExclusionScreen.tsx
FN:18,(anonymous_0)
FN:24,(anonymous_1)
FN:39,(anonymous_2)
FN:82,(anonymous_3)
FN:94,(anonymous_4)
FNF:5
FNH:0
FNDA:0,(anonymous_0)
FNDA:0,(anonymous_1)
FNDA:0,(anonymous_2)
FNDA:0,(anonymous_3)
FNDA:0,(anonymous_4)
DA:18,0
DA:19,0
DA:20,0
DA:21,0
DA:22,0
DA:24,0
DA:25,0
DA:26,0
DA:31,0
DA:34,0
DA:36,0
DA:39,0
DA:43,0
DA:45,0
DA:50,0
DA:52,0
DA:53,0
DA:62,0
DA:82,0
DA:94,0
DA:113,0
LF:21
LH:0
BRDA:25,0,0,0
BRDA:25,0,1,0
BRDA:34,1,0,0
BRDA:34,1,1,0
BRF:4
BRH:0
end_of_record
TN:
SF:screens/Onboarding/WelcomeScreen.tsx
FN:16,(anonymous_0)
FN:21,(anonymous_1)
FNF:2
FNH:0
FNDA:0,(anonymous_0)
FNDA:0,(anonymous_1)
DA:16,0
DA:17,0
DA:18,0
DA:19,0
DA:21,0
DA:23,0
DA:26,0
DA:85,0
LF:8
LH:0
BRF:0
BRH:0
end_of_record
TN:
SF:screens/Onboarding/Context/ThemeContext.tsx
FN:13,(anonymous_0)
FN:17,(anonymous_1)
FN:18,(anonymous_2)
FN:28,(anonymous_3)
FNF:4
FNH:0
FNDA:0,(anonymous_0)
FNDA:0,(anonymous_1)
FNDA:0,(anonymous_2)
FNDA:0,(anonymous_3)
DA:11,0
DA:13,0
DA:14,0
DA:15,0
DA:17,0
DA:18,0
DA:21,0
DA:28,0
DA:29,0
DA:30,0
DA:31,0
LF:11
LH:0
BRDA:15,0,0,0
BRDA:15,0,1,0
BRDA:18,1,0,0
BRDA:18,1,1,0
BRDA:30,2,0,0
BRDA:30,2,1,0
BRF:6
BRH:0
end_of_record
