{"/Users/lisadario/Desktop/ai-sports-edge/atomic/atoms/envConfig.js": {"path":"/Users/lisadario/Desktop/ai-sports-edge/atomic/atoms/envConfig.js","statementMap":{"0":{"start":{"line":14,"column":25},"end":{"line":37,"column":1}},"1":{"start":{"line":16,"column":2},"end":{"line":18,"column":3}},"2":{"start":{"line":17,"column":4},"end":{"line":17,"column":28}},"3":{"start":{"line":21,"column":2},"end":{"line":34,"column":3}},"4":{"start":{"line":23,"column":6},"end":{"line":27,"column":14}},"5":{"start":{"line":29,"column":4},"end":{"line":31,"column":5}},"6":{"start":{"line":30,"column":6},"end":{"line":30,"column":27}},"7":{"start":{"line":33,"column":4},"end":{"line":33,"column":68}},"8":{"start":{"line":36,"column":2},"end":{"line":36,"column":22}},"9":{"start":{"line":45,"column":30},"end":{"line":54,"column":1}},"10":{"start":{"line":46,"column":22},"end":{"line":46,"column":62}},"11":{"start":{"line":46,"column":49},"end":{"line":46,"column":61}},"12":{"start":{"line":48,"column":2},"end":{"line":52,"column":3}},"13":{"start":{"line":49,"column":4},"end":{"line":49,"column":79}},"14":{"start":{"line":50,"column":4},"end":{"line":50,"column":74}},"15":{"start":{"line":51,"column":4},"end":{"line":51,"column":17}},"16":{"start":{"line":53,"column":2},"end":{"line":53,"column":14}},"17":{"start":{"line":57,"column":29},"end":{"line":57,"column":83}},"18":{"start":{"line":58,"column":28},"end":{"line":58,"column":66}},"19":{"start":{"line":59,"column":22},"end":{"line":59,"column":54}}},"fnMap":{"0":{"name":"(anonymous_0)","decl":{"start":{"line":14,"column":25},"end":{"line":14,"column":26}},"loc":{"start":{"line":14,"column":53},"end":{"line":37,"column":1}},"line":14},"1":{"name":"(anonymous_1)","decl":{"start":{"line":45,"column":30},"end":{"line":45,"column":31}},"loc":{"start":{"line":45,"column":56},"end":{"line":54,"column":1}},"line":45},"2":{"name":"(anonymous_2)","decl":{"start":{"line":46,"column":42},"end":{"line":46,"column":43}},"loc":{"start":{"line":46,"column":49},"end":{"line":46,"column":61}},"line":46}},"branchMap":{"0":{"loc":{"start":{"line":14,"column":31},"end":{"line":14,"column":48}},"type":"default-arg","locations":[{"start":{"line":14,"column":46},"end":{"line":14,"column":48}}],"line":14},"1":{"loc":{"start":{"line":16,"column":2},"end":{"line":18,"column":3}},"type":"if","locations":[{"start":{"line":16,"column":2},"end":{"line":18,"column":3}},{"start":{},"end":{}}],"line":16},"2":{"loc":{"start":{"line":16,"column":6},"end":{"line":16,"column":71}},"type":"binary-expr","locations":[{"start":{"line":16,"column":6},"end":{"line":16,"column":36}},{"start":{"line":16,"column":40},"end":{"line":16,"column":51}},{"start":{"line":16,"column":55},"end":{"line":16,"column":71}}],"line":16},"3":{"loc":{"start":{"line":23,"column":6},"end":{"line":27,"column":14}},"type":"cond-expr","locations":[{"start":{"line":24,"column":10},"end":{"line":24,"column":38}},{"start":{"line":25,"column":10},"end":{"line":27,"column":14}}],"line":23},"4":{"loc":{"start":{"line":23,"column":6},"end":{"line":23,"column":67}},"type":"binary-expr","locations":[{"start":{"line":23,"column":6},"end":{"line":23,"column":35}},{"start":{"line":23,"column":39},"end":{"line":23,"column":67}}],"line":23},"5":{"loc":{"start":{"line":25,"column":10},"end":{"line":27,"column":14}},"type":"cond-expr","locations":[{"start":{"line":26,"column":12},"end":{"line":26,"column":40}},{"start":{"line":27,"column":12},"end":{"line":27,"column":14}}],"line":25},"6":{"loc":{"start":{"line":25,"column":10},"end":{"line":25,"column":71}},"type":"binary-expr","locations":[{"start":{"line":25,"column":10},"end":{"line":25,"column":39}},{"start":{"line":25,"column":43},"end":{"line":25,"column":71}}],"line":25},"7":{"loc":{"start":{"line":29,"column":4},"end":{"line":31,"column":5}},"type":"if","locations":[{"start":{"line":29,"column":4},"end":{"line":31,"column":5}},{"start":{},"end":{}}],"line":29},"8":{"loc":{"start":{"line":29,"column":8},"end":{"line":29,"column":33}},"type":"binary-expr","locations":[{"start":{"line":29,"column":8},"end":{"line":29,"column":16}},{"start":{"line":29,"column":20},"end":{"line":29,"column":33}}],"line":29},"9":{"loc":{"start":{"line":48,"column":2},"end":{"line":52,"column":3}},"type":"if","locations":[{"start":{"line":48,"column":2},"end":{"line":52,"column":3}},{"start":{},"end":{}}],"line":48}},"s":{"0":2,"1":44,"2":20,"3":24,"4":24,"5":24,"6":0,"7":0,"8":24,"9":2,"10":4,"11":12,"12":4,"13":0,"14":0,"15":0,"16":4,"17":2,"18":2,"19":2},"f":{"0":44,"1":4,"2":12},"b":{"0":[34],"1":[20,24],"2":[44,44,44],"3":[0,24],"4":[24,0],"5":[0,24],"6":[24,24],"7":[0,24],"8":[24,24],"9":[0,4]},"_coverageSchema":"1a1c01bbd47fc00a2c39e90264f33305004495a9","hash":"5d66d6ec03fe501c30b6a986f7d63de6d16df505"}
,"/Users/lisadario/Desktop/ai-sports-edge/atomic/atoms/envValidator.js": {"path":"/Users/lisadario/Desktop/ai-sports-edge/atomic/atoms/envValidator.js","statementMap":{"0":{"start":{"line":8,"column":26},"end":{"line":19,"column":1}},"1":{"start":{"line":26,"column":18},"end":{"line":26,"column":20}},"2":{"start":{"line":27,"column":18},"end":{"line":27,"column":23}},"3":{"start":{"line":30,"column":2},"end":{"line":37,"column":5}},"4":{"start":{"line":31,"column":30},"end":{"line":31,"column":75}},"5":{"start":{"line":31,"column":53},"end":{"line":31,"column":74}},"6":{"start":{"line":33,"column":4},"end":{"line":36,"column":5}},"7":{"start":{"line":34,"column":6},"end":{"line":34,"column":44}},"8":{"start":{"line":35,"column":6},"end":{"line":35,"column":23}},"9":{"start":{"line":39,"column":2},"end":{"line":42,"column":4}},"10":{"start":{"line":51,"column":16},"end":{"line":51,"column":59}},"11":{"start":{"line":53,"column":2},"end":{"line":58,"column":5}},"12":{"start":{"line":54,"column":4},"end":{"line":54,"column":48}},"13":{"start":{"line":55,"column":4},"end":{"line":57,"column":7}},"14":{"start":{"line":56,"column":6},"end":{"line":56,"column":36}},"15":{"start":{"line":60,"column":2},"end":{"line":60,"column":17}},"16":{"start":{"line":69,"column":16},"end":{"line":69,"column":18}},"17":{"start":{"line":71,"column":2},"end":{"line":74,"column":3}},"18":{"start":{"line":72,"column":4},"end":{"line":73,"column":97}},"19":{"start":{"line":76,"column":2},"end":{"line":78,"column":3}},"20":{"start":{"line":77,"column":4},"end":{"line":77,"column":77}},"21":{"start":{"line":80,"column":2},"end":{"line":80,"column":17}}},"fnMap":{"0":{"name":"checkEnvVars","decl":{"start":{"line":25,"column":16},"end":{"line":25,"column":28}},"loc":{"start":{"line":25,"column":31},"end":{"line":43,"column":1}},"line":25},"1":{"name":"(anonymous_1)","decl":{"start":{"line":30,"column":44},"end":{"line":30,"column":45}},"loc":{"start":{"line":30,"column":66},"end":{"line":37,"column":3}},"line":30},"2":{"name":"(anonymous_2)","decl":{"start":{"line":31,"column":42},"end":{"line":31,"column":43}},"loc":{"start":{"line":31,"column":53},"end":{"line":31,"column":74}},"line":31},"3":{"name":"getMissingEnvVarsMessage","decl":{"start":{"line":50,"column":16},"end":{"line":50,"column":40}},"loc":{"start":{"line":50,"column":50},"end":{"line":61,"column":1}},"line":50},"4":{"name":"(anonymous_4)","decl":{"start":{"line":53,"column":34},"end":{"line":53,"column":35}},"loc":{"start":{"line":53,"column":56},"end":{"line":58,"column":3}},"line":53},"5":{"name":"(anonymous_5)","decl":{"start":{"line":55,"column":17},"end":{"line":55,"column":18}},"loc":{"start":{"line":55,"column":28},"end":{"line":57,"column":5}},"line":55},"6":{"name":"getCategoryInstructions","decl":{"start":{"line":68,"column":16},"end":{"line":68,"column":39}},"loc":{"start":{"line":68,"column":49},"end":{"line":81,"column":1}},"line":68}},"branchMap":{"0":{"loc":{"start":{"line":33,"column":4},"end":{"line":36,"column":5}},"type":"if","locations":[{"start":{"line":33,"column":4},"end":{"line":36,"column":5}},{"start":{},"end":{}}],"line":33},"1":{"loc":{"start":{"line":71,"column":2},"end":{"line":74,"column":3}},"type":"if","locations":[{"start":{"line":71,"column":2},"end":{"line":74,"column":3}},{"start":{},"end":{}}],"line":71},"2":{"loc":{"start":{"line":76,"column":2},"end":{"line":78,"column":3}},"type":"if","locations":[{"start":{"line":76,"column":2},"end":{"line":78,"column":3}},{"start":{},"end":{}}],"line":76}},"s":{"0":0,"1":0,"2":0,"3":0,"4":0,"5":0,"6":0,"7":0,"8":0,"9":0,"10":0,"11":0,"12":0,"13":0,"14":0,"15":0,"16":0,"17":0,"18":0,"19":0,"20":0,"21":0},"f":{"0":0,"1":0,"2":0,"3":0,"4":0,"5":0,"6":0},"b":{"0":[0,0],"1":[0,0],"2":[0,0]}}
,"/Users/lisadario/Desktop/ai-sports-edge/atomic/atoms/errorUtils.js": {"path":"/Users/lisadario/Desktop/ai-sports-edge/atomic/atoms/errorUtils.js","statementMap":{"0":{"start":{"line":22,"column":32},"end":{"line":35,"column":1}},"1":{"start":{"line":23,"column":2},"end":{"line":34,"column":3}},"2":{"start":{"line":25,"column":4},"end":{"line":27,"column":5}},"3":{"start":{"line":26,"column":6},"end":{"line":26,"column":55}},"4":{"start":{"line":33,"column":4},"end":{"line":33,"column":60}},"5":{"start":{"line":42,"column":27},"end":{"line":52,"column":1}},"6":{"start":{"line":43,"column":2},"end":{"line":43,"column":26}},"7":{"start":{"line":43,"column":14},"end":{"line":43,"column":26}},"8":{"start":{"line":45,"column":2},"end":{"line":51,"column":4}},"9":{"start":{"line":61,"column":27},"end":{"line":66,"column":1}},"10":{"start":{"line":62,"column":16},"end":{"line":62,"column":34}},"11":{"start":{"line":63,"column":2},"end":{"line":63,"column":20}},"12":{"start":{"line":64,"column":2},"end":{"line":64,"column":26}},"13":{"start":{"line":65,"column":2},"end":{"line":65,"column":15}},"14":{"start":{"line":73,"column":26},"end":{"line":99,"column":1}},"15":{"start":{"line":74,"column":2},"end":{"line":76,"column":3}},"16":{"start":{"line":75,"column":4},"end":{"line":75,"column":17}},"17":{"start":{"line":78,"column":2},"end":{"line":80,"column":3}},"18":{"start":{"line":79,"column":4},"end":{"line":79,"column":28}},"19":{"start":{"line":82,"column":2},"end":{"line":96,"column":3}},"20":{"start":{"line":83,"column":4},"end":{"line":93,"column":5}},"21":{"start":{"line":84,"column":26},"end":{"line":84,"column":50}},"22":{"start":{"line":87,"column":6},"end":{"line":87,"column":52}},"23":{"start":{"line":87,"column":22},"end":{"line":87,"column":52}},"24":{"start":{"line":88,"column":6},"end":{"line":88,"column":52}},"25":{"start":{"line":88,"column":22},"end":{"line":88,"column":52}},"26":{"start":{"line":89,"column":6},"end":{"line":89,"column":55}},"27":{"start":{"line":89,"column":23},"end":{"line":89,"column":55}},"28":{"start":{"line":90,"column":6},"end":{"line":90,"column":61}},"29":{"start":{"line":90,"column":25},"end":{"line":90,"column":61}},"30":{"start":{"line":92,"column":6},"end":{"line":92,"column":25}},"31":{"start":{"line":95,"column":4},"end":{"line":95,"column":44}},"32":{"start":{"line":98,"column":2},"end":{"line":98,"column":36}},"33":{"start":{"line":107,"column":28},"end":{"line":111,"column":1}},"34":{"start":{"line":108,"column":2},"end":{"line":108,"column":33}},"35":{"start":{"line":108,"column":14},"end":{"line":108,"column":33}},"36":{"start":{"line":110,"column":2},"end":{"line":110,"column":35}},"37":{"start":{"line":119,"column":38},"end":{"line":141,"column":1}},"38":{"start":{"line":120,"column":2},"end":{"line":120,"column":36}},"39":{"start":{"line":120,"column":14},"end":{"line":120,"column":36}},"40":{"start":{"line":123,"column":24},"end":{"line":137,"column":3}},"41":{"start":{"line":139,"column":15},"end":{"line":139,"column":34}},"42":{"start":{"line":140,"column":2},"end":{"line":140,"column":64}},"43":{"start":{"line":148,"column":30},"end":{"line":169,"column":1}},"44":{"start":{"line":149,"column":2},"end":{"line":149,"column":27}},"45":{"start":{"line":149,"column":14},"end":{"line":149,"column":27}},"46":{"start":{"line":151,"column":28},"end":{"line":155,"column":3}},"47":{"start":{"line":157,"column":31},"end":{"line":162,"column":3}},"48":{"start":{"line":164,"column":15},"end":{"line":164,"column":34}},"49":{"start":{"line":165,"column":2},"end":{"line":165,"column":52}},"50":{"start":{"line":165,"column":40},"end":{"line":165,"column":52}},"51":{"start":{"line":167,"column":18},"end":{"line":167,"column":37}},"52":{"start":{"line":168,"column":2},"end":{"line":168,"column":65}},"53":{"start":{"line":168,"column":42},"end":{"line":168,"column":63}},"54":{"start":{"line":176,"column":27},"end":{"line":181,"column":1}},"55":{"start":{"line":177,"column":2},"end":{"line":177,"column":27}},"56":{"start":{"line":177,"column":14},"end":{"line":177,"column":27}},"57":{"start":{"line":179,"column":15},"end":{"line":179,"column":34}},"58":{"start":{"line":180,"column":2},"end":{"line":180,"column":34}},"59":{"start":{"line":188,"column":33},"end":{"line":195,"column":1}},"60":{"start":{"line":189,"column":2},"end":{"line":189,"column":27}},"61":{"start":{"line":189,"column":14},"end":{"line":189,"column":27}},"62":{"start":{"line":191,"column":31},"end":{"line":191,"column":84}},"63":{"start":{"line":193,"column":15},"end":{"line":193,"column":34}},"64":{"start":{"line":194,"column":2},"end":{"line":194,"column":45}}},"fnMap":{"0":{"name":"(anonymous_0)","decl":{"start":{"line":22,"column":32},"end":{"line":22,"column":33}},"loc":{"start":{"line":22,"column":52},"end":{"line":35,"column":1}},"line":22},"1":{"name":"(anonymous_1)","decl":{"start":{"line":42,"column":27},"end":{"line":42,"column":28}},"loc":{"start":{"line":42,"column":36},"end":{"line":52,"column":1}},"line":42},"2":{"name":"(anonymous_2)","decl":{"start":{"line":61,"column":27},"end":{"line":61,"column":28}},"loc":{"start":{"line":61,"column":60},"end":{"line":66,"column":1}},"line":61},"3":{"name":"(anonymous_3)","decl":{"start":{"line":73,"column":26},"end":{"line":73,"column":27}},"loc":{"start":{"line":73,"column":35},"end":{"line":99,"column":1}},"line":73},"4":{"name":"(anonymous_4)","decl":{"start":{"line":107,"column":28},"end":{"line":107,"column":29}},"loc":{"start":{"line":107,"column":70},"end":{"line":111,"column":1}},"line":107},"5":{"name":"(anonymous_5)","decl":{"start":{"line":119,"column":38},"end":{"line":119,"column":39}},"loc":{"start":{"line":119,"column":98},"end":{"line":141,"column":1}},"line":119},"6":{"name":"(anonymous_6)","decl":{"start":{"line":148,"column":30},"end":{"line":148,"column":31}},"loc":{"start":{"line":148,"column":39},"end":{"line":169,"column":1}},"line":148},"7":{"name":"(anonymous_7)","decl":{"start":{"line":168,"column":35},"end":{"line":168,"column":36}},"loc":{"start":{"line":168,"column":42},"end":{"line":168,"column":63}},"line":168},"8":{"name":"(anonymous_8)","decl":{"start":{"line":176,"column":27},"end":{"line":176,"column":28}},"loc":{"start":{"line":176,"column":36},"end":{"line":181,"column":1}},"line":176},"9":{"name":"(anonymous_9)","decl":{"start":{"line":188,"column":33},"end":{"line":188,"column":34}},"loc":{"start":{"line":188,"column":42},"end":{"line":195,"column":1}},"line":188}},"branchMap":{"0":{"loc":{"start":{"line":25,"column":4},"end":{"line":27,"column":5}},"type":"if","locations":[{"start":{"line":25,"column":4},"end":{"line":27,"column":5}},{"start":{},"end":{}}],"line":25},"1":{"loc":{"start":{"line":25,"column":8},"end":{"line":25,"column":57}},"type":"binary-expr","locations":[{"start":{"line":25,"column":8},"end":{"line":25,"column":46}},{"start":{"line":25,"column":50},"end":{"line":25,"column":57}}],"line":25},"2":{"loc":{"start":{"line":43,"column":2},"end":{"line":43,"column":26}},"type":"if","locations":[{"start":{"line":43,"column":2},"end":{"line":43,"column":26}},{"start":{},"end":{}}],"line":43},"3":{"loc":{"start":{"line":61,"column":43},"end":{"line":61,"column":55}},"type":"default-arg","locations":[{"start":{"line":61,"column":53},"end":{"line":61,"column":55}}],"line":61},"4":{"loc":{"start":{"line":74,"column":2},"end":{"line":76,"column":3}},"type":"if","locations":[{"start":{"line":74,"column":2},"end":{"line":76,"column":3}},{"start":{},"end":{}}],"line":74},"5":{"loc":{"start":{"line":78,"column":2},"end":{"line":80,"column":3}},"type":"if","locations":[{"start":{"line":78,"column":2},"end":{"line":80,"column":3}},{"start":{},"end":{}}],"line":78},"6":{"loc":{"start":{"line":82,"column":2},"end":{"line":96,"column":3}},"type":"if","locations":[{"start":{"line":82,"column":2},"end":{"line":96,"column":3}},{"start":{},"end":{}}],"line":82},"7":{"loc":{"start":{"line":82,"column":6},"end":{"line":82,"column":49}},"type":"binary-expr","locations":[{"start":{"line":82,"column":6},"end":{"line":82,"column":31}},{"start":{"line":82,"column":35},"end":{"line":82,"column":49}}],"line":82},"8":{"loc":{"start":{"line":83,"column":4},"end":{"line":93,"column":5}},"type":"if","locations":[{"start":{"line":83,"column":4},"end":{"line":93,"column":5}},{"start":{},"end":{}}],"line":83},"9":{"loc":{"start":{"line":87,"column":6},"end":{"line":87,"column":52}},"type":"if","locations":[{"start":{"line":87,"column":6},"end":{"line":87,"column":52}},{"start":{},"end":{}}],"line":87},"10":{"loc":{"start":{"line":88,"column":6},"end":{"line":88,"column":52}},"type":"if","locations":[{"start":{"line":88,"column":6},"end":{"line":88,"column":52}},{"start":{},"end":{}}],"line":88},"11":{"loc":{"start":{"line":89,"column":6},"end":{"line":89,"column":55}},"type":"if","locations":[{"start":{"line":89,"column":6},"end":{"line":89,"column":55}},{"start":{},"end":{}}],"line":89},"12":{"loc":{"start":{"line":90,"column":6},"end":{"line":90,"column":61}},"type":"if","locations":[{"start":{"line":90,"column":6},"end":{"line":90,"column":61}},{"start":{},"end":{}}],"line":90},"13":{"loc":{"start":{"line":107,"column":36},"end":{"line":107,"column":65}},"type":"default-arg","locations":[{"start":{"line":107,"column":50},"end":{"line":107,"column":65}}],"line":107},"14":{"loc":{"start":{"line":108,"column":2},"end":{"line":108,"column":33}},"type":"if","locations":[{"start":{"line":108,"column":2},"end":{"line":108,"column":33}},{"start":{},"end":{}}],"line":108},"15":{"loc":{"start":{"line":110,"column":9},"end":{"line":110,"column":34}},"type":"binary-expr","locations":[{"start":{"line":110,"column":9},"end":{"line":110,"column":19}},{"start":{"line":110,"column":23},"end":{"line":110,"column":34}}],"line":110},"16":{"loc":{"start":{"line":119,"column":46},"end":{"line":119,"column":93}},"type":"default-arg","locations":[{"start":{"line":119,"column":63},"end":{"line":119,"column":93}}],"line":119},"17":{"loc":{"start":{"line":120,"column":2},"end":{"line":120,"column":36}},"type":"if","locations":[{"start":{"line":120,"column":2},"end":{"line":120,"column":36}},{"start":{},"end":{}}],"line":120},"18":{"loc":{"start":{"line":140,"column":9},"end":{"line":140,"column":63}},"type":"binary-expr","locations":[{"start":{"line":140,"column":9},"end":{"line":140,"column":28}},{"start":{"line":140,"column":32},"end":{"line":140,"column":45}},{"start":{"line":140,"column":49},"end":{"line":140,"column":63}}],"line":140},"19":{"loc":{"start":{"line":149,"column":2},"end":{"line":149,"column":27}},"type":"if","locations":[{"start":{"line":149,"column":2},"end":{"line":149,"column":27}},{"start":{},"end":{}}],"line":149},"20":{"loc":{"start":{"line":165,"column":2},"end":{"line":165,"column":52}},"type":"if","locations":[{"start":{"line":165,"column":2},"end":{"line":165,"column":52}},{"start":{},"end":{}}],"line":165},"21":{"loc":{"start":{"line":167,"column":18},"end":{"line":167,"column":37}},"type":"binary-expr","locations":[{"start":{"line":167,"column":18},"end":{"line":167,"column":31}},{"start":{"line":167,"column":35},"end":{"line":167,"column":37}}],"line":167},"22":{"loc":{"start":{"line":177,"column":2},"end":{"line":177,"column":27}},"type":"if","locations":[{"start":{"line":177,"column":2},"end":{"line":177,"column":27}},{"start":{},"end":{}}],"line":177},"23":{"loc":{"start":{"line":189,"column":2},"end":{"line":189,"column":27}},"type":"if","locations":[{"start":{"line":189,"column":2},"end":{"line":189,"column":27}},{"start":{},"end":{}}],"line":189}},"s":{"0":0,"1":0,"2":0,"3":0,"4":0,"5":0,"6":0,"7":0,"8":0,"9":0,"10":0,"11":0,"12":0,"13":0,"14":0,"15":0,"16":0,"17":0,"18":0,"19":0,"20":0,"21":0,"22":0,"23":0,"24":0,"25":0,"26":0,"27":0,"28":0,"29":0,"30":0,"31":0,"32":0,"33":0,"34":0,"35":0,"36":0,"37":0,"38":0,"39":0,"40":0,"41":0,"42":0,"43":0,"44":0,"45":0,"46":0,"47":0,"48":0,"49":0,"50":0,"51":0,"52":0,"53":0,"54":0,"55":0,"56":0,"57":0,"58":0,"59":0,"60":0,"61":0,"62":0,"63":0,"64":0},"f":{"0":0,"1":0,"2":0,"3":0,"4":0,"5":0,"6":0,"7":0,"8":0,"9":0},"b":{"0":[0,0],"1":[0,0],"2":[0,0],"3":[0],"4":[0,0],"5":[0,0],"6":[0,0],"7":[0,0],"8":[0,0],"9":[0,0],"10":[0,0],"11":[0,0],"12":[0,0],"13":[0],"14":[0,0],"15":[0,0],"16":[0],"17":[0,0],"18":[0,0,0],"19":[0,0],"20":[0,0],"21":[0,0],"22":[0,0],"23":[0,0]}}
,"/Users/lisadario/Desktop/ai-sports-edge/atomic/atoms/firebaseApp.js": {"path":"/Users/lisadario/Desktop/ai-sports-edge/atomic/atoms/firebaseApp.js","statementMap":{"0":{"start":{"line":17,"column":37},"end":{"line":32,"column":1}},"1":{"start":{"line":18,"column":2},"end":{"line":31,"column":3}},"2":{"start":{"line":20,"column":4},"end":{"line":27,"column":5}},"3":{"start":{"line":21,"column":18},"end":{"line":21,"column":39}},"4":{"start":{"line":22,"column":6},"end":{"line":22,"column":59}},"5":{"start":{"line":23,"column":6},"end":{"line":23,"column":17}},"6":{"start":{"line":25,"column":6},"end":{"line":25,"column":84}},"7":{"start":{"line":26,"column":6},"end":{"line":26,"column":18}},"8":{"start":{"line":29,"column":4},"end":{"line":29,"column":61}},"9":{"start":{"line":30,"column":4},"end":{"line":30,"column":16}},"10":{"start":{"line":35,"column":18},"end":{"line":35,"column":22}},"11":{"start":{"line":43,"column":30},"end":{"line":48,"column":1}},"12":{"start":{"line":44,"column":2},"end":{"line":46,"column":3}},"13":{"start":{"line":45,"column":4},"end":{"line":45,"column":42}},"14":{"start":{"line":47,"column":2},"end":{"line":47,"column":21}},"15":{"start":{"line":54,"column":32},"end":{"line":56,"column":1}},"16":{"start":{"line":55,"column":2},"end":{"line":55,"column":21}}},"fnMap":{"0":{"name":"(anonymous_0)","decl":{"start":{"line":17,"column":37},"end":{"line":17,"column":38}},"loc":{"start":{"line":17,"column":66},"end":{"line":32,"column":1}},"line":17},"1":{"name":"(anonymous_1)","decl":{"start":{"line":43,"column":30},"end":{"line":43,"column":31}},"loc":{"start":{"line":43,"column":36},"end":{"line":48,"column":1}},"line":43},"2":{"name":"(anonymous_2)","decl":{"start":{"line":54,"column":32},"end":{"line":54,"column":33}},"loc":{"start":{"line":54,"column":38},"end":{"line":56,"column":1}},"line":54}},"branchMap":{"0":{"loc":{"start":{"line":17,"column":38},"end":{"line":17,"column":61}},"type":"default-arg","locations":[{"start":{"line":17,"column":47},"end":{"line":17,"column":61}}],"line":17},"1":{"loc":{"start":{"line":20,"column":4},"end":{"line":27,"column":5}},"type":"if","locations":[{"start":{"line":20,"column":4},"end":{"line":27,"column":5}},{"start":{"line":24,"column":11},"end":{"line":27,"column":5}}],"line":20},"2":{"loc":{"start":{"line":44,"column":2},"end":{"line":46,"column":3}},"type":"if","locations":[{"start":{"line":44,"column":2},"end":{"line":46,"column":3}},{"start":{},"end":{}}],"line":44}},"s":{"0":2,"1":4,"2":4,"3":4,"4":3,"5":3,"6":0,"7":0,"8":1,"9":1,"10":2,"11":2,"12":3,"13":1,"14":3,"15":2,"16":0},"f":{"0":4,"1":3,"2":0},"b":{"0":[3],"1":[4,0],"2":[1,2]},"_coverageSchema":"1a1c01bbd47fc00a2c39e90264f33305004495a9","hash":"369b56e765f3761ef857241082c9a85a7438e033"}
,"/Users/lisadario/Desktop/ai-sports-edge/atomic/atoms/serviceConfig.js": {"path":"/Users/lisadario/Desktop/ai-sports-edge/atomic/atoms/serviceConfig.js","statementMap":{"0":{"start":{"line":13,"column":30},"end":{"line":21,"column":1}},"1":{"start":{"line":26,"column":28},"end":{"line":30,"column":1}},"2":{"start":{"line":35,"column":32},"end":{"line":39,"column":1}},"3":{"start":{"line":44,"column":31},"end":{"line":47,"column":1}},"4":{"start":{"line":52,"column":24},"end":{"line":55,"column":1}},"5":{"start":{"line":60,"column":28},"end":{"line":65,"column":1}}},"fnMap":{},"branchMap":{},"s":{"0":2,"1":2,"2":2,"3":2,"4":2,"5":2},"f":{},"b":{},"_coverageSchema":"1a1c01bbd47fc00a2c39e90264f33305004495a9","hash":"f12d4dbc1995952366a139462622d106e354c8bb"}
,"/Users/lisadario/Desktop/ai-sports-edge/atomic/atoms/themeColors.js": {"path":"/Users/lisadario/Desktop/ai-sports-edge/atomic/atoms/themeColors.js","statementMap":{"0":{"start":{"line":12,"column":23},"end":{"line":98,"column":1}},"1":{"start":{"line":103,"column":21},"end":{"line":145,"column":1}},"2":{"start":{"line":150,"column":20},"end":{"line":199,"column":1}},"3":{"start":{"line":204,"column":22},"end":{"line":208,"column":1}}},"fnMap":{},"branchMap":{},"s":{"0":0,"1":0,"2":0,"3":0},"f":{},"b":{}}
,"/Users/lisadario/Desktop/ai-sports-edge/atomic/atoms/themeTokens.js": {"path":"/Users/lisadario/Desktop/ai-sports-edge/atomic/atoms/themeTokens.js","statementMap":{"0":{"start":{"line":14,"column":23},"end":{"line":30,"column":1}},"1":{"start":{"line":35,"column":28},"end":{"line":51,"column":1}},"2":{"start":{"line":56,"column":26},"end":{"line":88,"column":1}},"3":{"start":{"line":93,"column":24},"end":{"line":113,"column":1}},"4":{"start":{"line":118,"column":26},"end":{"line":138,"column":1}},"5":{"start":{"line":143,"column":26},"end":{"line":148,"column":1}},"6":{"start":{"line":153,"column":27},"end":{"line":201,"column":1}},"7":{"start":{"line":206,"column":26},"end":{"line":254,"column":1}},"8":{"start":{"line":259,"column":22},"end":{"line":269,"column":1}},"9":{"start":{"line":274,"column":25},"end":{"line":286,"column":1}},"10":{"start":{"line":291,"column":27},"end":{"line":302,"column":1}}},"fnMap":{},"branchMap":{},"s":{"0":0,"1":0,"2":0,"3":0,"4":0,"5":0,"6":0,"7":0,"8":0,"9":0,"10":0},"f":{},"b":{}}
,"/Users/lisadario/Desktop/ai-sports-edge/atomic/molecules/environmentValidator.js": {"path":"/Users/lisadario/Desktop/ai-sports-edge/atomic/molecules/environmentValidator.js","statementMap":{"0":{"start":{"line":24,"column":2},"end":{"line":26,"column":3}},"1":{"start":{"line":25,"column":4},"end":{"line":25,"column":55}},"2":{"start":{"line":28,"column":17},"end":{"line":28,"column":31}},"3":{"start":{"line":30,"column":2},"end":{"line":46,"column":3}},"4":{"start":{"line":32,"column":31},"end":{"line":32,"column":71}},"5":{"start":{"line":33,"column":33},"end":{"line":33,"column":72}},"6":{"start":{"line":36,"column":4},"end":{"line":36,"column":38}},"7":{"start":{"line":37,"column":4},"end":{"line":37,"column":40}},"8":{"start":{"line":40,"column":4},"end":{"line":43,"column":5}},"9":{"start":{"line":41,"column":6},"end":{"line":41,"column":68}},"10":{"start":{"line":42,"column":6},"end":{"line":42,"column":22}},"11":{"start":{"line":45,"column":4},"end":{"line":45,"column":17}},"12":{"start":{"line":48,"column":2},"end":{"line":50,"column":3}},"13":{"start":{"line":49,"column":4},"end":{"line":49,"column":49}},"14":{"start":{"line":52,"column":2},"end":{"line":52,"column":14}},"15":{"start":{"line":71,"column":2},"end":{"line":73,"column":3}},"16":{"start":{"line":72,"column":4},"end":{"line":72,"column":62}},"17":{"start":{"line":75,"column":18},"end":{"line":75,"column":54}},"18":{"start":{"line":77,"column":2},"end":{"line":87,"column":3}},"19":{"start":{"line":78,"column":24},"end":{"line":78,"column":64}},"20":{"start":{"line":78,"column":51},"end":{"line":78,"column":63}},"21":{"start":{"line":79,"column":4},"end":{"line":79,"column":100}},"22":{"start":{"line":81,"column":4},"end":{"line":84,"column":5}},"23":{"start":{"line":82,"column":6},"end":{"line":82,"column":75}},"24":{"start":{"line":83,"column":6},"end":{"line":83,"column":22}},"25":{"start":{"line":86,"column":4},"end":{"line":86,"column":17}},"26":{"start":{"line":89,"column":2},"end":{"line":91,"column":3}},"27":{"start":{"line":90,"column":4},"end":{"line":90,"column":66}},"28":{"start":{"line":93,"column":2},"end":{"line":93,"column":14}},"29":{"start":{"line":101,"column":2},"end":{"line":103,"column":3}},"30":{"start":{"line":102,"column":4},"end":{"line":102,"column":11}},"31":{"start":{"line":105,"column":2},"end":{"line":105,"column":42}},"32":{"start":{"line":106,"column":2},"end":{"line":106,"column":42}},"33":{"start":{"line":107,"column":2},"end":{"line":107,"column":72}},"34":{"start":{"line":108,"column":2},"end":{"line":108,"column":47}},"35":{"start":{"line":109,"column":2},"end":{"line":109,"column":50}},"36":{"start":{"line":110,"column":2},"end":{"line":110,"column":53}},"37":{"start":{"line":111,"column":2},"end":{"line":111,"column":42}}},"fnMap":{"0":{"name":"validateEnvironment","decl":{"start":{"line":23,"column":16},"end":{"line":23,"column":35}},"loc":{"start":{"line":23,"column":87},"end":{"line":53,"column":1}},"line":23},"1":{"name":"validateServiceConfig","decl":{"start":{"line":65,"column":16},"end":{"line":65,"column":37}},"loc":{"start":{"line":70,"column":2},"end":{"line":94,"column":1}},"line":70},"2":{"name":"(anonymous_2)","decl":{"start":{"line":78,"column":44},"end":{"line":78,"column":45}},"loc":{"start":{"line":78,"column":51},"end":{"line":78,"column":63}},"line":78},"3":{"name":"logEnvironmentInfo","decl":{"start":{"line":100,"column":16},"end":{"line":100,"column":34}},"loc":{"start":{"line":100,"column":37},"end":{"line":112,"column":1}},"line":100}},"branchMap":{"0":{"loc":{"start":{"line":23,"column":36},"end":{"line":23,"column":85}},"type":"default-arg","locations":[{"start":{"line":23,"column":46},"end":{"line":23,"column":85}}],"line":23},"1":{"loc":{"start":{"line":24,"column":2},"end":{"line":26,"column":3}},"type":"if","locations":[{"start":{"line":24,"column":2},"end":{"line":26,"column":3}},{"start":{},"end":{}}],"line":24},"2":{"loc":{"start":{"line":30,"column":2},"end":{"line":46,"column":3}},"type":"if","locations":[{"start":{"line":30,"column":2},"end":{"line":46,"column":3}},{"start":{},"end":{}}],"line":30},"3":{"loc":{"start":{"line":40,"column":4},"end":{"line":43,"column":5}},"type":"if","locations":[{"start":{"line":40,"column":4},"end":{"line":43,"column":5}},{"start":{},"end":{}}],"line":40},"4":{"loc":{"start":{"line":48,"column":2},"end":{"line":50,"column":3}},"type":"if","locations":[{"start":{"line":48,"column":2},"end":{"line":50,"column":3}},{"start":{},"end":{}}],"line":48},"5":{"loc":{"start":{"line":69,"column":2},"end":{"line":69,"column":52}},"type":"default-arg","locations":[{"start":{"line":69,"column":12},"end":{"line":69,"column":52}}],"line":69},"6":{"loc":{"start":{"line":71,"column":2},"end":{"line":73,"column":3}},"type":"if","locations":[{"start":{"line":71,"column":2},"end":{"line":73,"column":3}},{"start":{},"end":{}}],"line":71},"7":{"loc":{"start":{"line":77,"column":2},"end":{"line":87,"column":3}},"type":"if","locations":[{"start":{"line":77,"column":2},"end":{"line":87,"column":3}},{"start":{},"end":{}}],"line":77},"8":{"loc":{"start":{"line":81,"column":4},"end":{"line":84,"column":5}},"type":"if","locations":[{"start":{"line":81,"column":4},"end":{"line":84,"column":5}},{"start":{},"end":{}}],"line":81},"9":{"loc":{"start":{"line":89,"column":2},"end":{"line":91,"column":3}},"type":"if","locations":[{"start":{"line":89,"column":2},"end":{"line":91,"column":3}},{"start":{},"end":{}}],"line":89},"10":{"loc":{"start":{"line":101,"column":2},"end":{"line":103,"column":3}},"type":"if","locations":[{"start":{"line":101,"column":2},"end":{"line":103,"column":3}},{"start":{},"end":{}}],"line":101},"11":{"loc":{"start":{"line":107,"column":35},"end":{"line":107,"column":68}},"type":"binary-expr","locations":[{"start":{"line":107,"column":35},"end":{"line":107,"column":55}},{"start":{"line":107,"column":59},"end":{"line":107,"column":68}}],"line":107}},"s":{"0":0,"1":0,"2":0,"3":0,"4":0,"5":0,"6":0,"7":0,"8":0,"9":0,"10":0,"11":0,"12":0,"13":0,"14":0,"15":0,"16":0,"17":0,"18":0,"19":0,"20":0,"21":0,"22":0,"23":0,"24":0,"25":0,"26":0,"27":0,"28":0,"29":0,"30":0,"31":0,"32":0,"33":0,"34":0,"35":0,"36":0,"37":0},"f":{"0":0,"1":0,"2":0,"3":0},"b":{"0":[0],"1":[0,0],"2":[0,0],"3":[0,0],"4":[0,0],"5":[0],"6":[0,0],"7":[0,0],"8":[0,0],"9":[0,0],"10":[0,0],"11":[0,0]}}
,"/Users/lisadario/Desktop/ai-sports-edge/atomic/molecules/errorTracking.js": {"path":"/Users/lisadario/Desktop/ai-sports-edge/atomic/molecules/errorTracking.js","statementMap":{"0":{"start":{"line":15,"column":23},"end":{"line":18,"column":1}},"1":{"start":{"line":17,"column":2},"end":{"line":17,"column":61}},"2":{"start":{"line":30,"column":33},"end":{"line":117,"column":1}},"3":{"start":{"line":31,"column":2},"end":{"line":31,"column":60}},"4":{"start":{"line":34,"column":2},"end":{"line":116,"column":3}},"5":{"start":{"line":36,"column":4},"end":{"line":36,"column":68}},"6":{"start":{"line":37,"column":4},"end":{"line":40,"column":5}},"7":{"start":{"line":38,"column":6},"end":{"line":38,"column":62}},"8":{"start":{"line":39,"column":6},"end":{"line":39,"column":19}},"9":{"start":{"line":43,"column":19},"end":{"line":49,"column":5}},"10":{"start":{"line":51,"column":4},"end":{"line":53,"column":6}},"11":{"start":{"line":56,"column":4},"end":{"line":56,"column":64}},"12":{"start":{"line":57,"column":4},"end":{"line":90,"column":5}},"13":{"start":{"line":58,"column":26},"end":{"line":82,"column":7}},"14":{"start":{"line":65,"column":10},"end":{"line":79,"column":11}},"15":{"start":{"line":66,"column":12},"end":{"line":66,"column":74}},"16":{"start":{"line":67,"column":12},"end":{"line":70,"column":13}},"17":{"start":{"line":68,"column":14},"end":{"line":68,"column":92}},"18":{"start":{"line":69,"column":14},"end":{"line":69,"column":26}},"19":{"start":{"line":71,"column":12},"end":{"line":74,"column":13}},"20":{"start":{"line":72,"column":14},"end":{"line":72,"column":83}},"21":{"start":{"line":73,"column":14},"end":{"line":73,"column":43}},"22":{"start":{"line":75,"column":12},"end":{"line":75,"column":25}},"23":{"start":{"line":77,"column":12},"end":{"line":77,"column":86}},"24":{"start":{"line":78,"column":12},"end":{"line":78,"column":24}},"25":{"start":{"line":84,"column":6},"end":{"line":84,"column":73}},"26":{"start":{"line":85,"column":6},"end":{"line":85,"column":31}},"27":{"start":{"line":86,"column":6},"end":{"line":86,"column":75}},"28":{"start":{"line":88,"column":6},"end":{"line":88,"column":79}},"29":{"start":{"line":89,"column":6},"end":{"line":89,"column":19}},"30":{"start":{"line":93,"column":4},"end":{"line":93,"column":63}},"31":{"start":{"line":94,"column":4},"end":{"line":108,"column":5}},"32":{"start":{"line":95,"column":19},"end":{"line":95,"column":35}},"33":{"start":{"line":96,"column":6},"end":{"line":104,"column":7}},"34":{"start":{"line":97,"column":8},"end":{"line":97,"column":75}},"35":{"start":{"line":98,"column":8},"end":{"line":101,"column":11}},"36":{"start":{"line":103,"column":8},"end":{"line":103,"column":81}},"37":{"start":{"line":106,"column":6},"end":{"line":106,"column":85}},"38":{"start":{"line":110,"column":4},"end":{"line":110,"column":76}},"39":{"start":{"line":111,"column":4},"end":{"line":111,"column":16}},"40":{"start":{"line":113,"column":4},"end":{"line":113,"column":87}},"41":{"start":{"line":115,"column":4},"end":{"line":115,"column":17}},"42":{"start":{"line":124,"column":32},"end":{"line":138,"column":1}},"43":{"start":{"line":125,"column":2},"end":{"line":127,"column":3}},"44":{"start":{"line":126,"column":4},"end":{"line":126,"column":53}},"45":{"start":{"line":129,"column":2},"end":{"line":137,"column":3}},"46":{"start":{"line":131,"column":24},"end":{"line":131,"column":41}},"47":{"start":{"line":134,"column":4},"end":{"line":134,"column":50}},"48":{"start":{"line":136,"column":4},"end":{"line":136,"column":66}},"49":{"start":{"line":146,"column":30},"end":{"line":156,"column":1}},"50":{"start":{"line":147,"column":2},"end":{"line":149,"column":3}},"51":{"start":{"line":148,"column":4},"end":{"line":148,"column":74}},"52":{"start":{"line":151,"column":2},"end":{"line":155,"column":3}},"53":{"start":{"line":152,"column":4},"end":{"line":152,"column":50}},"54":{"start":{"line":154,"column":4},"end":{"line":154,"column":64}},"55":{"start":{"line":162,"column":29},"end":{"line":168,"column":1}},"56":{"start":{"line":163,"column":2},"end":{"line":167,"column":3}},"57":{"start":{"line":164,"column":4},"end":{"line":164,"column":37}},"58":{"start":{"line":166,"column":4},"end":{"line":166,"column":63}},"59":{"start":{"line":177,"column":23},"end":{"line":183,"column":1}},"60":{"start":{"line":178,"column":2},"end":{"line":182,"column":3}},"61":{"start":{"line":179,"column":4},"end":{"line":179,"column":25}},"62":{"start":{"line":181,"column":4},"end":{"line":181,"column":57}},"63":{"start":{"line":190,"column":22},"end":{"line":196,"column":1}},"64":{"start":{"line":191,"column":2},"end":{"line":195,"column":3}},"65":{"start":{"line":192,"column":4},"end":{"line":192,"column":30}},"66":{"start":{"line":194,"column":4},"end":{"line":194,"column":56}},"67":{"start":{"line":202,"column":23},"end":{"line":208,"column":1}},"68":{"start":{"line":203,"column":2},"end":{"line":207,"column":3}},"69":{"start":{"line":204,"column":4},"end":{"line":204,"column":25}},"70":{"start":{"line":206,"column":4},"end":{"line":206,"column":57}},"71":{"start":{"line":215,"column":24},"end":{"line":221,"column":1}},"72":{"start":{"line":216,"column":2},"end":{"line":220,"column":3}},"73":{"start":{"line":217,"column":4},"end":{"line":217,"column":32}},"74":{"start":{"line":219,"column":4},"end":{"line":219,"column":58}},"75":{"start":{"line":227,"column":25},"end":{"line":233,"column":1}},"76":{"start":{"line":228,"column":2},"end":{"line":232,"column":3}},"77":{"start":{"line":229,"column":4},"end":{"line":229,"column":29}},"78":{"start":{"line":231,"column":4},"end":{"line":231,"column":59}},"79":{"start":{"line":241,"column":32},"end":{"line":252,"column":1}},"80":{"start":{"line":242,"column":2},"end":{"line":251,"column":3}},"81":{"start":{"line":243,"column":4},"end":{"line":243,"column":49}},"82":{"start":{"line":245,"column":4},"end":{"line":245,"column":66}},"83":{"start":{"line":246,"column":4},"end":{"line":250,"column":6}},"84":{"start":{"line":259,"column":21},"end":{"line":261,"column":1}},"85":{"start":{"line":260,"column":2},"end":{"line":260,"column":31}},"86":{"start":{"line":267,"column":21},"end":{"line":269,"column":1}},"87":{"start":{"line":268,"column":2},"end":{"line":268,"column":24}}},"fnMap":{"0":{"name":"(anonymous_0)","decl":{"start":{"line":15,"column":23},"end":{"line":15,"column":24}},"loc":{"start":{"line":15,"column":29},"end":{"line":18,"column":1}},"line":15},"1":{"name":"(anonymous_1)","decl":{"start":{"line":30,"column":33},"end":{"line":30,"column":34}},"loc":{"start":{"line":30,"column":51},"end":{"line":117,"column":1}},"line":30},"2":{"name":"(anonymous_2)","decl":{"start":{"line":64,"column":20},"end":{"line":64,"column":21}},"loc":{"start":{"line":64,"column":29},"end":{"line":80,"column":9}},"line":64},"3":{"name":"(anonymous_3)","decl":{"start":{"line":124,"column":32},"end":{"line":124,"column":33}},"loc":{"start":{"line":124,"column":52},"end":{"line":138,"column":1}},"line":124},"4":{"name":"(anonymous_4)","decl":{"start":{"line":146,"column":30},"end":{"line":146,"column":31}},"loc":{"start":{"line":146,"column":57},"end":{"line":156,"column":1}},"line":146},"5":{"name":"(anonymous_5)","decl":{"start":{"line":162,"column":29},"end":{"line":162,"column":30}},"loc":{"start":{"line":162,"column":43},"end":{"line":168,"column":1}},"line":162},"6":{"name":"(anonymous_6)","decl":{"start":{"line":177,"column":23},"end":{"line":177,"column":24}},"loc":{"start":{"line":177,"column":31},"end":{"line":183,"column":1}},"line":177},"7":{"name":"(anonymous_7)","decl":{"start":{"line":190,"column":22},"end":{"line":190,"column":23}},"loc":{"start":{"line":190,"column":38},"end":{"line":196,"column":1}},"line":190},"8":{"name":"(anonymous_8)","decl":{"start":{"line":202,"column":23},"end":{"line":202,"column":24}},"loc":{"start":{"line":202,"column":31},"end":{"line":208,"column":1}},"line":202},"9":{"name":"(anonymous_9)","decl":{"start":{"line":215,"column":24},"end":{"line":215,"column":25}},"loc":{"start":{"line":215,"column":40},"end":{"line":221,"column":1}},"line":215},"10":{"name":"(anonymous_10)","decl":{"start":{"line":227,"column":25},"end":{"line":227,"column":26}},"loc":{"start":{"line":227,"column":35},"end":{"line":233,"column":1}},"line":227},"11":{"name":"(anonymous_11)","decl":{"start":{"line":241,"column":32},"end":{"line":241,"column":33}},"loc":{"start":{"line":241,"column":46},"end":{"line":252,"column":1}},"line":241},"12":{"name":"(anonymous_12)","decl":{"start":{"line":247,"column":14},"end":{"line":247,"column":15}},"loc":{"start":{"line":247,"column":20},"end":{"line":247,"column":22}},"line":247},"13":{"name":"(anonymous_13)","decl":{"start":{"line":248,"column":14},"end":{"line":248,"column":15}},"loc":{"start":{"line":248,"column":20},"end":{"line":248,"column":22}},"line":248},"14":{"name":"(anonymous_14)","decl":{"start":{"line":249,"column":15},"end":{"line":249,"column":16}},"loc":{"start":{"line":249,"column":21},"end":{"line":249,"column":23}},"line":249},"15":{"name":"(anonymous_15)","decl":{"start":{"line":259,"column":21},"end":{"line":259,"column":22}},"loc":{"start":{"line":259,"column":32},"end":{"line":261,"column":1}},"line":259},"16":{"name":"(anonymous_16)","decl":{"start":{"line":267,"column":21},"end":{"line":267,"column":22}},"loc":{"start":{"line":267,"column":27},"end":{"line":269,"column":1}},"line":267}},"branchMap":{"0":{"loc":{"start":{"line":30,"column":34},"end":{"line":30,"column":46}},"type":"default-arg","locations":[{"start":{"line":30,"column":44},"end":{"line":30,"column":46}}],"line":30},"1":{"loc":{"start":{"line":37,"column":4},"end":{"line":40,"column":5}},"type":"if","locations":[{"start":{"line":37,"column":4},"end":{"line":40,"column":5}},{"start":{},"end":{}}],"line":37},"2":{"loc":{"start":{"line":44,"column":11},"end":{"line":44,"column":42}},"type":"binary-expr","locations":[{"start":{"line":44,"column":11},"end":{"line":44,"column":22}},{"start":{"line":44,"column":26},"end":{"line":44,"column":42}}],"line":44},"3":{"loc":{"start":{"line":45,"column":19},"end":{"line":45,"column":66}},"type":"binary-expr","locations":[{"start":{"line":45,"column":19},"end":{"line":45,"column":38}},{"start":{"line":45,"column":42},"end":{"line":45,"column":66}}],"line":45},"4":{"loc":{"start":{"line":46,"column":15},"end":{"line":46,"column":54}},"type":"binary-expr","locations":[{"start":{"line":46,"column":15},"end":{"line":46,"column":30}},{"start":{"line":46,"column":34},"end":{"line":46,"column":54}}],"line":46},"5":{"loc":{"start":{"line":47,"column":24},"end":{"line":47,"column":81}},"type":"binary-expr","locations":[{"start":{"line":47,"column":24},"end":{"line":47,"column":48}},{"start":{"line":47,"column":52},"end":{"line":47,"column":81}}],"line":47},"6":{"loc":{"start":{"line":48,"column":13},"end":{"line":48,"column":35}},"type":"binary-expr","locations":[{"start":{"line":48,"column":13},"end":{"line":48,"column":26}},{"start":{"line":48,"column":30},"end":{"line":48,"column":35}}],"line":48},"7":{"loc":{"start":{"line":67,"column":12},"end":{"line":70,"column":13}},"type":"if","locations":[{"start":{"line":67,"column":12},"end":{"line":70,"column":13}},{"start":{},"end":{}}],"line":67},"8":{"loc":{"start":{"line":71,"column":12},"end":{"line":74,"column":13}},"type":"if","locations":[{"start":{"line":71,"column":12},"end":{"line":74,"column":13}},{"start":{},"end":{}}],"line":71},"9":{"loc":{"start":{"line":71,"column":16},"end":{"line":71,"column":35}},"type":"binary-expr","locations":[{"start":{"line":71,"column":16},"end":{"line":71,"column":21}},{"start":{"line":71,"column":25},"end":{"line":71,"column":35}}],"line":71},"10":{"loc":{"start":{"line":96,"column":6},"end":{"line":104,"column":7}},"type":"if","locations":[{"start":{"line":96,"column":6},"end":{"line":104,"column":7}},{"start":{"line":102,"column":13},"end":{"line":104,"column":7}}],"line":96},"11":{"loc":{"start":{"line":100,"column":17},"end":{"line":100,"column":40}},"type":"binary-expr","locations":[{"start":{"line":100,"column":17},"end":{"line":100,"column":27}},{"start":{"line":100,"column":31},"end":{"line":100,"column":40}}],"line":100},"12":{"loc":{"start":{"line":125,"column":2},"end":{"line":127,"column":3}},"type":"if","locations":[{"start":{"line":125,"column":2},"end":{"line":127,"column":3}},{"start":{},"end":{}}],"line":125},"13":{"loc":{"start":{"line":146,"column":40},"end":{"line":146,"column":52}},"type":"default-arg","locations":[{"start":{"line":146,"column":50},"end":{"line":146,"column":52}}],"line":146},"14":{"loc":{"start":{"line":147,"column":2},"end":{"line":149,"column":3}},"type":"if","locations":[{"start":{"line":147,"column":2},"end":{"line":149,"column":3}},{"start":{},"end":{}}],"line":147},"15":{"loc":{"start":{"line":148,"column":37},"end":{"line":148,"column":60}},"type":"binary-expr","locations":[{"start":{"line":148,"column":37},"end":{"line":148,"column":50}},{"start":{"line":148,"column":54},"end":{"line":148,"column":60}}],"line":148}},"s":{"0":0,"1":0,"2":0,"3":0,"4":0,"5":0,"6":0,"7":0,"8":0,"9":0,"10":0,"11":0,"12":0,"13":0,"14":0,"15":0,"16":0,"17":0,"18":0,"19":0,"20":0,"21":0,"22":0,"23":0,"24":0,"25":0,"26":0,"27":0,"28":0,"29":0,"30":0,"31":0,"32":0,"33":0,"34":0,"35":0,"36":0,"37":0,"38":0,"39":0,"40":0,"41":0,"42":0,"43":0,"44":0,"45":0,"46":0,"47":0,"48":0,"49":0,"50":0,"51":0,"52":0,"53":0,"54":0,"55":0,"56":0,"57":0,"58":0,"59":0,"60":0,"61":0,"62":0,"63":0,"64":0,"65":0,"66":0,"67":0,"68":0,"69":0,"70":0,"71":0,"72":0,"73":0,"74":0,"75":0,"76":0,"77":0,"78":0,"79":0,"80":0,"81":0,"82":0,"83":0,"84":0,"85":0,"86":0,"87":0},"f":{"0":0,"1":0,"2":0,"3":0,"4":0,"5":0,"6":0,"7":0,"8":0,"9":0,"10":0,"11":0,"12":0,"13":0,"14":0,"15":0,"16":0},"b":{"0":[0],"1":[0,0],"2":[0,0],"3":[0,0],"4":[0,0],"5":[0,0],"6":[0,0],"7":[0,0],"8":[0,0],"9":[0,0],"10":[0,0],"11":[0,0],"12":[0,0],"13":[0],"14":[0,0],"15":[0,0]}}
,"/Users/lisadario/Desktop/ai-sports-edge/atomic/molecules/firebaseAuth.js": {"path":"/Users/lisadario/Desktop/ai-sports-edge/atomic/molecules/firebaseAuth.js","statementMap":{"0":{"start":{"line":22,"column":11},"end":{"line":22,"column":15}},"1":{"start":{"line":28,"column":38},"end":{"line":57,"column":1}},"2":{"start":{"line":29,"column":2},"end":{"line":56,"column":3}},"3":{"start":{"line":31,"column":16},"end":{"line":31,"column":32}},"4":{"start":{"line":32,"column":4},"end":{"line":35,"column":5}},"5":{"start":{"line":33,"column":6},"end":{"line":33,"column":89}},"6":{"start":{"line":34,"column":6},"end":{"line":34,"column":18}},"7":{"start":{"line":38,"column":4},"end":{"line":38,"column":24}},"8":{"start":{"line":41,"column":4},"end":{"line":49,"column":6}},"9":{"start":{"line":44,"column":8},"end":{"line":44,"column":88}},"10":{"start":{"line":47,"column":8},"end":{"line":47,"column":57}},"11":{"start":{"line":51,"column":4},"end":{"line":51,"column":58}},"12":{"start":{"line":52,"column":4},"end":{"line":52,"column":16}},"13":{"start":{"line":54,"column":4},"end":{"line":54,"column":62}},"14":{"start":{"line":55,"column":4},"end":{"line":55,"column":16}},"15":{"start":{"line":65,"column":31},"end":{"line":70,"column":1}},"16":{"start":{"line":66,"column":2},"end":{"line":68,"column":3}},"17":{"start":{"line":67,"column":4},"end":{"line":67,"column":36}},"18":{"start":{"line":69,"column":2},"end":{"line":69,"column":14}},"19":{"start":{"line":78,"column":22},"end":{"line":91,"column":1}},"20":{"start":{"line":79,"column":23},"end":{"line":79,"column":40}},"21":{"start":{"line":80,"column":2},"end":{"line":82,"column":3}},"22":{"start":{"line":81,"column":4},"end":{"line":81,"column":53}},"23":{"start":{"line":84,"column":2},"end":{"line":90,"column":3}},"24":{"start":{"line":85,"column":27},"end":{"line":85,"column":90}},"25":{"start":{"line":86,"column":4},"end":{"line":86,"column":26}},"26":{"start":{"line":88,"column":4},"end":{"line":88,"column":43}},"27":{"start":{"line":89,"column":4},"end":{"line":89,"column":16}},"28":{"start":{"line":99,"column":26},"end":{"line":112,"column":1}},"29":{"start":{"line":100,"column":23},"end":{"line":100,"column":40}},"30":{"start":{"line":101,"column":2},"end":{"line":103,"column":3}},"31":{"start":{"line":102,"column":4},"end":{"line":102,"column":53}},"32":{"start":{"line":105,"column":2},"end":{"line":111,"column":3}},"33":{"start":{"line":106,"column":27},"end":{"line":106,"column":94}},"34":{"start":{"line":107,"column":4},"end":{"line":107,"column":26}},"35":{"start":{"line":109,"column":4},"end":{"line":109,"column":47}},"36":{"start":{"line":110,"column":4},"end":{"line":110,"column":16}},"37":{"start":{"line":118,"column":22},"end":{"line":130,"column":1}},"38":{"start":{"line":119,"column":23},"end":{"line":119,"column":40}},"39":{"start":{"line":120,"column":2},"end":{"line":122,"column":3}},"40":{"start":{"line":121,"column":4},"end":{"line":121,"column":53}},"41":{"start":{"line":124,"column":2},"end":{"line":129,"column":3}},"42":{"start":{"line":125,"column":4},"end":{"line":125,"column":32}},"43":{"start":{"line":127,"column":4},"end":{"line":127,"column":44}},"44":{"start":{"line":128,"column":4},"end":{"line":128,"column":16}},"45":{"start":{"line":137,"column":29},"end":{"line":149,"column":1}},"46":{"start":{"line":138,"column":23},"end":{"line":138,"column":40}},"47":{"start":{"line":139,"column":2},"end":{"line":141,"column":3}},"48":{"start":{"line":140,"column":4},"end":{"line":140,"column":53}},"49":{"start":{"line":143,"column":2},"end":{"line":148,"column":3}},"50":{"start":{"line":144,"column":4},"end":{"line":144,"column":54}},"51":{"start":{"line":146,"column":4},"end":{"line":146,"column":50}},"52":{"start":{"line":147,"column":4},"end":{"line":147,"column":16}},"53":{"start":{"line":159,"column":33},"end":{"line":170,"column":1}},"54":{"start":{"line":160,"column":2},"end":{"line":162,"column":3}},"55":{"start":{"line":161,"column":4},"end":{"line":161,"column":41}},"56":{"start":{"line":164,"column":2},"end":{"line":169,"column":3}},"57":{"start":{"line":165,"column":4},"end":{"line":165,"column":43}},"58":{"start":{"line":167,"column":4},"end":{"line":167,"column":50}},"59":{"start":{"line":168,"column":4},"end":{"line":168,"column":16}},"60":{"start":{"line":178,"column":31},"end":{"line":189,"column":1}},"61":{"start":{"line":179,"column":2},"end":{"line":181,"column":3}},"62":{"start":{"line":180,"column":4},"end":{"line":180,"column":41}},"63":{"start":{"line":183,"column":2},"end":{"line":188,"column":3}},"64":{"start":{"line":184,"column":4},"end":{"line":184,"column":38}},"65":{"start":{"line":186,"column":4},"end":{"line":186,"column":48}},"66":{"start":{"line":187,"column":4},"end":{"line":187,"column":16}},"67":{"start":{"line":197,"column":34},"end":{"line":208,"column":1}},"68":{"start":{"line":198,"column":2},"end":{"line":200,"column":3}},"69":{"start":{"line":199,"column":4},"end":{"line":199,"column":41}},"70":{"start":{"line":202,"column":2},"end":{"line":207,"column":3}},"71":{"start":{"line":203,"column":4},"end":{"line":203,"column":44}},"72":{"start":{"line":205,"column":4},"end":{"line":205,"column":51}},"73":{"start":{"line":206,"column":4},"end":{"line":206,"column":16}},"74":{"start":{"line":214,"column":30},"end":{"line":221,"column":1}},"75":{"start":{"line":215,"column":23},"end":{"line":215,"column":40}},"76":{"start":{"line":216,"column":2},"end":{"line":218,"column":3}},"77":{"start":{"line":217,"column":4},"end":{"line":217,"column":16}},"78":{"start":{"line":220,"column":2},"end":{"line":220,"column":34}},"79":{"start":{"line":224,"column":0},"end":{"line":224,"column":25}}},"fnMap":{"0":{"name":"(anonymous_0)","decl":{"start":{"line":28,"column":38},"end":{"line":28,"column":39}},"loc":{"start":{"line":28,"column":44},"end":{"line":57,"column":1}},"line":28},"1":{"name":"(anonymous_1)","decl":{"start":{"line":43,"column":6},"end":{"line":43,"column":7}},"loc":{"start":{"line":43,"column":14},"end":{"line":45,"column":7}},"line":43},"2":{"name":"(anonymous_2)","decl":{"start":{"line":46,"column":6},"end":{"line":46,"column":7}},"loc":{"start":{"line":46,"column":15},"end":{"line":48,"column":7}},"line":46},"3":{"name":"(anonymous_3)","decl":{"start":{"line":65,"column":31},"end":{"line":65,"column":32}},"loc":{"start":{"line":65,"column":37},"end":{"line":70,"column":1}},"line":65},"4":{"name":"(anonymous_4)","decl":{"start":{"line":78,"column":22},"end":{"line":78,"column":23}},"loc":{"start":{"line":78,"column":49},"end":{"line":91,"column":1}},"line":78},"5":{"name":"(anonymous_5)","decl":{"start":{"line":99,"column":26},"end":{"line":99,"column":27}},"loc":{"start":{"line":99,"column":53},"end":{"line":112,"column":1}},"line":99},"6":{"name":"(anonymous_6)","decl":{"start":{"line":118,"column":22},"end":{"line":118,"column":23}},"loc":{"start":{"line":118,"column":34},"end":{"line":130,"column":1}},"line":118},"7":{"name":"(anonymous_7)","decl":{"start":{"line":137,"column":29},"end":{"line":137,"column":30}},"loc":{"start":{"line":137,"column":44},"end":{"line":149,"column":1}},"line":137},"8":{"name":"(anonymous_8)","decl":{"start":{"line":159,"column":33},"end":{"line":159,"column":34}},"loc":{"start":{"line":159,"column":62},"end":{"line":170,"column":1}},"line":159},"9":{"name":"(anonymous_9)","decl":{"start":{"line":178,"column":31},"end":{"line":178,"column":32}},"loc":{"start":{"line":178,"column":57},"end":{"line":189,"column":1}},"line":178},"10":{"name":"(anonymous_10)","decl":{"start":{"line":197,"column":34},"end":{"line":197,"column":35}},"loc":{"start":{"line":197,"column":63},"end":{"line":208,"column":1}},"line":197},"11":{"name":"(anonymous_11)","decl":{"start":{"line":214,"column":30},"end":{"line":214,"column":31}},"loc":{"start":{"line":214,"column":36},"end":{"line":221,"column":1}},"line":214}},"branchMap":{"0":{"loc":{"start":{"line":32,"column":4},"end":{"line":35,"column":5}},"type":"if","locations":[{"start":{"line":32,"column":4},"end":{"line":35,"column":5}},{"start":{},"end":{}}],"line":32},"1":{"loc":{"start":{"line":44,"column":43},"end":{"line":44,"column":86}},"type":"cond-expr","locations":[{"start":{"line":44,"column":50},"end":{"line":44,"column":66}},{"start":{"line":44,"column":69},"end":{"line":44,"column":86}}],"line":44},"2":{"loc":{"start":{"line":66,"column":2},"end":{"line":68,"column":3}},"type":"if","locations":[{"start":{"line":66,"column":2},"end":{"line":68,"column":3}},{"start":{},"end":{}}],"line":66},"3":{"loc":{"start":{"line":80,"column":2},"end":{"line":82,"column":3}},"type":"if","locations":[{"start":{"line":80,"column":2},"end":{"line":82,"column":3}},{"start":{},"end":{}}],"line":80},"4":{"loc":{"start":{"line":101,"column":2},"end":{"line":103,"column":3}},"type":"if","locations":[{"start":{"line":101,"column":2},"end":{"line":103,"column":3}},{"start":{},"end":{}}],"line":101},"5":{"loc":{"start":{"line":120,"column":2},"end":{"line":122,"column":3}},"type":"if","locations":[{"start":{"line":120,"column":2},"end":{"line":122,"column":3}},{"start":{},"end":{}}],"line":120},"6":{"loc":{"start":{"line":139,"column":2},"end":{"line":141,"column":3}},"type":"if","locations":[{"start":{"line":139,"column":2},"end":{"line":141,"column":3}},{"start":{},"end":{}}],"line":139},"7":{"loc":{"start":{"line":160,"column":2},"end":{"line":162,"column":3}},"type":"if","locations":[{"start":{"line":160,"column":2},"end":{"line":162,"column":3}},{"start":{},"end":{}}],"line":160},"8":{"loc":{"start":{"line":179,"column":2},"end":{"line":181,"column":3}},"type":"if","locations":[{"start":{"line":179,"column":2},"end":{"line":181,"column":3}},{"start":{},"end":{}}],"line":179},"9":{"loc":{"start":{"line":198,"column":2},"end":{"line":200,"column":3}},"type":"if","locations":[{"start":{"line":198,"column":2},"end":{"line":200,"column":3}},{"start":{},"end":{}}],"line":198},"10":{"loc":{"start":{"line":216,"column":2},"end":{"line":218,"column":3}},"type":"if","locations":[{"start":{"line":216,"column":2},"end":{"line":218,"column":3}},{"start":{},"end":{}}],"line":216}},"s":{"0":0,"1":0,"2":0,"3":0,"4":0,"5":0,"6":0,"7":0,"8":0,"9":0,"10":0,"11":0,"12":0,"13":0,"14":0,"15":0,"16":0,"17":0,"18":0,"19":0,"20":0,"21":0,"22":0,"23":0,"24":0,"25":0,"26":0,"27":0,"28":0,"29":0,"30":0,"31":0,"32":0,"33":0,"34":0,"35":0,"36":0,"37":0,"38":0,"39":0,"40":0,"41":0,"42":0,"43":0,"44":0,"45":0,"46":0,"47":0,"48":0,"49":0,"50":0,"51":0,"52":0,"53":0,"54":0,"55":0,"56":0,"57":0,"58":0,"59":0,"60":0,"61":0,"62":0,"63":0,"64":0,"65":0,"66":0,"67":0,"68":0,"69":0,"70":0,"71":0,"72":0,"73":0,"74":0,"75":0,"76":0,"77":0,"78":0,"79":0},"f":{"0":0,"1":0,"2":0,"3":0,"4":0,"5":0,"6":0,"7":0,"8":0,"9":0,"10":0,"11":0},"b":{"0":[0,0],"1":[0,0],"2":[0,0],"3":[0,0],"4":[0,0],"5":[0,0],"6":[0,0],"7":[0,0],"8":[0,0],"9":[0,0],"10":[0,0]}}
,"/Users/lisadario/Desktop/ai-sports-edge/atomic/molecules/firebaseFirestore.js": {"path":"/Users/lisadario/Desktop/ai-sports-edge/atomic/molecules/firebaseFirestore.js","statementMap":{"0":{"start":{"line":34,"column":9},"end":{"line":34,"column":13}},"1":{"start":{"line":42,"column":35},"end":{"line":82,"column":1}},"2":{"start":{"line":43,"column":2},"end":{"line":81,"column":3}},"3":{"start":{"line":45,"column":16},"end":{"line":45,"column":32}},"4":{"start":{"line":46,"column":4},"end":{"line":49,"column":5}},"5":{"start":{"line":47,"column":6},"end":{"line":47,"column":85}},"6":{"start":{"line":48,"column":6},"end":{"line":48,"column":18}},"7":{"start":{"line":52,"column":4},"end":{"line":52,"column":27}},"8":{"start":{"line":55,"column":4},"end":{"line":74,"column":5}},"9":{"start":{"line":56,"column":6},"end":{"line":73,"column":11}},"10":{"start":{"line":58,"column":10},"end":{"line":58,"column":68}},"11":{"start":{"line":61,"column":10},"end":{"line":72,"column":11}},"12":{"start":{"line":62,"column":12},"end":{"line":65,"column":14}},"13":{"start":{"line":66,"column":17},"end":{"line":72,"column":11}},"14":{"start":{"line":67,"column":12},"end":{"line":69,"column":14}},"15":{"start":{"line":71,"column":12},"end":{"line":71,"column":74}},"16":{"start":{"line":76,"column":4},"end":{"line":76,"column":54}},"17":{"start":{"line":77,"column":4},"end":{"line":77,"column":14}},"18":{"start":{"line":79,"column":4},"end":{"line":79,"column":58}},"19":{"start":{"line":80,"column":4},"end":{"line":80,"column":16}},"20":{"start":{"line":90,"column":30},"end":{"line":95,"column":1}},"21":{"start":{"line":91,"column":2},"end":{"line":93,"column":3}},"22":{"start":{"line":92,"column":4},"end":{"line":92,"column":33}},"23":{"start":{"line":94,"column":2},"end":{"line":94,"column":12}},"24":{"start":{"line":105,"column":30},"end":{"line":125,"column":1}},"25":{"start":{"line":106,"column":21},"end":{"line":106,"column":37}},"26":{"start":{"line":107,"column":2},"end":{"line":109,"column":3}},"27":{"start":{"line":108,"column":4},"end":{"line":108,"column":49}},"28":{"start":{"line":111,"column":2},"end":{"line":124,"column":3}},"29":{"start":{"line":112,"column":25},"end":{"line":112,"column":36}},"30":{"start":{"line":114,"column":4},"end":{"line":117,"column":5}},"31":{"start":{"line":115,"column":6},"end":{"line":115,"column":49}},"32":{"start":{"line":116,"column":6},"end":{"line":116,"column":49}},"33":{"start":{"line":119,"column":19},"end":{"line":119,"column":85}},"34":{"start":{"line":120,"column":4},"end":{"line":120,"column":21}},"35":{"start":{"line":122,"column":4},"end":{"line":122,"column":53}},"36":{"start":{"line":123,"column":4},"end":{"line":123,"column":16}},"37":{"start":{"line":137,"column":27},"end":{"line":165,"column":1}},"38":{"start":{"line":143,"column":21},"end":{"line":143,"column":37}},"39":{"start":{"line":144,"column":2},"end":{"line":146,"column":3}},"40":{"start":{"line":145,"column":4},"end":{"line":145,"column":49}},"41":{"start":{"line":148,"column":2},"end":{"line":164,"column":3}},"42":{"start":{"line":149,"column":25},"end":{"line":149,"column":36}},"43":{"start":{"line":151,"column":4},"end":{"line":156,"column":5}},"44":{"start":{"line":152,"column":6},"end":{"line":154,"column":7}},"45":{"start":{"line":153,"column":8},"end":{"line":153,"column":51}},"46":{"start":{"line":155,"column":6},"end":{"line":155,"column":49}},"47":{"start":{"line":158,"column":4},"end":{"line":160,"column":7}},"48":{"start":{"line":162,"column":4},"end":{"line":162,"column":52}},"49":{"start":{"line":163,"column":4},"end":{"line":163,"column":16}},"50":{"start":{"line":176,"column":30},"end":{"line":199,"column":1}},"51":{"start":{"line":182,"column":21},"end":{"line":182,"column":37}},"52":{"start":{"line":183,"column":2},"end":{"line":185,"column":3}},"53":{"start":{"line":184,"column":4},"end":{"line":184,"column":49}},"54":{"start":{"line":187,"column":2},"end":{"line":198,"column":3}},"55":{"start":{"line":188,"column":25},"end":{"line":188,"column":36}},"56":{"start":{"line":190,"column":4},"end":{"line":192,"column":5}},"57":{"start":{"line":191,"column":6},"end":{"line":191,"column":49}},"58":{"start":{"line":194,"column":4},"end":{"line":194,"column":79}},"59":{"start":{"line":196,"column":4},"end":{"line":196,"column":53}},"60":{"start":{"line":197,"column":4},"end":{"line":197,"column":16}},"61":{"start":{"line":207,"column":30},"end":{"line":219,"column":1}},"62":{"start":{"line":208,"column":21},"end":{"line":208,"column":37}},"63":{"start":{"line":209,"column":2},"end":{"line":211,"column":3}},"64":{"start":{"line":210,"column":4},"end":{"line":210,"column":49}},"65":{"start":{"line":213,"column":2},"end":{"line":218,"column":3}},"66":{"start":{"line":214,"column":4},"end":{"line":214,"column":65}},"67":{"start":{"line":216,"column":4},"end":{"line":216,"column":53}},"68":{"start":{"line":217,"column":4},"end":{"line":217,"column":16}},"69":{"start":{"line":227,"column":27},"end":{"line":245,"column":1}},"70":{"start":{"line":228,"column":21},"end":{"line":228,"column":37}},"71":{"start":{"line":229,"column":2},"end":{"line":231,"column":3}},"72":{"start":{"line":230,"column":4},"end":{"line":230,"column":49}},"73":{"start":{"line":233,"column":2},"end":{"line":244,"column":3}},"74":{"start":{"line":234,"column":20},"end":{"line":234,"column":77}},"75":{"start":{"line":236,"column":4},"end":{"line":240,"column":5}},"76":{"start":{"line":237,"column":6},"end":{"line":237,"column":51}},"77":{"start":{"line":239,"column":6},"end":{"line":239,"column":18}},"78":{"start":{"line":242,"column":4},"end":{"line":242,"column":52}},"79":{"start":{"line":243,"column":4},"end":{"line":243,"column":16}},"80":{"start":{"line":256,"column":30},"end":{"line":317,"column":1}},"81":{"start":{"line":263,"column":21},"end":{"line":263,"column":37}},"82":{"start":{"line":264,"column":2},"end":{"line":266,"column":3}},"83":{"start":{"line":265,"column":4},"end":{"line":265,"column":49}},"84":{"start":{"line":268,"column":2},"end":{"line":316,"column":3}},"85":{"start":{"line":269,"column":12},"end":{"line":269,"column":50}},"86":{"start":{"line":272,"column":4},"end":{"line":279,"column":5}},"87":{"start":{"line":273,"column":31},"end":{"line":276,"column":8}},"88":{"start":{"line":274,"column":41},"end":{"line":274,"column":50}},"89":{"start":{"line":275,"column":8},"end":{"line":275,"column":45}},"90":{"start":{"line":278,"column":6},"end":{"line":278,"column":40}},"91":{"start":{"line":282,"column":4},"end":{"line":293,"column":5}},"92":{"start":{"line":283,"column":33},"end":{"line":290,"column":8}},"93":{"start":{"line":284,"column":8},"end":{"line":289,"column":9}},"94":{"start":{"line":285,"column":10},"end":{"line":285,"column":32}},"95":{"start":{"line":287,"column":41},"end":{"line":287,"column":46}},"96":{"start":{"line":288,"column":10},"end":{"line":288,"column":47}},"97":{"start":{"line":292,"column":6},"end":{"line":292,"column":42}},"98":{"start":{"line":296,"column":4},"end":{"line":298,"column":5}},"99":{"start":{"line":297,"column":6},"end":{"line":297,"column":46}},"100":{"start":{"line":301,"column":4},"end":{"line":303,"column":5}},"101":{"start":{"line":302,"column":6},"end":{"line":302,"column":38}},"102":{"start":{"line":305,"column":26},"end":{"line":305,"column":42}},"103":{"start":{"line":307,"column":22},"end":{"line":307,"column":24}},"104":{"start":{"line":308,"column":4},"end":{"line":310,"column":7}},"105":{"start":{"line":309,"column":6},"end":{"line":309,"column":52}},"106":{"start":{"line":312,"column":4},"end":{"line":312,"column":21}},"107":{"start":{"line":314,"column":4},"end":{"line":314,"column":54}},"108":{"start":{"line":315,"column":4},"end":{"line":315,"column":16}},"109":{"start":{"line":326,"column":35},"end":{"line":353,"column":1}},"110":{"start":{"line":327,"column":21},"end":{"line":327,"column":37}},"111":{"start":{"line":328,"column":2},"end":{"line":330,"column":3}},"112":{"start":{"line":329,"column":4},"end":{"line":329,"column":49}},"113":{"start":{"line":332,"column":2},"end":{"line":352,"column":3}},"114":{"start":{"line":333,"column":24},"end":{"line":346,"column":5}},"115":{"start":{"line":336,"column":8},"end":{"line":340,"column":9}},"116":{"start":{"line":337,"column":10},"end":{"line":337,"column":66}},"117":{"start":{"line":339,"column":10},"end":{"line":339,"column":25}},"118":{"start":{"line":343,"column":8},"end":{"line":343,"column":63}},"119":{"start":{"line":344,"column":8},"end":{"line":344,"column":30}},"120":{"start":{"line":348,"column":4},"end":{"line":348,"column":23}},"121":{"start":{"line":350,"column":4},"end":{"line":350,"column":68}},"122":{"start":{"line":351,"column":4},"end":{"line":351,"column":16}},"123":{"start":{"line":364,"column":32},"end":{"line":429,"column":1}},"124":{"start":{"line":371,"column":21},"end":{"line":371,"column":37}},"125":{"start":{"line":372,"column":2},"end":{"line":374,"column":3}},"126":{"start":{"line":373,"column":4},"end":{"line":373,"column":49}},"127":{"start":{"line":376,"column":2},"end":{"line":428,"column":3}},"128":{"start":{"line":377,"column":12},"end":{"line":377,"column":50}},"129":{"start":{"line":380,"column":4},"end":{"line":387,"column":5}},"130":{"start":{"line":381,"column":31},"end":{"line":384,"column":8}},"131":{"start":{"line":382,"column":41},"end":{"line":382,"column":50}},"132":{"start":{"line":383,"column":8},"end":{"line":383,"column":45}},"133":{"start":{"line":386,"column":6},"end":{"line":386,"column":40}},"134":{"start":{"line":390,"column":4},"end":{"line":401,"column":5}},"135":{"start":{"line":391,"column":33},"end":{"line":398,"column":8}},"136":{"start":{"line":392,"column":8},"end":{"line":397,"column":9}},"137":{"start":{"line":393,"column":10},"end":{"line":393,"column":32}},"138":{"start":{"line":395,"column":41},"end":{"line":395,"column":46}},"139":{"start":{"line":396,"column":10},"end":{"line":396,"column":47}},"140":{"start":{"line":400,"column":6},"end":{"line":400,"column":42}},"141":{"start":{"line":404,"column":4},"end":{"line":406,"column":5}},"142":{"start":{"line":405,"column":6},"end":{"line":405,"column":38}},"143":{"start":{"line":408,"column":24},"end":{"line":422,"column":5}},"144":{"start":{"line":411,"column":26},"end":{"line":411,"column":28}},"145":{"start":{"line":412,"column":8},"end":{"line":414,"column":11}},"146":{"start":{"line":413,"column":10},"end":{"line":413,"column":56}},"147":{"start":{"line":416,"column":8},"end":{"line":416,"column":28}},"148":{"start":{"line":419,"column":8},"end":{"line":419,"column":60}},"149":{"start":{"line":420,"column":8},"end":{"line":420,"column":28}},"150":{"start":{"line":424,"column":4},"end":{"line":424,"column":23}},"151":{"start":{"line":426,"column":4},"end":{"line":426,"column":65}},"152":{"start":{"line":427,"column":4},"end":{"line":427,"column":16}},"153":{"start":{"line":435,"column":27},"end":{"line":442,"column":1}},"154":{"start":{"line":436,"column":21},"end":{"line":436,"column":37}},"155":{"start":{"line":437,"column":2},"end":{"line":439,"column":3}},"156":{"start":{"line":438,"column":4},"end":{"line":438,"column":49}},"157":{"start":{"line":441,"column":2},"end":{"line":441,"column":32}},"158":{"start":{"line":448,"column":25},"end":{"line":461,"column":1}},"159":{"start":{"line":449,"column":21},"end":{"line":449,"column":37}},"160":{"start":{"line":450,"column":2},"end":{"line":452,"column":3}},"161":{"start":{"line":451,"column":4},"end":{"line":451,"column":49}},"162":{"start":{"line":454,"column":2},"end":{"line":460,"column":3}},"163":{"start":{"line":455,"column":4},"end":{"line":455,"column":37}},"164":{"start":{"line":456,"column":4},"end":{"line":456,"column":46}},"165":{"start":{"line":458,"column":4},"end":{"line":458,"column":63}},"166":{"start":{"line":459,"column":4},"end":{"line":459,"column":16}},"167":{"start":{"line":467,"column":24},"end":{"line":480,"column":1}},"168":{"start":{"line":468,"column":21},"end":{"line":468,"column":37}},"169":{"start":{"line":469,"column":2},"end":{"line":471,"column":3}},"170":{"start":{"line":470,"column":4},"end":{"line":470,"column":49}},"171":{"start":{"line":473,"column":2},"end":{"line":479,"column":3}},"172":{"start":{"line":474,"column":4},"end":{"line":474,"column":36}},"173":{"start":{"line":475,"column":4},"end":{"line":475,"column":45}},"174":{"start":{"line":477,"column":4},"end":{"line":477,"column":62}},"175":{"start":{"line":478,"column":4},"end":{"line":478,"column":16}},"176":{"start":{"line":486,"column":34},"end":{"line":488,"column":1}},"177":{"start":{"line":487,"column":2},"end":{"line":487,"column":27}},"178":{"start":{"line":495,"column":31},"end":{"line":497,"column":1}},"179":{"start":{"line":496,"column":2},"end":{"line":496,"column":34}},"180":{"start":{"line":500,"column":0},"end":{"line":500,"column":22}}},"fnMap":{"0":{"name":"(anonymous_0)","decl":{"start":{"line":42,"column":35},"end":{"line":42,"column":36}},"loc":{"start":{"line":42,"column":78},"end":{"line":82,"column":1}},"line":42},"1":{"name":"(anonymous_1)","decl":{"start":{"line":57,"column":14},"end":{"line":57,"column":15}},"loc":{"start":{"line":57,"column":20},"end":{"line":59,"column":9}},"line":57},"2":{"name":"(anonymous_2)","decl":{"start":{"line":60,"column":15},"end":{"line":60,"column":16}},"loc":{"start":{"line":60,"column":24},"end":{"line":73,"column":9}},"line":60},"3":{"name":"(anonymous_3)","decl":{"start":{"line":90,"column":30},"end":{"line":90,"column":31}},"loc":{"start":{"line":90,"column":36},"end":{"line":95,"column":1}},"line":90},"4":{"name":"(anonymous_4)","decl":{"start":{"line":105,"column":30},"end":{"line":105,"column":31}},"loc":{"start":{"line":105,"column":96},"end":{"line":125,"column":1}},"line":105},"5":{"name":"(anonymous_5)","decl":{"start":{"line":137,"column":27},"end":{"line":137,"column":28}},"loc":{"start":{"line":142,"column":5},"end":{"line":165,"column":1}},"line":142},"6":{"name":"(anonymous_6)","decl":{"start":{"line":176,"column":30},"end":{"line":176,"column":31}},"loc":{"start":{"line":181,"column":5},"end":{"line":199,"column":1}},"line":181},"7":{"name":"(anonymous_7)","decl":{"start":{"line":207,"column":30},"end":{"line":207,"column":31}},"loc":{"start":{"line":207,"column":68},"end":{"line":219,"column":1}},"line":207},"8":{"name":"(anonymous_8)","decl":{"start":{"line":227,"column":27},"end":{"line":227,"column":28}},"loc":{"start":{"line":227,"column":65},"end":{"line":245,"column":1}},"line":227},"9":{"name":"(anonymous_9)","decl":{"start":{"line":256,"column":30},"end":{"line":256,"column":31}},"loc":{"start":{"line":262,"column":5},"end":{"line":317,"column":1}},"line":262},"10":{"name":"(anonymous_10)","decl":{"start":{"line":273,"column":46},"end":{"line":273,"column":47}},"loc":{"start":{"line":273,"column":59},"end":{"line":276,"column":7}},"line":273},"11":{"name":"(anonymous_11)","decl":{"start":{"line":283,"column":51},"end":{"line":283,"column":52}},"loc":{"start":{"line":283,"column":60},"end":{"line":290,"column":7}},"line":283},"12":{"name":"(anonymous_12)","decl":{"start":{"line":308,"column":26},"end":{"line":308,"column":27}},"loc":{"start":{"line":308,"column":33},"end":{"line":310,"column":5}},"line":308},"13":{"name":"(anonymous_13)","decl":{"start":{"line":326,"column":35},"end":{"line":326,"column":36}},"loc":{"start":{"line":326,"column":77},"end":{"line":353,"column":1}},"line":326},"14":{"name":"(anonymous_14)","decl":{"start":{"line":335,"column":6},"end":{"line":335,"column":7}},"loc":{"start":{"line":335,"column":21},"end":{"line":341,"column":7}},"line":335},"15":{"name":"(anonymous_15)","decl":{"start":{"line":342,"column":6},"end":{"line":342,"column":7}},"loc":{"start":{"line":342,"column":15},"end":{"line":345,"column":7}},"line":342},"16":{"name":"(anonymous_16)","decl":{"start":{"line":364,"column":32},"end":{"line":364,"column":33}},"loc":{"start":{"line":370,"column":5},"end":{"line":429,"column":1}},"line":370},"17":{"name":"(anonymous_17)","decl":{"start":{"line":381,"column":46},"end":{"line":381,"column":47}},"loc":{"start":{"line":381,"column":59},"end":{"line":384,"column":7}},"line":381},"18":{"name":"(anonymous_18)","decl":{"start":{"line":391,"column":51},"end":{"line":391,"column":52}},"loc":{"start":{"line":391,"column":60},"end":{"line":398,"column":7}},"line":391},"19":{"name":"(anonymous_19)","decl":{"start":{"line":410,"column":6},"end":{"line":410,"column":7}},"loc":{"start":{"line":410,"column":23},"end":{"line":417,"column":7}},"line":410},"20":{"name":"(anonymous_20)","decl":{"start":{"line":412,"column":30},"end":{"line":412,"column":31}},"loc":{"start":{"line":412,"column":37},"end":{"line":414,"column":9}},"line":412},"21":{"name":"(anonymous_21)","decl":{"start":{"line":418,"column":6},"end":{"line":418,"column":7}},"loc":{"start":{"line":418,"column":15},"end":{"line":421,"column":7}},"line":418},"22":{"name":"(anonymous_22)","decl":{"start":{"line":435,"column":27},"end":{"line":435,"column":28}},"loc":{"start":{"line":435,"column":33},"end":{"line":442,"column":1}},"line":435},"23":{"name":"(anonymous_23)","decl":{"start":{"line":448,"column":25},"end":{"line":448,"column":26}},"loc":{"start":{"line":448,"column":37},"end":{"line":461,"column":1}},"line":448},"24":{"name":"(anonymous_24)","decl":{"start":{"line":467,"column":24},"end":{"line":467,"column":25}},"loc":{"start":{"line":467,"column":36},"end":{"line":480,"column":1}},"line":467},"25":{"name":"(anonymous_25)","decl":{"start":{"line":486,"column":34},"end":{"line":486,"column":35}},"loc":{"start":{"line":486,"column":40},"end":{"line":488,"column":1}},"line":486},"26":{"name":"(anonymous_26)","decl":{"start":{"line":495,"column":31},"end":{"line":495,"column":32}},"loc":{"start":{"line":495,"column":39},"end":{"line":497,"column":1}},"line":495}},"branchMap":{"0":{"loc":{"start":{"line":42,"column":36},"end":{"line":42,"column":73}},"type":"default-arg","locations":[{"start":{"line":42,"column":46},"end":{"line":42,"column":73}}],"line":42},"1":{"loc":{"start":{"line":46,"column":4},"end":{"line":49,"column":5}},"type":"if","locations":[{"start":{"line":46,"column":4},"end":{"line":49,"column":5}},{"start":{},"end":{}}],"line":46},"2":{"loc":{"start":{"line":55,"column":4},"end":{"line":74,"column":5}},"type":"if","locations":[{"start":{"line":55,"column":4},"end":{"line":74,"column":5}},{"start":{},"end":{}}],"line":55},"3":{"loc":{"start":{"line":61,"column":10},"end":{"line":72,"column":11}},"type":"if","locations":[{"start":{"line":61,"column":10},"end":{"line":72,"column":11}},{"start":{"line":66,"column":17},"end":{"line":72,"column":11}}],"line":61},"4":{"loc":{"start":{"line":66,"column":17},"end":{"line":72,"column":11}},"type":"if","locations":[{"start":{"line":66,"column":17},"end":{"line":72,"column":11}},{"start":{"line":70,"column":17},"end":{"line":72,"column":11}}],"line":66},"5":{"loc":{"start":{"line":91,"column":2},"end":{"line":93,"column":3}},"type":"if","locations":[{"start":{"line":91,"column":2},"end":{"line":93,"column":3}},{"start":{},"end":{}}],"line":91},"6":{"loc":{"start":{"line":105,"column":59},"end":{"line":105,"column":91}},"type":"default-arg","locations":[{"start":{"line":105,"column":69},"end":{"line":105,"column":91}}],"line":105},"7":{"loc":{"start":{"line":107,"column":2},"end":{"line":109,"column":3}},"type":"if","locations":[{"start":{"line":107,"column":2},"end":{"line":109,"column":3}},{"start":{},"end":{}}],"line":107},"8":{"loc":{"start":{"line":114,"column":4},"end":{"line":117,"column":5}},"type":"if","locations":[{"start":{"line":114,"column":4},"end":{"line":117,"column":5}},{"start":{},"end":{}}],"line":114},"9":{"loc":{"start":{"line":141,"column":2},"end":{"line":141,"column":47}},"type":"default-arg","locations":[{"start":{"line":141,"column":12},"end":{"line":141,"column":47}}],"line":141},"10":{"loc":{"start":{"line":144,"column":2},"end":{"line":146,"column":3}},"type":"if","locations":[{"start":{"line":144,"column":2},"end":{"line":146,"column":3}},{"start":{},"end":{}}],"line":144},"11":{"loc":{"start":{"line":151,"column":4},"end":{"line":156,"column":5}},"type":"if","locations":[{"start":{"line":151,"column":4},"end":{"line":156,"column":5}},{"start":{},"end":{}}],"line":151},"12":{"loc":{"start":{"line":152,"column":6},"end":{"line":154,"column":7}},"type":"if","locations":[{"start":{"line":152,"column":6},"end":{"line":154,"column":7}},{"start":{},"end":{}}],"line":152},"13":{"loc":{"start":{"line":180,"column":2},"end":{"line":180,"column":34}},"type":"default-arg","locations":[{"start":{"line":180,"column":12},"end":{"line":180,"column":34}}],"line":180},"14":{"loc":{"start":{"line":183,"column":2},"end":{"line":185,"column":3}},"type":"if","locations":[{"start":{"line":183,"column":2},"end":{"line":185,"column":3}},{"start":{},"end":{}}],"line":183},"15":{"loc":{"start":{"line":190,"column":4},"end":{"line":192,"column":5}},"type":"if","locations":[{"start":{"line":190,"column":4},"end":{"line":192,"column":5}},{"start":{},"end":{}}],"line":190},"16":{"loc":{"start":{"line":209,"column":2},"end":{"line":211,"column":3}},"type":"if","locations":[{"start":{"line":209,"column":2},"end":{"line":211,"column":3}},{"start":{},"end":{}}],"line":209},"17":{"loc":{"start":{"line":229,"column":2},"end":{"line":231,"column":3}},"type":"if","locations":[{"start":{"line":229,"column":2},"end":{"line":231,"column":3}},{"start":{},"end":{}}],"line":229},"18":{"loc":{"start":{"line":236,"column":4},"end":{"line":240,"column":5}},"type":"if","locations":[{"start":{"line":236,"column":4},"end":{"line":240,"column":5}},{"start":{"line":238,"column":11},"end":{"line":240,"column":5}}],"line":236},"19":{"loc":{"start":{"line":258,"column":2},"end":{"line":258,"column":17}},"type":"default-arg","locations":[{"start":{"line":258,"column":15},"end":{"line":258,"column":17}}],"line":258},"20":{"loc":{"start":{"line":259,"column":2},"end":{"line":259,"column":20}},"type":"default-arg","locations":[{"start":{"line":259,"column":18},"end":{"line":259,"column":20}}],"line":259},"21":{"loc":{"start":{"line":260,"column":2},"end":{"line":260,"column":16}},"type":"default-arg","locations":[{"start":{"line":260,"column":15},"end":{"line":260,"column":16}}],"line":260},"22":{"loc":{"start":{"line":261,"column":2},"end":{"line":261,"column":22}},"type":"default-arg","locations":[{"start":{"line":261,"column":18},"end":{"line":261,"column":22}}],"line":261},"23":{"loc":{"start":{"line":264,"column":2},"end":{"line":266,"column":3}},"type":"if","locations":[{"start":{"line":264,"column":2},"end":{"line":266,"column":3}},{"start":{},"end":{}}],"line":264},"24":{"loc":{"start":{"line":272,"column":4},"end":{"line":279,"column":5}},"type":"if","locations":[{"start":{"line":272,"column":4},"end":{"line":279,"column":5}},{"start":{},"end":{}}],"line":
[...]
nd":{"line":80,"column":5}},"28":{"start":{"line":78,"column":6},"end":{"line":78,"column":70}},"29":{"start":{"line":79,"column":6},"end":{"line":79,"column":13}},"30":{"start":{"line":82,"column":4},"end":{"line":85,"column":5}},"31":{"start":{"line":83,"column":6},"end":{"line":83,"column":73}},"32":{"start":{"line":84,"column":6},"end":{"line":84,"column":13}},"33":{"start":{"line":88,"column":23},"end":{"line":88,"column":51}},"34":{"start":{"line":89,"column":4},"end":{"line":92,"column":5}},"35":{"start":{"line":90,"column":6},"end":{"line":90,"column":69}},"36":{"start":{"line":91,"column":6},"end":{"line":91,"column":13}},"37":{"start":{"line":94,"column":4},"end":{"line":128,"column":5}},"38":{"start":{"line":95,"column":6},"end":{"line":95,"column":23}},"39":{"start":{"line":96,"column":6},"end":{"line":96,"column":81}},"40":{"start":{"line":97,"column":6},"end":{"line":97,"column":80}},"41":{"start":{"line":98,"column":6},"end":{"line":98,"column":25}},"42":{"start":{"line":102,"column":21},"end":{"line":102,"column":63}},"43":{"start":{"line":103,"column":6},"end":{"line":110,"column":7}},"44":{"start":{"line":104,"column":8},"end":{"line":106,"column":9}},"45":{"start":{"line":105,"column":10},"end":{"line":105,"column":37}},"46":{"start":{"line":109,"column":8},"end":{"line":109,"column":35}},"47":{"start":{"line":113,"column":25},"end":{"line":113,"column":55}},"48":{"start":{"line":116,"column":6},"end":{"line":122,"column":7}},"49":{"start":{"line":117,"column":8},"end":{"line":117,"column":52}},"50":{"start":{"line":118,"column":13},"end":{"line":122,"column":7}},"51":{"start":{"line":119,"column":8},"end":{"line":119,"column":54}},"52":{"start":{"line":120,"column":13},"end":{"line":122,"column":7}},"53":{"start":{"line":121,"column":8},"end":{"line":121,"column":54}},"54":{"start":{"line":124,"column":6},"end":{"line":124,"column":51}},"55":{"start":{"line":125,"column":6},"end":{"line":125,"column":54}},"56":{"start":{"line":127,"column":6},"end":{"line":127,"column":24}},"57":{"start":{"line":134,"column":22},"end":{"line":171,"column":3}},"58":{"start":{"line":136,"column":4},"end":{"line":139,"column":5}},"59":{"start":{"line":137,"column":6},"end":{"line":137,"column":70}},"60":{"start":{"line":138,"column":6},"end":{"line":138,"column":13}},"61":{"start":{"line":141,"column":4},"end":{"line":144,"column":5}},"62":{"start":{"line":142,"column":6},"end":{"line":142,"column":73}},"63":{"start":{"line":143,"column":6},"end":{"line":143,"column":13}},"64":{"start":{"line":146,"column":4},"end":{"line":170,"column":5}},"65":{"start":{"line":147,"column":6},"end":{"line":147,"column":23}},"66":{"start":{"line":148,"column":6},"end":{"line":148,"column":77}},"67":{"start":{"line":149,"column":6},"end":{"line":149,"column":67}},"68":{"start":{"line":150,"column":6},"end":{"line":150,"column":33}},"69":{"start":{"line":153,"column":25},"end":{"line":153,"column":54}},"70":{"start":{"line":156,"column":6},"end":{"line":164,"column":7}},"71":{"start":{"line":157,"column":8},"end":{"line":157,"column":60}},"72":{"start":{"line":158,"column":13},"end":{"line":164,"column":7}},"73":{"start":{"line":159,"column":8},"end":{"line":159,"column":54}},"74":{"start":{"line":160,"column":13},"end":{"line":164,"column":7}},"75":{"start":{"line":161,"column":8},"end":{"line":161,"column":57}},"76":{"start":{"line":162,"column":13},"end":{"line":164,"column":7}},"77":{"start":{"line":163,"column":8},"end":{"line":163,"column":57}},"78":{"start":{"line":166,"column":6},"end":{"line":166,"column":51}},"79":{"start":{"line":167,"column":6},"end":{"line":167,"column":54}},"80":{"start":{"line":169,"column":6},"end":{"line":169,"column":24}},"81":{"start":{"line":174,"column":18},"end":{"line":284,"column":3}},"82":{"start":{"line":175,"column":4},"end":{"line":283,"column":11}},"83":{"start":{"line":188,"column":29},"end":{"line":188,"column":73}},"84":{"start":{"line":196,"column":29},"end":{"line":196,"column":75}},"85":{"start":{"line":268,"column":39},"end":{"line":268,"column":76}},"86":{"start":{"line":287,"column":2},"end":{"line":294,"column":4}},"87":{"start":{"line":298,"column":15},"end":{"line":390,"column":2}}},"fnMap":{"0":{"name":"(anonymous_0)","decl":{"start":{"line":23,"column":20},"end":{"line":23,"column":21}},"loc":{"start":{"line":23,"column":26},"end":{"line":295,"column":1}},"line":23},"1":{"name":"(anonymous_1)","decl":{"start":{"line":44,"column":12},"end":{"line":44,"column":13}},"loc":{"start":{"line":44,"column":18},"end":{"line":56,"column":3}},"line":44},"2":{"name":"(anonymous_2)","decl":{"start":{"line":46,"column":34},"end":{"line":46,"column":35}},"loc":{"start":{"line":46,"column":46},"end":{"line":52,"column":7}},"line":46},"3":{"name":"(anonymous_3)","decl":{"start":{"line":59,"column":36},"end":{"line":59,"column":37}},"loc":{"start":{"line":59,"column":48},"end":{"line":70,"column":3}},"line":59},"4":{"name":"(anonymous_4)","decl":{"start":{"line":75,"column":23},"end":{"line":75,"column":24}},"loc":{"start":{"line":75,"column":35},"end":{"line":129,"column":3}},"line":75},"5":{"name":"(anonymous_5)","decl":{"start":{"line":134,"column":22},"end":{"line":134,"column":23}},"loc":{"start":{"line":134,"column":34},"end":{"line":171,"column":3}},"line":134},"6":{"name":"(anonymous_6)","decl":{"start":{"line":174,"column":18},"end":{"line":174,"column":19}},"loc":{"start":{"line":175,"column":4},"end":{"line":283,"column":11}},"line":175},"7":{"name":"(anonymous_7)","decl":{"start":{"line":188,"column":23},"end":{"line":188,"column":24}},"loc":{"start":{"line":188,"column":29},"end":{"line":188,"column":73}},"line":188},"8":{"name":"(anonymous_8)","decl":{"start":{"line":196,"column":23},"end":{"line":196,"column":24}},"loc":{"start":{"line":196,"column":29},"end":{"line":196,"column":75}},"line":196},"9":{"name":"(anonymous_9)","decl":{"start":{"line":268,"column":33},"end":{"line":268,"column":34}},"loc":{"start":{"line":268,"column":39},"end":{"line":268,"column":76}},"line":268}},"branchMap":{"0":{"loc":{"start":{"line":45,"column":4},"end":{"line":55,"column":5}},"type":"if","locations":[{"start":{"line":45,"column":4},"end":{"line":55,"column":5}},{"start":{},"end":{}}],"line":45},"1":{"loc":{"start":{"line":45,"column":8},"end":{"line":45,"column":58}},"type":"binary-expr","locations":[{"start":{"line":45,"column":8},"end":{"line":45,"column":17}},{"start":{"line":45,"column":21},"end":{"line":45,"column":58}}],"line":45},"2":{"loc":{"start":{"line":48,"column":8},"end":{"line":51,"column":9}},"type":"if","locations":[{"start":{"line":48,"column":8},"end":{"line":51,"column":9}},{"start":{},"end":{}}],"line":48},"3":{"loc":{"start":{"line":61,"column":4},"end":{"line":67,"column":5}},"type":"if","locations":[{"start":{"line":61,"column":4},"end":{"line":67,"column":5}},{"start":{},"end":{}}],"line":61},"4":{"loc":{"start":{"line":77,"column":4},"end":{"line":80,"column":5}},"type":"if","locations":[{"start":{"line":77,"column":4},"end":{"line":80,"column":5}},{"start":{},"end":{}}],"line":77},"5":{"loc":{"start":{"line":82,"column":4},"end":{"line":85,"column":5}},"type":"if","locations":[{"start":{"line":82,"column":4},"end":{"line":85,"column":5}},{"start":{},"end":{}}],"line":82},"6":{"loc":{"start":{"line":89,"column":4},"end":{"line":92,"column":5}},"type":"if","locations":[{"start":{"line":89,"column":4},"end":{"line":92,"column":5}},{"start":{},"end":{}}],"line":89},"7":{"loc":{"start":{"line":103,"column":6},"end":{"line":110,"column":7}},"type":"if","locations":[{"start":{"line":103,"column":6},"end":{"line":110,"column":7}},{"start":{"line":107,"column":13},"end":{"line":110,"column":7}}],"line":103},"8":{"loc":{"start":{"line":104,"column":8},"end":{"line":106,"column":9}},"type":"if","locations":[{"start":{"line":104,"column":8},"end":{"line":106,"column":9}},{"start":{},"end":{}}],"line":104},"9":{"loc":{"start":{"line":116,"column":6},"end":{"line":122,"column":7}},"type":"if","locations":[{"start":{"line":116,"column":6},"end":{"line":122,"column":7}},{"start":{"line":118,"column":13},"end":{"line":122,"column":7}}],"line":116},"10":{"loc":{"start":{"line":118,"column":13},"end":{"line":122,"column":7}},"type":"if","locations":[{"start":{"line":118,"column":13},"end":{"line":122,"column":7}},{"start":{"line":120,"column":13},"end":{"line":122,"column":7}}],"line":118},"11":{"loc":{"start":{"line":120,"column":13},"end":{"line":122,"column":7}},"type":"if","locations":[{"start":{"line":120,"column":13},"end":{"line":122,"column":7}},{"start":{},"end":{}}],"line":120},"12":{"loc":{"start":{"line":136,"column":4},"end":{"line":139,"column":5}},"type":"if","locations":[{"start":{"line":136,"column":4},"end":{"line":139,"column":5}},{"start":{},"end":{}}],"line":136},"13":{"loc":{"start":{"line":141,"column":4},"end":{"line":144,"column":5}},"type":"if","locations":[{"start":{"line":141,"column":4},"end":{"line":144,"column":5}},{"start":{},"end":{}}],"line":141},"14":{"loc":{"start":{"line":156,"column":6},"end":{"line":164,"column":7}},"type":"if","locations":[{"start":{"line":156,"column":6},"end":{"line":164,"column":7}},{"start":{"line":158,"column":13},"end":{"line":164,"column":7}}],"line":156},"15":{"loc":{"start":{"line":156,"column":10},"end":{"line":156,"column":86}},"type":"binary-expr","locations":[{"start":{"line":156,"column":10},"end":{"line":156,"column":46}},{"start":{"line":156,"column":50},"end":{"line":156,"column":86}}],"line":156},"16":{"loc":{"start":{"line":158,"column":13},"end":{"line":164,"column":7}},"type":"if","locations":[{"start":{"line":158,"column":13},"end":{"line":164,"column":7}},{"start":{"line":160,"column":13},"end":{"line":164,"column":7}}],"line":158},"17":{"loc":{"start":{"line":160,"column":13},"end":{"line":164,"column":7}},"type":"if","locations":[{"start":{"line":160,"column":13},"end":{"line":164,"column":7}},{"start":{"line":162,"column":13},"end":{"line":164,"column":7}}],"line":160},"18":{"loc":{"start":{"line":162,"column":13},"end":{"line":164,"column":7}},"type":"if","locations":[{"start":{"line":162,"column":13},"end":{"line":164,"column":7}},{"start":{},"end":{}}],"line":162},"19":{"loc":{"start":{"line":177,"column":7},"end":{"line":212,"column":7}},"type":"binary-expr","locations":[{"start":{"line":177,"column":7},"end":{"line":177,"column":25}},{"start":{"line":178,"column":8},"end":{"line":211,"column":15}}],"line":177},"20":{"loc":{"start":{"line":254,"column":11},"end":{"line":254,"column":60}},"type":"cond-expr","locations":[{"start":{"line":254,"column":21},"end":{"line":254,"column":40}},{"start":{"line":254,"column":43},"end":{"line":254,"column":60}}],"line":254},"21":{"loc":{"start":{"line":264,"column":11},"end":{"line":264,"column":60}},"type":"cond-expr","locations":[{"start":{"line":264,"column":21},"end":{"line":264,"column":40}},{"start":{"line":264,"column":43},"end":{"line":264,"column":60}}],"line":264}},"s":{"0":0,"1":0,"2":0,"3":0,"4":0,"5":0,"6":0,"7":0,"8":0,"9":0,"10":0,"11":0,"12":0,"13":0,"14":0,"15":0,"16":0,"17":0,"18":0,"19":0,"20":0,"21":0,"22":0,"23":0,"24":0,"25":0,"26":0,"27":0,"28":0,"29":0,"30":0,"31":0,"32":0,"33":0,"34":0,"35":0,"36":0,"37":0,"38":0,"39":0,"40":0,"41":0,"42":0,"43":0,"44":0,"45":0,"46":0,"47":0,"48":0,"49":0,"50":0,"51":0,"52":0,"53":0,"54":0,"55":0,"56":0,"57":0,"58":0,"59":0,"60":0,"61":0,"62":0,"63":0,"64":0,"65":0,"66":0,"67":0,"68":0,"69":0,"70":0,"71":0,"72":0,"73":0,"74":0,"75":0,"76":0,"77":0,"78":0,"79":0,"80":0,"81":0,"82":0,"83":0,"84":0,"85":0,"86":0,"87":0},"f":{"0":0,"1":0,"2":0,"3":0,"4":0,"5":0,"6":0,"7":0,"8":0,"9":0},"b":{"0":[0,0],"1":[0,0],"2":[0,0],"3":[0,0],"4":[0,0],"5":[0,0],"6":[0,0],"7":[0,0],"8":[0,0],"9":[0,0],"10":[0,0],"11":[0,0],"12":[0,0],"13":[0,0],"14":[0,0],"15":[0,0],"16":[0,0],"17":[0,0],"18":[0,0],"19":[0,0],"20":[0,0],"21":[0,0]}}
,"/Users/lisadario/Desktop/ai-sports-edge/atomic/pages/SignupPage.js": {"path":"/Users/lisadario/Desktop/ai-sports-edge/atomic/pages/SignupPage.js","statementMap":{"0":{"start":{"line":21,"column":19},"end":{"line":174,"column":1}},"1":{"start":{"line":23,"column":21},"end":{"line":23,"column":31}},"2":{"start":{"line":26,"column":21},"end":{"line":26,"column":36}},"3":{"start":{"line":29,"column":28},"end":{"line":29,"column":40}},"4":{"start":{"line":30,"column":34},"end":{"line":30,"column":46}},"5":{"start":{"line":31,"column":48},"end":{"line":31,"column":60}},"6":{"start":{"line":32,"column":28},"end":{"line":32,"column":40}},"7":{"start":{"line":33,"column":32},"end":{"line":33,"column":47}},"8":{"start":{"line":38,"column":23},"end":{"line":67,"column":3}},"9":{"start":{"line":40,"column":4},"end":{"line":40,"column":17}},"10":{"start":{"line":43,"column":4},"end":{"line":46,"column":5}},"11":{"start":{"line":44,"column":6},"end":{"line":44,"column":41}},"12":{"start":{"line":45,"column":6},"end":{"line":45,"column":13}},"13":{"start":{"line":48,"column":4},"end":{"line":66,"column":5}},"14":{"start":{"line":50,"column":6},"end":{"line":50,"column":23}},"15":{"start":{"line":53,"column":6},"end":{"line":53,"column":81}},"16":{"start":{"line":56,"column":6},"end":{"line":56,"column":39}},"17":{"start":{"line":59,"column":6},"end":{"line":59,"column":52}},"18":{"start":{"line":62,"column":6},"end":{"line":62,"column":106}},"19":{"start":{"line":65,"column":6},"end":{"line":65,"column":24}},"20":{"start":{"line":70,"column":17},"end":{"line":75,"column":3}},"21":{"start":{"line":71,"column":4},"end":{"line":74,"column":11}},"22":{"start":{"line":78,"column":18},"end":{"line":162,"column":3}},"23":{"start":{"line":79,"column":4},"end":{"line":161,"column":11}},"24":{"start":{"line":155,"column":41},"end":{"line":155,"column":69}},"25":{"start":{"line":165,"column":2},"end":{"line":173,"column":4}},"26":{"start":{"line":177,"column":15},"end":{"line":238,"column":2}}},"fnMap":{"0":{"name":"(anonymous_0)","decl":{"start":{"line":21,"column":19},"end":{"line":21,"column":20}},"loc":{"start":{"line":21,"column":25},"end":{"line":174,"column":1}},"line":21},"1":{"name":"(anonymous_1)","decl":{"start":{"line":38,"column":23},"end":{"line":38,"column":24}},"loc":{"start":{"line":38,"column":35},"end":{"line":67,"column":3}},"line":38},"2":{"name":"(anonymous_2)","decl":{"start":{"line":70,"column":17},"end":{"line":70,"column":18}},"loc":{"start":{"line":71,"column":4},"end":{"line":74,"column":11}},"line":71},"3":{"name":"(anonymous_3)","decl":{"start":{"line":78,"column":18},"end":{"line":78,"column":19}},"loc":{"start":{"line":79,"column":4},"end":{"line":161,"column":11}},"line":79},"4":{"name":"(anonymous_4)","decl":{"start":{"line":155,"column":35},"end":{"line":155,"column":36}},"loc":{"start":{"line":155,"column":41},"end":{"line":155,"column":69}},"line":155}},"branchMap":{"0":{"loc":{"start":{"line":43,"column":4},"end":{"line":46,"column":5}},"type":"if","locations":[{"start":{"line":43,"column":4},"end":{"line":46,"column":5}},{"start":{},"end":{}}],"line":43},"1":{"loc":{"start":{"line":62,"column":15},"end":{"line":62,"column":104}},"type":"binary-expr","locations":[{"start":{"line":62,"column":15},"end":{"line":62,"column":66}},{"start":{"line":62,"column":70},"end":{"line":62,"column":104}}],"line":62},"2":{"loc":{"start":{"line":81,"column":7},"end":{"line":85,"column":14}},"type":"cond-expr","locations":[{"start":{"line":82,"column":8},"end":{"line":84,"column":15}},{"start":{"line":85,"column":10},"end":{"line":85,"column":14}}],"line":81},"3":{"loc":{"start":{"line":149,"column":11},"end":{"line":149,"column":54}},"type":"cond-expr","locations":[{"start":{"line":149,"column":21},"end":{"line":149,"column":42}},{"start":{"line":149,"column":45},"end":{"line":149,"column":54}}],"line":149}},"s":{"0":0,"1":0,"2":0,"3":0,"4":0,"5":0,"6":0,"7":0,"8":0,"9":0,"10":0,"11":0,"12":0,"13":0,"14":0,"15":0,"16":0,"17":0,"18":0,"19":0,"20":0,"21":0,"22":0,"23":0,"24":0,"25":0,"26":0},"f":{"0":0,"1":0,"2":0,"3":0,"4":0},"b":{"0":[0,0],"1":[0,0],"2":[0,0],"3":[0,0]}}
,"/Users/lisadario/Desktop/ai-sports-edge/atomic/templates/MainLayout.js": {"path":"/Users/lisadario/Desktop/ai-sports-edge/atomic/templates/MainLayout.js","statementMap":{"0":{"start":{"line":30,"column":19},"end":{"line":106,"column":1}},"1":{"start":{"line":41,"column":37},"end":{"line":41,"column":47}},"2":{"start":{"line":45,"column":4},"end":{"line":51,"column":24}},"3":{"start":{"line":54,"column":23},"end":{"line":61,"column":3}},"4":{"start":{"line":64,"column":24},"end":{"line":78,"column":3}},"5":{"start":{"line":66,"column":6},"end":{"line":66,"column":90}},"6":{"start":{"line":69,"column":4},"end":{"line":75,"column":5}},"7":{"start":{"line":70,"column":6},"end":{"line":74,"column":8}},"8":{"start":{"line":77,"column":4},"end":{"line":77,"column":28}},"9":{"start":{"line":82,"column":4},"end":{"line":93,"column":11}},"10":{"start":{"line":97,"column":2},"end":{"line":103,"column":3}},"11":{"start":{"line":98,"column":4},"end":{"line":102,"column":6}},"12":{"start":{"line":105,"column":2},"end":{"line":105,"column":23}},"13":{"start":{"line":109,"column":15},"end":{"line":134,"column":2}}},"fnMap":{"0":{"name":"(anonymous_0)","decl":{"start":{"line":30,"column":19},"end":{"line":30,"column":20}},"loc":{"start":{"line":39,"column":6},"end":{"line":106,"column":1}},"line":39},"1":{"name":"(anonymous_1)","decl":{"start":{"line":64,"column":24},"end":{"line":64,"column":25}},"loc":{"start":{"line":64,"column":30},"end":{"line":78,"column":3}},"line":64}},"branchMap":{"0":{"loc":{"start":{"line":34,"column":2},"end":{"line":34,"column":19}},"type":"default-arg","locations":[{"start":{"line":34,"column":15},"end":{"line":34,"column":19}}],"line":34},"1":{"loc":{"start":{"line":37,"column":2},"end":{"line":37,"column":17}},"type":"default-arg","locations":[{"start":{"line":37,"column":13},"end":{"line":37,"column":17}}],"line":37},"2":{"loc":{"start":{"line":38,"column":2},"end":{"line":38,"column":25}},"type":"default-arg","locations":[{"start":{"line":38,"column":19},"end":{"line":38,"column":25}}],"line":38},"3":{"loc":{"start":{"line":45,"column":4},"end":{"line":51,"column":24}},"type":"cond-expr","locations":[{"start":{"line":46,"column":8},"end":{"line":48,"column":24}},{"start":{"line":49,"column":8},"end":{"line":51,"column":24}}],"line":45},"4":{"loc":{"start":{"line":46,"column":8},"end":{"line":48,"column":24}},"type":"cond-expr","locations":[{"start":{"line":47,"column":10},"end":{"line":47,"column":25}},{"start":{"line":48,"column":10},"end":{"line":48,"column":24}}],"line":46},"5":{"loc":{"start":{"line":49,"column":8},"end":{"line":51,"column":24}},"type":"cond-expr","locations":[{"start":{"line":50,"column":10},"end":{"line":50,"column":25}},{"start":{"line":51,"column":10},"end":{"line":51,"column":24}}],"line":49},"6":{"loc":{"start":{"line":69,"column":4},"end":{"line":75,"column":5}},"type":"if","locations":[{"start":{"line":69,"column":4},"end":{"line":75,"column":5}},{"start":{},"end":{}}],"line":69},"7":{"loc":{"start":{"line":86,"column":7},"end":{"line":86,"column":60}},"type":"binary-expr","locations":[{"start":{"line":86,"column":7},"end":{"line":86,"column":13}},{"start":{"line":86,"column":17},"end":{"line":86,"column":60}}],"line":86},"8":{"loc":{"start":{"line":92,"column":7},"end":{"line":92,"column":60}},"type":"binary-expr","locations":[{"start":{"line":92,"column":7},"end":{"line":92,"column":13}},{"start":{"line":92,"column":17},"end":{"line":92,"column":60}}],"line":92},"9":{"loc":{"start":{"line":97,"column":2},"end":{"line":103,"column":3}},"type":"if","locations":[{"start":{"line":97,"column":2},"end":{"line":103,"column":3}},{"start":{},"end":{}}],"line":97}},"s":{"0":1,"1":4,"2":4,"3":4,"4":4,"5":4,"6":4,"7":4,"8":0,"9":4,"10":4,"11":4,"12":0,"13":1},"f":{"0":4,"1":4},"b":{"0":[4],"1":[4],"2":[4],"3":[4,0],"4":[0,4],"5":[0,0],"6":[4,0],"7":[4,2],"8":[4,2],"9":[4,0]},"_coverageSchema":"1a1c01bbd47fc00a2c39e90264f33305004495a9","hash":"6daed076bf946275d9f006089009bd236f39f4c2"}
}
