TN:
SF:atomic/atoms/envConfig.js
FN:14,(anonymous_0)
FN:45,(anonymous_1)
FN:46,(anonymous_2)
FNF:3
FNH:3
FNDA:44,(anonymous_0)
FNDA:4,(anonymous_1)
FNDA:12,(anonymous_2)
DA:14,2
DA:16,44
DA:17,20
DA:21,24
DA:23,24
DA:29,24
DA:30,0
DA:33,0
DA:36,24
DA:45,2
DA:46,12
DA:48,4
DA:49,0
DA:50,0
DA:51,0
DA:53,4
DA:57,2
DA:58,2
DA:59,2
LF:19
LH:14
BRDA:14,0,0,34
BRDA:16,1,0,20
BRDA:16,1,1,24
BRDA:16,2,0,44
BRDA:16,2,1,44
BRDA:16,2,2,44
BRDA:23,3,0,0
BRDA:23,3,1,24
BRDA:23,4,0,24
BRDA:23,4,1,0
BRDA:25,5,0,0
BRDA:25,5,1,24
BRDA:25,6,0,24
BRDA:25,6,1,24
BRDA:29,7,0,0
BRDA:29,7,1,24
BRDA:29,8,0,24
BRDA:29,8,1,24
BRDA:48,9,0,0
BRDA:48,9,1,4
BRF:20
BRH:15
end_of_record
TN:
SF:atomic/atoms/envValidator.js
FN:25,checkEnvVars
FN:30,(anonymous_1)
FN:31,(anonymous_2)
FN:50,getMissingEnvVarsMessage
FN:53,(anonymous_4)
FN:55,(anonymous_5)
FN:68,getCategoryInstructions
FNF:7
FNH:0
FNDA:0,checkEnvVars
FNDA:0,(anonymous_1)
FNDA:0,(anonymous_2)
FNDA:0,getMissingEnvVarsMessage
FNDA:0,(anonymous_4)
FNDA:0,(anonymous_5)
FNDA:0,getCategoryInstructions
DA:8,0
DA:26,0
DA:27,0
DA:30,0
DA:31,0
DA:33,0
DA:34,0
DA:35,0
DA:39,0
DA:51,0
DA:53,0
DA:54,0
DA:55,0
DA:56,0
DA:60,0
DA:69,0
DA:71,0
DA:72,0
DA:76,0
DA:77,0
DA:80,0
LF:21
LH:0
BRDA:33,0,0,0
BRDA:33,0,1,0
BRDA:71,1,0,0
BRDA:71,1,1,0
BRDA:76,2,0,0
BRDA:76,2,1,0
BRF:6
BRH:0
end_of_record
TN:
SF:atomic/atoms/errorUtils.js
FN:22,(anonymous_0)
FN:42,(anonymous_1)
FN:61,(anonymous_2)
FN:73,(anonymous_3)
FN:107,(anonymous_4)
FN:119,(anonymous_5)
FN:148,(anonymous_6)
FN:168,(anonymous_7)
FN:176,(anonymous_8)
FN:188,(anonymous_9)
FNF:10
FNH:0
FNDA:0,(anonymous_0)
FNDA:0,(anonymous_1)
FNDA:0,(anonymous_2)
FNDA:0,(anonymous_3)
FNDA:0,(anonymous_4)
FNDA:0,(anonymous_5)
FNDA:0,(anonymous_6)
FNDA:0,(anonymous_7)
FNDA:0,(anonymous_8)
FNDA:0,(anonymous_9)
DA:22,0
DA:23,0
DA:25,0
DA:26,0
DA:33,0
DA:42,0
DA:43,0
DA:45,0
DA:61,0
DA:62,0
DA:63,0
DA:64,0
DA:65,0
DA:73,0
DA:74,0
DA:75,0
DA:78,0
DA:79,0
DA:82,0
DA:83,0
DA:84,0
DA:87,0
DA:88,0
DA:89,0
DA:90,0
DA:92,0
DA:95,0
DA:98,0
DA:107,0
DA:108,0
DA:110,0
DA:119,0
DA:120,0
DA:123,0
DA:139,0
DA:140,0
DA:148,0
DA:149,0
DA:151,0
DA:157,0
DA:164,0
DA:165,0
DA:167,0
DA:168,0
DA:176,0
DA:177,0
DA:179,0
DA:180,0
DA:188,0
DA:189,0
DA:191,0
DA:193,0
DA:194,0
LF:53
LH:0
BRDA:25,0,0,0
BRDA:25,0,1,0
BRDA:25,1,0,0
BRDA:25,1,1,0
BRDA:43,2,0,0
BRDA:43,2,1,0
BRDA:61,3,0,0
BRDA:74,4,0,0
BRDA:74,4,1,0
BRDA:78,5,0,0
BRDA:78,5,1,0
BRDA:82,6,0,0
BRDA:82,6,1,0
BRDA:82,7,0,0
BRDA:82,7,1,0
BRDA:83,8,0,0
BRDA:83,8,1,0
BRDA:87,9,0,0
BRDA:87,9,1,0
BRDA:88,10,0,0
BRDA:88,10,1,0
BRDA:89,11,0,0
BRDA:89,11,1,0
BRDA:90,12,0,0
BRDA:90,12,1,0
BRDA:107,13,0,0
BRDA:108,14,0,0
BRDA:108,14,1,0
BRDA:110,15,0,0
BRDA:110,15,1,0
BRDA:119,16,0,0
BRDA:120,17,0,0
BRDA:120,17,1,0
BRDA:140,18,0,0
BRDA:140,18,1,0
BRDA:140,18,2,0
BRDA:149,19,0,0
BRDA:149,19,1,0
BRDA:165,20,0,0
BRDA:165,20,1,0
BRDA:167,21,0,0
BRDA:167,21,1,0
BRDA:177,22,0,0
BRDA:177,22,1,0
BRDA:189,23,0,0
BRDA:189,23,1,0
BRF:46
BRH:0
end_of_record
TN:
SF:atomic/atoms/firebaseApp.js
FN:17,(anonymous_0)
FN:43,(anonymous_1)
FN:54,(anonymous_2)
FNF:3
FNH:2
FNDA:4,(anonymous_0)
FNDA:3,(anonymous_1)
FNDA:0,(anonymous_2)
DA:17,2
DA:18,4
DA:20,4
DA:21,4
DA:22,3
DA:23,3
DA:25,0
DA:26,0
DA:29,1
DA:30,1
DA:35,2
DA:43,2
DA:44,3
DA:45,1
DA:47,3
DA:54,2
DA:55,0
LF:17
LH:14
BRDA:17,0,0,3
BRDA:20,1,0,4
BRDA:20,1,1,0
BRDA:44,2,0,1
BRDA:44,2,1,2
BRF:5
BRH:4
end_of_record
TN:
SF:atomic/atoms/serviceConfig.js
FNF:0
FNH:0
DA:13,2
DA:26,2
DA:35,2
DA:44,2
DA:52,2
DA:60,2
LF:6
LH:6
BRF:0
BRH:0
end_of_record
TN:
SF:atomic/atoms/themeColors.js
FNF:0
FNH:0
DA:12,0
DA:103,0
DA:150,0
DA:204,0
LF:4
LH:0
BRF:0
BRH:0
end_of_record
TN:
SF:atomic/atoms/themeTokens.js
FNF:0
FNH:0
DA:14,0
DA:35,0
DA:56,0
DA:93,0
DA:118,0
DA:143,0
DA:153,0
DA:206,0
DA:259,0
DA:274,0
DA:291,0
LF:11
LH:0
BRF:0
BRH:0
end_of_record
TN:
SF:atomic/molecules/environmentValidator.js
FN:23,validateEnvironment
FN:65,validateServiceConfig
FN:78,(anonymous_2)
FN:100,logEnvironmentInfo
FNF:4
FNH:0
FNDA:0,validateEnvironment
FNDA:0,validateServiceConfig
FNDA:0,(anonymous_2)
FNDA:0,logEnvironmentInfo
DA:24,0
DA:25,0
DA:28,0
DA:30,0
DA:32,0
DA:33,0
DA:36,0
DA:37,0
DA:40,0
DA:41,0
DA:42,0
DA:45,0
DA:48,0
DA:49,0
DA:52,0
DA:71,0
DA:72,0
DA:75,0
DA:77,0
DA:78,0
DA:79,0
DA:81,0
DA:82,0
DA:83,0
DA:86,0
DA:89,0
DA:90,0
DA:93,0
DA:101,0
DA:102,0
DA:105,0
DA:106,0
DA:107,0
DA:108,0
DA:109,0
DA:110,0
DA:111,0
LF:37
LH:0
BRDA:23,0,0,0
BRDA:24,1,0,0
BRDA:24,1,1,0
BRDA:30,2,0,0
BRDA:30,2,1,0
BRDA:40,3,0,0
BRDA:40,3,1,0
BRDA:48,4,0,0
BRDA:48,4,1,0
BRDA:69,5,0,0
BRDA:71,6,0,0
BRDA:71,6,1,0
BRDA:77,7,0,0
BRDA:77,7,1,0
BRDA:81,8,0,0
BRDA:81,8,1,0
BRDA:89,9,0,0
BRDA:89,9,1,0
BRDA:101,10,0,0
BRDA:101,10,1,0
BRDA:107,11,0,0
BRDA:107,11,1,0
BRF:22
BRH:0
end_of_record
TN:
SF:atomic/molecules/errorTracking.js
FN:15,(anonymous_0)
FN:30,(anonymous_1)
FN:64,(anonymous_2)
FN:124,(anonymous_3)
FN:146,(anonymous_4)
FN:162,(anonymous_5)
FN:177,(anonymous_6)
FN:190,(anonymous_7)
FN:202,(anonymous_8)
FN:215,(anonymous_9)
FN:227,(anonymous_10)
FN:241,(anonymous_11)
FN:247,(anonymous_12)
FN:248,(anonymous_13)
FN:249,(anonymous_14)
FN:259,(anonymous_15)
FN:267,(anonymous_16)
FNF:17
FNH:0
FNDA:0,(anonymous_0)
FNDA:0,(anonymous_1)
FNDA:0,(anonymous_2)
FNDA:0,(anonymous_3)
FNDA:0,(anonymous_4)
FNDA:0,(anonymous_5)
FNDA:0,(anonymous_6)
FNDA:0,(anonymous_7)
FNDA:0,(anonymous_8)
FNDA:0,(anonymous_9)
FNDA:0,(anonymous_10)
FNDA:0,(anonymous_11)
FNDA:0,(anonymous_12)
FNDA:0,(anonymous_13)
FNDA:0,(anonymous_14)
FNDA:0,(anonymous_15)
FNDA:0,(anonymous_16)
DA:15,0
DA:17,0
DA:30,0
DA:31,0
DA:34,0
DA:36,0
DA:37,0
DA:38,0
DA:39,0
DA:43,0
DA:51,0
DA:56,0
DA:57,0
DA:58,0
DA:65,0
DA:66,0
DA:67,0
DA:68,0
DA:69,0
DA:71,0
DA:72,0
DA:73,0
DA:75,0
DA:77,0
DA:78,0
DA:84,0
DA:85,0
DA:86,0
DA:88,0
DA:89,0
DA:93,0
DA:94,0
DA:95,0
DA:96,0
DA:97,0
DA:98,0
DA:103,0
DA:106,0
DA:110,0
DA:111,0
DA:113,0
DA:115,0
DA:124,0
DA:125,0
DA:126,0
DA:129,0
DA:131,0
DA:134,0
DA:136,0
DA:146,0
DA:147,0
DA:148,0
DA:151,0
DA:152,0
DA:154,0
DA:162,0
DA:163,0
DA:164,0
DA:166,0
DA:177,0
DA:178,0
DA:179,0
DA:181,0
DA:190,0
DA:191,0
DA:192,0
DA:194,0
DA:202,0
DA:203,0
DA:204,0
DA:206,0
DA:215,0
DA:216,0
DA:217,0
DA:219,0
DA:227,0
DA:228,0
DA:229,0
DA:231,0
DA:241,0
DA:242,0
DA:243,0
DA:245,0
DA:246,0
DA:259,0
DA:260,0
DA:267,0
DA:268,0
LF:88
LH:0
BRDA:30,0,0,0
BRDA:37,1,0,0
BRDA:37,1,1,0
BRDA:44,2,0,0
BRDA:44,2,1,0
BRDA:45,3,0,0
BRDA:45,3,1,0
BRDA:46,4,0,0
BRDA:46,4,1,0
BRDA:47,5,0,0
BRDA:47,5,1,0
BRDA:48,6,0,0
BRDA:48,6,1,0
BRDA:67,7,0,0
BRDA:67,7,1,0
BRDA:71,8,0,0
BRDA:71,8,1,0
BRDA:71,9,0,0
BRDA:71,9,1,0
BRDA:96,10,0,0
BRDA:96,10,1,0
BRDA:100,11,0,0
BRDA:100,11,1,0
BRDA:125,12,0,0
BRDA:125,12,1,0
BRDA:146,13,0,0
BRDA:147,14,0,0
BRDA:147,14,1,0
BRDA:148,15,0,0
BRDA:148,15,1,0
BRF:30
BRH:0
end_of_record
TN:
SF:atomic/molecules/firebaseAuth.js
FN:28,(anonymous_0)
FN:43,(anonymous_1)
FN:46,(anonymous_2)
FN:65,(anonymous_3)
FN:78,(anonymous_4)
FN:99,(anonymous_5)
FN:118,(anonymous_6)
FN:137,(anonymous_7)
FN:159,(anonymous_8)
FN:178,(anonymous_9)
FN:197,(anonymous_10)
FN:214,(anonymous_11)
FNF:12
FNH:0
FNDA:0,(anonymous_0)
FNDA:0,(anonymous_1)
FNDA:0,(anonymous_2)
FNDA:0,(anonymous_3)
FNDA:0,(anonymous_4)
FNDA:0,(anonymous_5)
FNDA:0,(anonymous_6)
FNDA:0,(anonymous_7)
FNDA:0,(anonymous_8)
FNDA:0,(anonymous_9)
FNDA:0,(anonymous_10)
FNDA:0,(anonymous_11)
DA:22,0
DA:28,0
DA:29,0
DA:31,0
DA:32,0
DA:33,0
DA:34,0
DA:38,0
DA:41,0
DA:44,0
DA:47,0
DA:51,0
DA:52,0
DA:54,0
DA:55,0
DA:65,0
DA:66,0
DA:67,0
DA:69,0
DA:78,0
DA:79,0
DA:80,0
DA:81,0
DA:84,0
DA:85,0
DA:86,0
DA:88,0
DA:89,0
DA:99,0
DA:100,0
DA:101,0
DA:102,0
DA:105,0
DA:106,0
DA:107,0
DA:109,0
DA:110,0
DA:118,0
DA:119,0
DA:120,0
DA:121,0
DA:124,0
DA:125,0
DA:127,0
DA:128,0
DA:137,0
DA:138,0
DA:139,0
DA:140,0
DA:143,0
DA:144,0
DA:146,0
DA:147,0
DA:159,0
DA:160,0
DA:161,0
DA:164,0
DA:165,0
DA:167,0
DA:168,0
DA:178,0
DA:179,0
DA:180,0
DA:183,0
DA:184,0
DA:186,0
DA:187,0
DA:197,0
DA:198,0
DA:199,0
DA:202,0
DA:203,0
DA:205,0
DA:206,0
DA:214,0
DA:215,0
DA:216,0
DA:217,0
DA:220,0
DA:224,0
LF:80
LH:0
BRDA:32,0,0,0
BRDA:32,0,1,0
BRDA:44,1,0,0
BRDA:44,1,1,0
BRDA:66,2,0,0
BRDA:66,2,1,0
BRDA:80,3,0,0
BRDA:80,3,1,0
BRDA:101,4,0,0
BRDA:101,4,1,0
BRDA:120,5,0,0
BRDA:120,5,1,0
BRDA:139,6,0,0
BRDA:139,6,1,0
BRDA:160,7,0,0
BRDA:160,7,1,0
BRDA:179,8,0,0
BRDA:179,8,1,0
BRDA:198,9,0,0
BRDA:198,9,1,0
BRDA:216,10,0,0
BRDA:216,10,1,0
BRF:22
BRH:0
end_of_record
TN:
SF:atomic/molecules/firebaseFirestore.js
FN:42,(anonymous_0)
FN:57,(anonymous_1)
FN:60,(anonymous_2)
FN:90,(anonymous_3)
FN:105,(anonymous_4)
FN:137,(anonymous_5)
FN:176,(anonymous_6)
FN:207,(anonymous_7)
FN:227,(anonymous_8)
FN:256,(anonymous_9)
FN:273,(anonymous_10)
FN:283,(anonymous_11)
FN:308,(anonymous_12)
FN:326,(anonymous_13)
FN:335,(anonymous_14)
FN:342,(anonymous_15)
FN:364,(anonymous_16)
FN:381,(anonymous_17)
FN:391,(anonymous_18)
FN:410,(anonymous_19)
FN:412,(anonymous_20)
FN:418,(anonymous_21)
FN:435,(anonymous_22)
FN:448,(anonymous_23)
FN:467,(anonymous_24)
FN:486,(anonymous_25)
FN:495,(anonymous_26)
FNF:27
FNH:0
FNDA:0,(anonymous_0)
FNDA:0,(anonymous_1)
FNDA:0,(anonymous_2)
FNDA:0,(anonymous_3)
FNDA:0,(anonymous_4)
FNDA:0,(anonymous_5)
FNDA:0,(anonymous_6)
FNDA:0,(anonymous_7)
FNDA:0,(anonymous_8)
FNDA:0,(anonymous_9)
FNDA:0,(anonymous_10)
FNDA:0,(anonymous_11)
FNDA:0,(anonymous_12)
FNDA:0,(anonymous_13)
FNDA:0,(anonymous_14)
FNDA:0,(anonymous_15)
FNDA:0,(anonymous_16)
FNDA:0,(anonymous_17)
FNDA:0,(anonymous_18)
FNDA:0,(anonymous_19)
FNDA:0,(anonymous_20)
FNDA:0,(anonymous_21)
FNDA:0,(anonymous_22)
FNDA:0,(anonymous_23)
FNDA:0,(anonymous_24)
FNDA:0,(anonymous_25)
FNDA:0,(anonymous_26)
DA:34,0
DA:42,0
DA:43,0
DA:45,0
DA:46,0
DA:47,0
DA:48,0
DA:52,0
DA:55,0
DA:56,0
DA:58,0
DA:61,0
DA:62,0
DA:66,0
DA:67,0
DA:71,0
DA:76,0
DA:77,0
DA:79,0
DA:80,0
DA:90,0
DA:91,0
DA:92,0
DA:94,0
DA:105,0
DA:106,0
DA:107,0
DA:108,0
DA:111,0
DA:112,0
DA:114,0
DA:115,0
DA:116,0
DA:119,0
DA:120,0
DA:122,0
DA:123,0
DA:137,0
DA:143,0
DA:144,0
DA:145,0
DA:148,0
DA:149,0
DA:151,0
DA:152,0
DA:153,0
DA:155,0
DA:158,0
DA:162,0
DA:163,0
DA:176,0
DA:182,0
DA:183,0
DA:184,0
DA:187,0
DA:188,0
DA:190,0
DA:191,0
DA:194,0
DA:196,0
DA:197,0
DA:207,0
DA:208,0
DA:209,0
DA:210,0
DA:213,0
DA:214,0
DA:216,0
DA:217,0
DA:227,0
DA:228,0
DA:229,0
DA:230,0
DA:233,0
DA:234,0
DA:236,0
DA:237,0
DA:239,0
DA:242,0
DA:243,0
DA:256,0
DA:263,0
DA:264,0
DA:265,0
DA:268,0
DA:269,0
DA:272,0
DA:273,0
DA:274,0
DA:275,0
DA:278,0
DA:282,0
DA:283,0
DA:284,0
DA:285,0
DA:287,0
DA:288,0
DA:292,0
DA:296,0
DA:297,0
DA:301,0
DA:302,0
DA:305,0
DA:307,0
DA:308,0
DA:309,0
DA:312,0
DA:314,0
DA:315,0
DA:326,0
DA:327,0
DA:328,0
DA:329,0
DA:332,0
DA:333,0
DA:336,0
DA:337,0
DA:339,0
DA:343,0
DA:344,0
DA:348,0
DA:350,0
DA:351,0
DA:364,0
DA:371,0
DA:372,0
DA:373,0
DA:376,0
DA:377,0
DA:380,0
DA:381,0
DA:382,0
DA:383,0
DA:386,0
DA:390,0
DA:391,0
DA:392,0
DA:393,0
DA:395,0
DA:396,0
DA:400,0
DA:404,0
DA:405,0
DA:408,0
DA:411,0
DA:412,0
DA:413,0
DA:416,0
DA:419,0
DA:420,0
DA:424,0
DA:426,0
DA:427,0
DA:435,0
DA:436,0
DA:437,0
DA:438,0
DA:441,0
DA:448,0
DA:449,0
DA:450,0
DA:451,0
DA:454,0
DA:455,0
DA:456,0
DA:458,0
DA:459,0
DA:467,0
DA:468,0
DA:469,0
DA:470,0
DA:473,0
DA:474,0
DA:475,0
DA:477,0
DA:478,0
DA:486,0
DA:487,0
DA:495,0
DA:496,0
DA:500,0
LF:181
LH:0
BRDA:42,0,0,0
BRDA:46,1,0,0
BRDA:46,1,1,0
BRDA:55,2,0,0
BRDA:55,2,1,0
BRDA:61,3,0,0
BRDA:61,3,1,0
BRDA:66,4,0,0
BRDA:66,4,1,0
BRDA:91,5,0,0
BRDA:91,5,1,0
BRDA:105,6,0,0
BRDA:107,7,0,0
BRDA:107,7,1,0
BRDA:114,8,0,0
BRDA:114,8,1,0
BRDA:141,9,0,0
BRDA:144,10,0,0
BRDA:144,10,1,0
BRDA:151,11,0,0
BRDA:151,11,1,0
BRDA:152,12,0,0
BRDA:152,12,1,0
BRDA:180,13,0,0
BRDA:183,14,0,0
BRDA:183,14,1,0
BRDA:190,15,0,0
BRDA:190,15,1,0
BRDA:209,16,0,0
BRDA:209,16,1,0
BRDA:229,17,0,0
BRDA:229,17,1,0
BRDA:236,18,0,0
BRDA:236,18,1,0
BRDA:258,19,0,0
BRDA:259,20,0,0
BRDA:260,21,0,0
BRDA:261,22,0,0
BRDA:264,23,0,0
BRDA:264,23,1,0
BRDA:272,24,0,0
BRDA:272,24,1,0
BRDA:282,25,0,0
BRDA:282,25,1,0
BRDA:284,26,0,0
BRDA:284,26,1,0
BRDA:296,27,0,0
BRDA:296,27,1,0
BRDA:301,28,0,0
BRDA:301,28,1,0
BRDA:328,29,0,0
BRDA:328,29,1,0
BRDA:336,30,0,0
BRDA:336,30,1,0
BRDA:366,31,0,0
BRDA:367,32,0,0
BRDA:368,33,0,0
BRDA:372,34,0,0
BRDA:372,34,1,0
BRDA:380,35,0,0
BRDA:380,35,1,0
BRDA:390,36,0,0
BRDA:390,36,1,0
BRDA:392,37,0,0
BRDA:392,37,1,0
BRDA:404,38,0,0
BRDA:404,38,1,0
BRDA:437,39,0,0
BRDA:437,39,1,0
BRDA:450,40,0,0
BRDA:450,40,1,0
BRDA:469,41,0,0
BRDA:469,41,1,0
BRF:73
BRH:0
end_of_record
TN:
SF:atomic/molecules/logging.js
FN:72,(anonymous_0)
FN:91,(anonymous_1)
FN:138,(anonymous_2)
FN:185,(anonymous_3)
FN:196,(anonymous_4)
FN:207,(anonymous_5)
FN:218,(anonymous_6)
FN:230,(anonymous_7)
FN:253,(anonymous_8)
FN:272,(anonymous_9)
FN:300,(anonymous_10)
FN:319,(anonymous_11)
FN:338,(anonymous_12)
FN:360,(anonymous_13)
FN:385,(anonymous_14)
FN:406,(anonymous_15)
FN:429,(anonymous_16)
FN:431,(anonymous_17)
FN:432,(anonymous_18)
FN:433,(anonymous_19)
FN:434,(anonymous_20)
FN:435,(anonymous_21)
FN:436,(anonymous_22)
FN:445,(anonymous_23)
FN:455,(anonymous_24)
FN:456,(anonymous_25)
FN:466,(anonymous_26)
FN:477,(anonymous_27)
FN:488,(anonymous_28)
FN:498,(anonymous_29)
FNF:30
FNH:0
FNDA:0,(anonymous_0)
FNDA:0,(anonymous_1)
FNDA:0,(anonymous_2)
FNDA:0,(anonymous_3)
FNDA:0,(anonymous_4)
FNDA:0,(anonymous_5)
FNDA:0,(anonymous_6)
FNDA:0,(anonymous_7)
FNDA:0,(anonymous_8)
FNDA:0,(anonymous_9)
FNDA:0,(anonymous_10)
FNDA:0,(anonymous_11)
FNDA:0,(anonymous_12)
FNDA:0,(anonymous_13)
FNDA:0,(anonymous_14)
FNDA:0,(anonymous_15)
FNDA:0,(anonymous_16)
FNDA:0,(anonymous_17)
FNDA:0,(anonymous_18)
FNDA:0,(anonymous_19)
FNDA:0,(anonymous_20)
FNDA:0,(anonymous_21)
FNDA:0,(anonymous_22)
FNDA:0,(anonymous_23)
FNDA:0,(anonymous_24)
FNDA:0,(anonymous_25)
FNDA:0,(anonymous_26)
FNDA:0,(anonymous_27)
FNDA:0,(anonymous_28)
FNDA:0,(anonymous_29)
DA:16,0
DA:28,0
DA:64,0
DA:72,0
DA:73,0
DA:74,0
DA:78,0
DA:79,0
DA:80,0
DA:91,0
DA:92,0
DA:93,0
DA:95,0
DA:96,0
DA:99,0
DA:100,0
DA:103,0
DA:104,0
DA:108,0
DA:109,0
DA:110,0
DA:111,0
DA:112,0
DA:114,0
DA:117,0
DA:118,0
DA:120,0
DA:121,0
DA:122,0
DA:124,0
DA:126,0
DA:138,0
DA:139,0
DA:141,0
DA:144,0
DA:145,0
DA:149,0
DA:159,0
DA:160,0
DA:164,0
DA:165,0
DA:169,0
DA:170,0
DA:173,0
DA:174,0
DA:185,0
DA:186,0
DA:196,0
DA:197,0
DA:207,0
DA:208,0
DA:218,0
DA:219,0
DA:230,0
DA:232,0
DA:237,0
DA:240,0
DA:241,0
DA:253,0
DA:255,0
DA:260,0
DA:263,0
DA:264,0
DA:272,0
DA:274,0
DA:275,0
DA:278,0
DA:281,0
DA:282,0
DA:284,0
DA:285,0
DA:287,0
DA:288,0
DA:291,0
DA:292,0
DA:300,0
DA:302,0
DA:303,0
DA:307,0
DA:319,0
DA:321,0
DA:324,0
DA:325,0
DA:329,0
DA:330,0
DA:338,0
DA:340,0
DA:341,0
DA:344,0
DA:345,0
DA:348,0
DA:351,0
DA:355,0
DA:356,0
DA:360,0
DA:362,0
DA:364,0
DA:365,0
DA:368,0
DA:371,0
DA:372,0
DA:375,0
DA:385,0
DA:386,0
DA:395,0
DA:396,0
DA:398,0
DA:406,0
DA:407,0
DA:410,0
DA:412,0
DA:414,0
DA:416,0
DA:418,0
DA:420,0
DA:429,0
DA:430,0
DA:431,0
DA:432,0
DA:433,0
DA:434,0
DA:435,0
DA:436,0
DA:445,0
DA:446,0
DA:447,0
DA:455,0
DA:456,0
DA:457,0
DA:466,0
DA:467,0
DA:468,0
DA:477,0
DA:478,0
DA:479,0
DA:488,0
DA:489,0
DA:490,0
DA:498,0
DA:499,0
LF:140
LH:0
BRDA:65,0,0,0
BRDA:65,0,1,0
BRDA:91,1,0,0
BRDA:95,2,0,0
BRDA:95,2,1,0
BRDA:99,3,0,0
BRDA:99,3,1,0
BRDA:103,4,0,0
BRDA:103,4,1,0
BRDA:109,5,0,0
BRDA:109,5,1,0
BRDA:111,6,0,0
BRDA:111,6,1,0
BRDA:141,7,0,0
BRDA:141,7,1,0
BRDA:144,8,0,0
BRDA:144,8,1,0
BRDA:159,9,0,0
BRDA:159,9,1,0
BRDA:164,10,0,0
BRDA:164,10,1,0
BRDA:169,11,0,0
BRDA:169,11,1,0
BRDA:234,12,0,0
BRDA:234,12,1,0
BRDA:240,13,0,0
BRDA:240,13,1,0
BRDA:257,14,0,0
BRDA:257,14,1,0
BRDA:263,15,0,0
BRDA:263,15,1,0
BRDA:278,16,0,0
BRDA:278,16,1,0
BRDA:278,16,2,0
BRDA:278,16,3,0
BRDA:278,16,4,0
BRDA:278,16,5,0
BRDA:302,17,0,0
BRDA:302,17,1,0
BRDA:324,18,0,0
BRDA:324,18,1,0
BRDA:329,19,0,0
BRDA:329,19,1,0
BRDA:329,20,0,0
BRDA:329,20,1,0
BRDA:340,21,0,0
BRDA:340,21,1,0
BRDA:340,22,0,0
BRDA:340,22,1,0
BRDA:355,23,0,0
BRDA:355,23,1,0
BRDA:407,24,0,0
BRDA:407,24,1,0
BRDA:407,24,2,0
BRDA:407,24,3,0
BRDA:407,24,4,0
BRDA:407,24,5,0
BRDA:407,24,6,0
BRDA:446,25,0,0
BRDA:446,25,1,0
BRDA:467,26,0,0
BRDA:467,26,1,0
BRDA:478,27,0,0
BRDA:478,27,1,0
BRDA:489,28,0,0
BRDA:489,28,1,0
BRF:66
BRH:0
end_of_record
TN:
SF:atomic/molecules/performance.js
FN:55,(anonymous_0)
FN:95,(anonymous_1)
FN:102,(anonymous_2)
FN:112,(anonymous_3)
FN:117,(anonymous_4)
FN:131,(anonymous_5)
FN:132,(anonymous_6)
FN:133,(anonymous_7)
FN:134,(anonymous_8)
FN:135,(anonymous_9)
FN:145,(anonymous_10)
FN:157,(anonymous_11)
FN:174,(anonymous_12)
FN:213,(anonymous_13)
FN:244,(anonymous_14)
FN:276,(anonymous_15)
FN:307,(anonymous_16)
FN:335,(anonymous_17)
FN:352,(anonymous_18)
FN:361,(anonymous_19)
FN:378,(anonymous_20)
FN:393,(anonymous_21)
FN:403,(anonymous_22)
FN:419,(anonymous_23)
FNF:24
FNH:0
FNDA:0,(anonymous_0)
FNDA:0,(anonymous_1)
FNDA:0,(anonymous_2)
FNDA:0,(anonymous_3)
FNDA:0,(anonymous_4)
FNDA:0,(anonymous_5)
FNDA:0,(anonymous_6)
FNDA:0,(anonymous_7)
FNDA:0,(anonymous_8)
FNDA:0,(anonymous_9)
FNDA:0,(anonymous_10)
FNDA:0,(anonymous_11)
FNDA:0,(anonymous_12)
FNDA:0,(anonymous_13)
FNDA:0,(anonymous_14)
FNDA:0,(anonymous_15)
FNDA:0,(anonymous_16)
FNDA:0,(anonymous_17)
FNDA:0,(anonymous_18)
FNDA:0,(anonymous_19)
FNDA:0,(anonymous_20)
FNDA:0,(anonymous_21)
FNDA:0,(anonymous_22)
FNDA:0,(anonymous_23)
DA:16,0
DA:46,0
DA:55,0
DA:61,0
DA:62,0
DA:64,0
DA:65,0
DA:66,0
DA:70,0
DA:71,0
DA:72,0
DA:73,0
DA:74,0
DA:77,0
DA:78,0
DA:79,0
DA:81,0
DA:82,0
DA:83,0
DA:84,0
DA:95,0
DA:96,0
DA:98,0
DA:101,0
DA:102,0
DA:103,0
DA:104,0
DA:110,0
DA:113,0
DA:114,0
DA:118,0
DA:119,0
DA:125,0
DA:126,0
DA:127,0
DA:130,0
DA:145,0
DA:146,0
DA:147,0
DA:154,0
DA:157,0
DA:158,0
DA:161,0
DA:162,0
DA:163,0
DA:174,0
DA:175,0
DA:176,0
DA:183,0
DA:184,0
DA:191,0
DA:200,0
DA:202,0
DA:203,0
DA:204,0
DA:213,0
DA:214,0
DA:215,0
DA:222,0
DA:223,0
DA:230,0
DA:232,0
DA:233,0
DA:234,0
DA:244,0
DA:245,0
DA:246,0
DA:253,0
DA:254,0
DA:262,0
DA:264,0
DA:265,0
DA:266,0
DA:276,0
DA:277,0
DA:278,0
DA:285,0
DA:286,0
DA:294,0
DA:296,0
DA:297,0
DA:298,0
DA:307,0
DA:308,0
DA:309,0
DA:315,0
DA:320,0
DA:323,0
DA:325,0
DA:326,0
DA:327,0
DA:335,0
DA:336,0
DA:337,0
DA:342,0
DA:343,0
DA:344,0
DA:352,0
DA:353,0
DA:361,0
DA:362,0
DA:363,0
DA:364,0
DA:367,0
DA:378,0
DA:379,0
DA:380,0
DA:383,0
DA:384,0
DA:387,0
DA:394,0
DA:395,0
DA:398,0
DA:399,0
DA:402,0
DA:403,0
DA:404,0
DA:409,0
DA:412,0
DA:420,0
DA:421,0
LF:121
LH:0
BRDA:56,0,0,0
BRDA:64,1,0,0
BRDA:64,1,1,0
BRDA:70,2,0,0
BRDA:70,2,1,0
BRDA:74,3,0,0
BRDA:74,3,1,0
BRDA:101,4,0,0
BRDA:101,4,1,0
BRDA:101,5,0,0
BRDA:101,5,1,0
BRDA:103,6,0,0
BRDA:103,6,1,0
BRDA:103,7,0,0
BRDA:103,7,1,0
BRDA:103,7,2,0
BRDA:113,8,0,0
BRDA:113,8,1,0
BRDA:113,9,0,0
BRDA:113,9,1,0
BRDA:118,10,0,0
BRDA:118,10,1,0
BRDA:183,11,0,0
BRDA:183,11,1,0
BRDA:222,12,0,0
BRDA:222,12,1,0
BRDA:253,13,0,0
BRDA:253,13,1,0
BRDA:285,14,0,0
BRDA:285,14,1,0
BRDA:383,15,0,0
BRDA:383,15,1,0
BRDA:398,16,0,0
BRDA:398,16,1,0
BRDA:402,17,0,0
BRDA:402,17,1,0
BRDA:420,18,0,0
BRDA:420,18,1,0
BRF:38
BRH:0
end_of_record
TN:
SF:atomic/molecules/themeContext.js
FN:38,(anonymous_0)
FN:39,(anonymous_1)
FN:55,(anonymous_2)
FN:62,(anonymous_3)
FN:100,(anonymous_4)
FN:112,(anonymous_5)
FN:122,(anonymous_6)
FN:134,(anonymous_7)
FNF:8
FNH:0
FNDA:0,(anonymous_0)
FNDA:0,(anonymous_1)
FNDA:0,(anonymous_2)
FNDA:0,(anonymous_3)
FNDA:0,(anonymous_4)
FNDA:0,(anonymous_5)
FNDA:0,(anonymous_6)
FNDA:0,(anonymous_7)
DA:35,0
DA:49,0
DA:55,0
DA:62,0
DA:63,0
DA:65,0
DA:66,0
DA:80,0
DA:100,0
DA:101,0
DA:102,0
DA:104,0
DA:112,0
DA:113,0
DA:122,0
DA:123,0
DA:124,0
DA:134,0
DA:135,0
DA:136,0
DA:138,0
DA:146,0
DA:148,0
DA:149,0
DA:153,0
DA:154,0
DA:159,0
DA:160,0
DA:163,0
DA:164,0
DA:170,0
LF:31
LH:0
BRDA:65,0,0,0
BRDA:65,0,1,0
BRDA:101,1,0,0
BRDA:101,1,1,0
BRDA:102,2,0,0
BRDA:102,2,1,0
BRDA:113,3,0,0
BRDA:113,3,1,0
BRDA:122,4,0,0
BRDA:123,5,0,0
BRDA:123,5,1,0
BRDA:124,6,0,0
BRDA:124,6,1,0
BRDA:134,7,0,0
BRDA:134,8,0,0
BRDA:140,9,0,0
BRDA:140,9,1,0
BRDA:141,10,0,0
BRDA:141,10,1,0
BRDA:148,11,0,0
BRDA:148,11,1,0
BRDA:153,12,0,0
BRDA:153,12,1,0
BRDA:159,13,0,0
BRDA:159,13,1,0
BRDA:163,14,0,0
BRDA:163,14,1,0
BRF:27
BRH:0
end_of_record
TN:
SF:atomic/organisms/environmentBootstrap.js
FN:33,bootstrapEnvironment
FN:140,getEnvironmentStatus
FN:161,initializeEnvironment
FNF:3
FNH:0
FNDA:0,bootstrapEnvironment
FNDA:0,getEnvironmentStatus
FNDA:0,initializeEnvironment
DA:41,0
DA:42,0
DA:46,0
DA:60,0
DA:67,0
DA:68,0
DA:69,0
DA:73,0
DA:81,0
DA:89,0
DA:97,0
DA:105,0
DA:113,0
DA:119,0
DA:122,0
DA:123,0
DA:124,0
DA:126,0
DA:130,0
DA:141,0
DA:162,0
DA:163,0
LF:22
LH:0
BRDA:34,0,0,0
BRDA:41,1,0,0
BRDA:41,1,1,0
BRDA:67,2,0,0
BRDA:67,2,1,0
BRDA:119,3,0,0
BRDA:119,3,1,0
BRDA:122,4,0,0
BRDA:122,4,1,0
BRDA:123,5,0,0
BRDA:123,5,1,0
BRDA:148,6,0,0
BRDA:148,6,1,0
BRDA:161,7,0,0
BRF:14
BRH:0
end_of_record
TN:
SF:atomic/organisms/firebaseService.js
FN:53,(anonymous_0)
FN:155,(anonymous_1)
FN:163,(anonymous_2)
FN:172,(anonymous_3)
FN:181,(anonymous_4)
FN:190,(anonymous_5)
FN:220,(anonymous_6)
FN:231,(anonymous_7)
FN:241,(anonymous_8)
FN:257,(anonymous_9)
FNF:10
FNH:0
FNDA:0,(anonymous_0)
FNDA:0,(anonymous_1)
FNDA:0,(anonymous_2)
FNDA:0,(anonymous_3)
FNDA:0,(anonymous_4)
FNDA:0,(anonymous_5)
FNDA:0,(anonymous_6)
FNDA:0,(anonymous_7)
FNDA:0,(anonymous_8)
FNDA:0,(anonymous_9)
DA:53,0
DA:60,0
DA:68,0
DA:70,0
DA:71,0
DA:74,0
DA:76,0
DA:77,0
DA:78,0
DA:81,0
DA:82,0
DA:86,0
DA:87,0
DA:90,0
DA:92,0
DA:93,0
DA:94,0
DA:95,0
DA:99,0
DA:100,0
DA:103,0
DA:107,0
DA:108,0
DA:109,0
DA:110,0
DA:114,0
DA:116,0
DA:117,0
DA:118,0
DA:120,0
DA:124,0
DA:126,0
DA:127,0
DA:129,0
DA:130,0
DA:133,0
DA:140,0
DA:156,0
DA:164,0
DA:165,0
DA:173,0
DA:174,0
DA:182,0
DA:183,0
DA:191,0
DA:192,0
DA:199,0
DA:221,0
DA:232,0
DA:242,0
DA:243,0
DA:244,0
DA:247,0
DA:258,0
DA:259,0
DA:260,0
DA:263,0
DA:268,0
DA:275,0
LF:59
LH:0
BRDA:54,0,0,0
BRDA:70,1,0,0
BRDA:70,1,1,0
BRDA:76,2,0,0
BRDA:76,2,1,0
BRDA:81,3,0,0
BRDA:81,3,1,0
BRDA:86,4,0,0
BRDA:86,4,1,0
BRDA:92,5,0,0
BRDA:92,5,1,0
BRDA:94,6,0,0
BRDA:94,6,1,0
BRDA:99,7,0,0
BRDA:99,7,1,0
BRDA:107,8,0,0
BRDA:107,8,1,0
BRDA:109,9,0,0
BRDA:109,9,1,0
BRDA:114,10,0,0
BRDA:114,10,1,0
BRDA:114,10,2,0
BRDA:116,11,0,0
BRDA:116,11,1,0
BRDA:117,12,0,0
BRDA:117,12,1,0
BRDA:129,13,0,0
BRDA:129,13,1,0
BRDA:165,14,0,0
BRDA:165,14,1,0
BRDA:174,15,0,0
BRDA:174,15,1,0
BRDA:183,16,0,0
BRDA:183,16,1,0
BRDA:192,17,0,0
BRDA:192,17,1,0
BRDA:241,18,0,0
BRDA:243,19,0,0
BRDA:243,19,1,0
BRDA:257,20,0,0
BRDA:259,21,0,0
BRDA:259,21,1,0
BRF:42
BRH:0
end_of_record
TN:
SF:atomic/organisms/monitoringService.js
FN:93,(anonymous_0)
FN:167,(anonymous_1)
FN:219,(anonymous_2)
FN:243,(anonymous_3)
FN:282,(anonymous_4)
FN:286,(anonymous_5)
FN:287,(anonymous_6)
FN:288,(anonymous_7)
FN:289,(anonymous_8)
FN:290,(anonymous_9)
FN:291,(anonymous_10)
FN:322,(anonymous_11)
FN:331,(anonymous_12)
FN:335,(anonymous_13)
FN:357,(anonymous_14)
FN:358,(anonymous_15)
FN:359,(anonymous_16)
FN:381,(anonymous_17)
FNF:18
FNH:0
FNDA:0,(anonymous_0)
FNDA:0,(anonymous_1)
FNDA:0,(anonymous_2)
FNDA:0,(anonymous_3)
FNDA:0,(anonymous_4)
FNDA:0,(anonymous_5)
FNDA:0,(anonymous_6)
FNDA:0,(anonymous_7)
FNDA:0,(anonymous_8)
FNDA:0,(anonymous_9)
FNDA:0,(anonymous_10)
FNDA:0,(anonymous_11)
FNDA:0,(anonymous_12)
FNDA:0,(anonymous_13)
FNDA:0,(anonymous_14)
FNDA:0,(anonymous_15)
FNDA:0,(anonymous_16)
FNDA:0,(anonymous_17)
DA:93,0
DA:94,0
DA:96,0
DA:104,0
DA:106,0
DA:108,0
DA:109,0
DA:111,0
DA:112,0
DA:116,0
DA:117,0
DA:119,0
DA:120,0
DA:122,0
DA:123,0
DA:126,0
DA:127,0
DA:131,0
DA:132,0
DA:134,0
DA:135,0
DA:137,0
DA:138,0
DA:141,0
DA:142,0
DA:146,0
DA:148,0
DA:149,0
DA:151,0
DA:154,0
DA:156,0
DA:157,0
DA:158,0
DA:159,0
DA:167,0
DA:168,0
DA:169,0
DA:172,0
DA:175,0
DA:177,0
DA:178,0
DA:180,0
DA:181,0
DA:188,0
DA:220,0
DA:221,0
DA:222,0
DA:225,0
DA:226,0
DA:230,0
DA:233,0
DA:244,0
DA:251,0
DA:283,0
DA:285,0
DA:286,0
DA:287,0
DA:288,0
DA:289,0
DA:290,0
DA:291,0
DA:299,0
DA:323,0
DA:325,0
DA:326,0
DA:329,0
DA:330,0
DA:332,0
DA:333,0
DA:336,0
DA:337,0
DA:341,0
DA:342,0
DA:344,0
DA:345,0
DA:358,0
DA:359,0
DA:367,0
DA:382,0
LF:79
LH:0
BRDA:93,0,0,0
BRDA:108,1,0,0
BRDA:108,1,1,0
BRDA:119,2,0,0
BRDA:119,2,1,0
BRDA:134,3,0,0
BRDA:134,3,1,0
BRDA:146,4,0,0
BRDA:146,4,1,0
BRDA:146,4,2,0
BRDA:148,5,0,0
BRDA:148,5,1,0
BRDA:219,6,0,0
BRDA:220,7,0,0
BRDA:220,7,1,0
BRDA:221,8,0,0
BRDA:221,8,1,0
BRDA:222,9,0,0
BRDA:222,9,1,0
BRDA:225,10,0,0
BRDA:225,10,1,0
BRDA:282,11,0,0
BRDA:329,12,0,0
BRDA:329,12,1,0
BRF:24
BRH:0
end_of_record
TN:
SF:atomic/organisms/themeProvider.js
FN:27,(anonymous_0)
FN:39,(anonymous_1)
FN:40,(anonymous_2)
FN:43,(anonymous_3)
FN:44,(anonymous_4)
FN:61,(anonymous_5)
FN:62,(anonymous_6)
FN:79,(anonymous_7)
FN:89,(anonymous_8)
FN:90,(anonymous_9)
FN:103,(anonymous_10)
FN:130,(anonymous_11)
FN:131,(anonymous_12)
FNF:13
FNH:0
FNDA:0,(anonymous_0)
FNDA:0,(anonymous_1)
FNDA:0,(anonymous_2)
FNDA:0,(anonymous_3)
FNDA:0,(anonymous_4)
FNDA:0,(anonymous_5)
FNDA:0,(anonymous_6)
FNDA:0,(anonymous_7)
FNDA:0,(anonymous_8)
FNDA:0,(anonymous_9)
FNDA:0,(anonymous_10)
FNDA:0,(anonymous_11)
FNDA:0,(anonymous_12)
DA:19,0
DA:27,0
DA:29,0
DA:32,0
DA:33,0
DA:36,0
DA:39,0
DA:40,0
DA:43,0
DA:44,0
DA:45,0
DA:46,0
DA:47,0
DA:48,0
DA:51,0
DA:53,0
DA:57,0
DA:61,0
DA:62,0
DA:63,0
DA:64,0
DA:66,0
DA:70,0
DA:71,0
DA:79,0
DA:80,0
DA:81,0
DA:89,0
DA:90,0
DA:91,0
DA:93,0
DA:96,0
DA:102,0
DA:103,0
DA:115,0
DA:116,0
DA:120,0
DA:130,0
DA:131,0
DA:133,0
DA:136,0
DA:140,0
DA:142,0
LF:43
LH:0
BRDA:47,0,0,0
BRDA:47,0,1,0
BRDA:70,1,0,0
BRDA:70,1,1,0
BRDA:80,2,0,0
BRDA:80,2,1,0
BRDA:80,3,0,0
BRDA:80,3,1,0
BRDA:80,3,2,0
BRDA:91,4,0,0
BRDA:91,4,1,0
BRDA:93,5,0,0
BRDA:93,5,1,0
BRDA:96,6,0,0
BRDA:96,6,1,0
BRDA:115,7,0,0
BRDA:115,7,1,0
BRDA:140,8,0,0
BRDA:140,8,1,0
BRDA:140,8,2,0
BRF:20
BRH:0
end_of_record
TN:
SF:atomic/pages/ForgotPasswordPage.js
FN:21,(anonymous_0)
FN:37,(anonymous_1)
FN:64,(anonymous_2)
FN:72,(anonymous_3)
FN:120,(anonymous_4)
FNF:5
FNH:0
FNDA:0,(anonymous_0)
FNDA:0,(anonymous_1)
FNDA:0,(anonymous_2)
FNDA:0,(anonymous_3)
FNDA:0,(anonymous_4)
DA:21,0
DA:23,0
DA:26,0
DA:29,0
DA:30,0
DA:31,0
DA:32,0
DA:37,0
DA:39,0
DA:40,0
DA:42,0
DA:44,0
DA:47,0
DA:50,0
DA:53,0
DA:56,0
DA:59,0
DA:64,0
DA:65,0
DA:72,0
DA:73,0
DA:120,0
DA:130,0
DA:142,0
LF:24
LH:0
BRDA:56,0,0,0
BRDA:56,0,1,0
BRDA:75,1,0,0
BRDA:75,1,1,0
BRDA:82,2,0,0
BRDA:82,2,1,0
BRDA:114,3,0,0
BRDA:114,3,1,0
BRF:8
BRH:0
end_of_record
TN:
SF:atomic/pages/HomePage.js
FN:27,(anonymous_0)
FN:48,(anonymous_1)
FN:66,(anonymous_2)
FN:76,(anonymous_3)
FN:77,(anonymous_4)
FN:129,(anonymous_5)
FN:135,(anonymous_6)
FN:148,(anonymous_7)
FN:164,(anonymous_8)
FNF:9
FNH:0
FNDA:0,(anonymous_0)
FNDA:0,(anonymous_1)
FNDA:0,(anonymous_2)
FNDA:0,(anonymous_3)
FNDA:0,(anonymous_4)
FNDA:0,(anonymous_5)
FNDA:0,(anonymous_6)
FNDA:0,(anonymous_7)
FNDA:0,(anonymous_8)
DA:22,0
DA:27,0
DA:28,0
DA:30,0
DA:48,0
DA:49,0
DA:51,0
DA:66,0
DA:68,0
DA:71,0
DA:72,0
DA:73,0
DA:76,0
DA:77,0
DA:79,0
DA:84,0
DA:86,0
DA:88,0
DA:89,0
DA:92,0
DA:93,0
DA:97,0
DA:100,0
DA:101,0
DA:104,0
DA:105,0
DA:108,0
DA:111,0
DA:114,0
DA:117,0
DA:119,0
DA:123,0
DA:126,0
DA:129,0
DA:130,0
DA:135,0
DA:136,0
DA:137,0
DA:138,0
DA:142,0
DA:143,0
DA:148,0
DA:149,0
DA:150,0
DA:158,0
DA:159,0
DA:164,0
DA:172,0
DA:173,0
DA:211,0
DA:215,0
DA:227,0
LF:52
LH:0
BRDA:38,0,0,0
BRDA:38,0,1,0
BRDA:88,1,0,0
BRDA:88,1,1,0
BRDA:101,2,0,0
BRDA:101,2,1,0
BRDA:149,3,0,0
BRDA:149,3,1,0
BRDA:158,4,0,0
BRDA:158,4,1,0
BRDA:172,5,0,0
BRDA:172,5,1,0
BRDA:177,6,0,0
BRDA:177,6,1,0
BRF:14
BRH:0
end_of_record
TN:
SF:atomic/pages/LoginScreen.js
FN:23,(anonymous_0)
FN:44,(anonymous_1)
FN:46,(anonymous_2)
FN:59,(anonymous_3)
FN:75,(anonymous_4)
FN:134,(anonymous_5)
FN:174,(anonymous_6)
FN:188,(anonymous_7)
FN:196,(anonymous_8)
FN:268,(anonymous_9)
FNF:10
FNH:0
FNDA:0,(anonymous_0)
FNDA:0,(anonymous_1)
FNDA:0,(anonymous_2)
FNDA:0,(anonymous_3)
FNDA:0,(anonymous_4)
FNDA:0,(anonymous_5)
FNDA:0,(anonymous_6)
FNDA:0,(anonymous_7)
FNDA:0,(anonymous_8)
FNDA:0,(anonymous_9)
DA:23,0
DA:25,0
DA:28,0
DA:31,0
DA:34,0
DA:35,0
DA:36,0
DA:37,0
DA:38,0
DA:41,0
DA:44,0
DA:45,0
DA:46,0
DA:47,0
DA:48,0
DA:49,0
DA:50,0
DA:54,0
DA:59,0
DA:60,0
DA:61,0
DA:62,0
DA:63,0
DA:65,0
DA:68,0
DA:69,0
DA:75,0
DA:77,0
DA:78,0
DA:79,0
DA:82,0
DA:83,0
DA:84,0
DA:88,0
DA:89,0
DA:90,0
DA:91,0
DA:94,0
DA:95,0
DA:96,0
DA:97,0
DA:98,0
DA:102,0
DA:103,0
DA:104,0
DA:105,0
DA:109,0
DA:113,0
DA:116,0
DA:117,0
DA:118,0
DA:119,0
DA:120,0
DA:121,0
DA:124,0
DA:125,0
DA:127,0
DA:134,0
DA:136,0
DA:137,0
DA:138,0
DA:141,0
DA:142,0
DA:143,0
DA:146,0
DA:147,0
DA:148,0
DA:149,0
DA:150,0
DA:153,0
DA:156,0
DA:157,0
DA:158,0
DA:159,0
DA:160,0
DA:161,0
DA:162,0
DA:163,0
DA:166,0
DA:167,0
DA:169,0
DA:174,0
DA:175,0
DA:188,0
DA:196,0
DA:268,0
DA:287,0
DA:298,0
LF:88
LH:0
BRDA:45,0,0,0
BRDA:45,0,1,0
BRDA:45,1,0,0
BRDA:45,1,1,0
BRDA:48,2,0,0
BRDA:48,2,1,0
BRDA:61,3,0,0
BRDA:61,3,1,0
BRDA:77,4,0,0
BRDA:77,4,1,0
BRDA:82,5,0,0
BRDA:82,5,1,0
BRDA:89,6,0,0
BRDA:89,6,1,0
BRDA:103,7,0,0
BRDA:103,7,1,0
BRDA:104,8,0,0
BRDA:104,8,1,0
BRDA:116,9,0,0
BRDA:116,9,1,0
BRDA:118,10,0,0
BRDA:118,10,1,0
BRDA:120,11,0,0
BRDA:120,11,1,0
BRDA:136,12,0,0
BRDA:136,12,1,0
BRDA:141,13,0,0
BRDA:141,13,1,0
BRDA:156,14,0,0
BRDA:156,14,1,0
BRDA:156,15,0,0
BRDA:156,15,1,0
BRDA:158,16,0,0
BRDA:158,16,1,0
BRDA:160,17,0,0
BRDA:160,17,1,0
BRDA:162,18,0,0
BRDA:162,18,1,0
BRDA:177,19,0,0
BRDA:177,19,1,0
BRDA:254,20,0,0
BRDA:254,20,1,0
BRDA:264,21,0,0
BRDA:264,21,1,0
BRF:44
BRH:0
end_of_record
TN:
SF:atomic/pages/SignupPage.js
FN:21,(anonymous_0)
FN:38,(anonymous_1)
FN:70,(anonymous_2)
FN:78,(anonymous_3)
FN:155,(anonymous_4)
FNF:5
FNH:0
FNDA:0,(anonymous_0)
FNDA:0,(anonymous_1)
FNDA:0,(anonymous_2)
FNDA:0,(anonymous_3)
FNDA:0,(anonymous_4)
DA:21,0
DA:23,0
DA:26,0
DA:29,0
DA:30,0
DA:31,0
DA:32,0
DA:33,0
DA:38,0
DA:40,0
DA:43,0
DA:44,0
DA:45,0
DA:48,0
DA:50,0
DA:53,0
DA:56,0
DA:59,0
DA:62,0
DA:65,0
DA:70,0
DA:71,0
DA:78,0
DA:79,0
DA:155,0
DA:165,0
DA:177,0
LF:27
LH:0
BRDA:43,0,0,0
BRDA:43,0,1,0
BRDA:62,1,0,0
BRDA:62,1,1,0
BRDA:81,2,0,0
BRDA:81,2,1,0
BRDA:149,3,0,0
BRDA:149,3,1,0
BRF:8
BRH:0
end_of_record
TN:
SF:atomic/templates/MainLayout.js
FN:30,(anonymous_0)
FN:64,(anonymous_1)
FNF:2
FNH:2
FNDA:4,(anonymous_0)
FNDA:4,(anonymous_1)
DA:30,1
DA:41,4
DA:45,4
DA:54,4
DA:64,4
DA:66,4
DA:69,4
DA:70,4
DA:77,0
DA:82,4
DA:97,4
DA:98,4
DA:105,0
DA:109,1
LF:14
LH:12
BRDA:34,0,0,4
BRDA:37,1,0,4
BRDA:38,2,0,4
BRDA:45,3,0,4
BRDA:45,3,1,0
BRDA:46,4,0,0
BRDA:46,4,1,4
BRDA:49,5,0,0
BRDA:49,5,1,0
BRDA:69,6,0,4
BRDA:69,6,1,0
BRDA:86,7,0,4
BRDA:86,7,1,2
BRDA:92,8,0,4
BRDA:92,8,1,2
BRDA:97,9,0,4
BRDA:97,9,1,0
BRF:17
BRH:11
end_of_record
